[check] ==========================================
[check] SGL Nightly Docker Image Availability Check
[check] ==========================================
[check] Run Date/Time: 2025-10-29 09:00:01 PDT
[check] Machine: dell300x-pla-t10-23
[check] Repository: rocm/sgl-dev
[check] Hardware types: mi30x mi35x
[check] Checking images for date: 20251029

[check] Searching for mi30x image (discovering ROCM version)... found, verifying... ✓ AVAILABLE
[check]   Image: rocm/sgl-dev:v0.5.4.post1-rocm700-mi30x-20251029
[check] Searching for mi35x image (discovering ROCM version)... found, verifying... ✓ AVAILABLE
[check]   Image: rocm/sgl-dev:v0.5.4.post1-rocm700-mi35x-20251029

[check] ==========================================
[check] Summary
[check] ==========================================
[check] Total images checked: 2
[check] Available images: 2
[check] Missing images: 0

[check] ✓ All expected images are available!
[check] Warning: Teams alert script not found at scripts/team_alert/send_docker_image_alert.py
