[system-cleanup] ==========================================
[system-cleanup] Docker & GPU Core Cleanup Script Started
[system-cleanup] Date: 2025-12-17 09:30:01 CST
[system-cleanup] Cleanup Docker images older than: 7 days
[system-cleanup] Cleanup GPU core dumps: ALL files
[system-cleanup] GPU core search directory: /mnt/raid/michael/sglang-ci
[system-cleanup] Critical space threshold: 200 GB
[system-cleanup] Dry run mode: false
[system-cleanup] ==========================================
[system-cleanup] Initial disk usage: 57% (180G free)
[system-cleanup] Initial free space: 180 GB
[system-cleanup] ❌ CRITICAL: Free space (180 GB) is below threshold (200 GB)!
[system-cleanup] ⚠️  Switching to AGGRESSIVE cleanup mode
[system-cleanup] Step 1: Removing stopped Docker containers...
[system-cleanup] No stopped containers found
[system-cleanup] ⚠️  Using aggressive cleanup: removing images older than 3 days
[system-cleanup] Step 2: Removing old sgl-dev images (older than 3 days)...
[system-cleanup] ✅ Removed: rocm/sgl-dev:v0.5.6.post2-rocm700-mi30x-20251214
[system-cleanup] Processed old sgl-dev images: 1 removed, 2 kept/skipped
[system-cleanup] Step 3: Removing dangling images and unused data...
[system-cleanup] ✅ Cleaned up dangling images
[system-cleanup] Step 4: Removing old GPU core dump files (gpucore.*)...
[system-cleanup] ⚠️  Using aggressive cleanup: removing ALL GPU core dumps
[system-cleanup] No old GPU core dump files found
[system-cleanup] ⚠️  Additional cleanup needed - Free: 180 GB, Usage: 57%
[system-cleanup] Removing all unused Docker images older than 3 days...
[system-cleanup] ✅ Pruned additional images: Total reclaimed space: 0B
[system-cleanup] ❌ WARNING: Space still critically low after cleanup (180 GB free)
[system-cleanup] ==========================================
[system-cleanup] ✅ Docker Cleanup Complete
[system-cleanup] Initial disk usage: 57% (180G free) (180 GB free)
[system-cleanup] Final disk usage: 57% (180G free) (180 GB free)
[system-cleanup] Space freed: 0 GB
[system-cleanup] Date: 2025-12-17 09:30:07 CST
[system-cleanup] ==========================================
[system-cleanup] Docker disk usage summary:
TYPE            TOTAL     ACTIVE    SIZE      RECLAIMABLE
Images          3         2         72.22GB   55.33GB (76%)
Containers      2         2         1.141GB   0B (0%)
Local Volumes   4         0         0B        0B
Build Cache     0         0         0B        0B
[system-cleanup] ⚠️  Cleanup completed but space is still below threshold
