[nightly] ==========================================
[nightly] SGL Nightly Benchmark Started
[nightly] ==========================================
[nightly] Command: scripts/perf_nightly.sh --model=grok --model-path=/mnt/raid/models/huggingface/amd--grok-1-W4A8KV8 --mode=online --hardware=mi35x
[nightly] Start time: 2025-11-03 15:45:01 PST
[nightly] Machine: smci355-ccs-aus-m15-21.cs-aus.dcgpu
[nightly] Working directory: /mnt/raid/michael/sglang-ci
[nightly] Script location: /mnt/raid/michael/sglang-ci/scripts/perf_nightly.sh
[nightly] Process ID: 2566080
[nightly] ==========================================

[nightly] Runtime Environment:
[nightly] User: root | Groups: root video render... | Docker: /usr/bin/docker
[nightly] Testing Docker daemon access...
[nightly] Docker daemon accessible - proceeding...
[nightly] INFO: Ignoring Teams webhook URL from environment (require --teams-webhook-url)
[nightly] Custom model path provided: /mnt/raid/models/huggingface/amd--grok-1-W4A8KV8
[nightly] Hardware: mi35x, ROCM Version: rocm700
[nightly] Model: grok, Mode(s): online
[nightly] Created process lock: /tmp/perf_nightly_grok.lock
[nightly] GPU is busy. Attempting to stop running Docker containers...
[nightly] Stopping running containers: dc09ecb5ed82
fb927ee3d4c1
