[nightly] ==========================================
[nightly] SGL Nightly Benchmark Started
[nightly] ==========================================
[nightly] Command: scripts/perf_nightly.sh --model=grok2 --model-path=/data/grok-2 --tokenizer-path=/data/alvarobartt--grok-2-tokenizer --mode=online --hardware=mi35x --teams-webhook-url=https://prod-99.westus.logic.azure.com/workflows/44b23afb37e74288b6b006c60bbe65b2/triggers/manual/paths/invoke?api-version=2016-06-01&sp=%2Ftriggers%2Fmanual%2Frun&sv=1.0&sig=ucbP9AJ9WeZtxe95Wmi8TfLUjiEo0AZSZP4Y_cNgWS0
[nightly] Start time: 2025-12-06 14:00:02 PST
[nightly] Machine: smci355-ccs-aus-m12-33
[nightly] Working directory: /mnt/raid/michael/sglang-ci
[nightly] Script location: /mnt/raid/michael/sglang-ci/scripts/perf_nightly.sh
[nightly] Process ID: 1161654
[nightly] ==========================================

[nightly] Runtime Environment:
[nightly] User: michaezh | Groups: michaezh sudo docker... | Docker: /usr/bin/docker
[nightly] Testing Docker daemon access...
[nightly] Docker daemon accessible - proceeding...
[nightly] Teams webhook URL provided via command line - notifications enabled
[nightly] Custom model path provided: /data/grok-2
[nightly] Custom tokenizer path provided: /data/alvarobartt--grok-2-tokenizer
[nightly] Using rocm700 for grok2 on mi35x hardware
[nightly] Hardware: mi35x, ROCM Version: rocm700
[nightly] Model: grok2, Mode(s): online
[nightly] Created process lock: /tmp/perf_nightly_grok2.lock
[nightly] GPU is busy. Attempting to stop running Docker containers...
[nightly] Stopping running containers: 856da7ce6753
[nightly] Waiting 15s for GPU to become idle...
[nightly] WARN: GPU may still be busy, but proceeding as requested.
[nightly] Searching for non-SRT images for grok2 for the last 1 days...
[nightly] Searching for non-SRT mi35x image (rocm700) in 'rocm/sgl-dev' for date 20251206...
[nightly] Found candidate tag for day -0: v0.5.6-rocm700-mi35x-20251206
[nightly] Found local image: rocm/sgl-dev:v0.5.6-rocm700-mi35x-20251206
[nightly] Successfully obtained image for date 20251206: rocm/sgl-dev:v0.5.6-rocm700-mi35x-20251206
[nightly] Found 1 valid image(s) to run benchmarks on:
[nightly]   - rocm/sgl-dev:v0.5.6-rocm700-mi35x-20251206

[nightly] ==========================================
[nightly] Starting benchmarks for image: rocm/sgl-dev:v0.5.6-rocm700-mi35x-20251206
[nightly] ==========================================
[nightly] Checking GPU status before starting benchmarks for rocm/sgl-dev:v0.5.6-rocm700-mi35x-20251206...
[nightly] GPU is busy. Attempting to stop running Docker containers...
[nightly] Stopping running containers: 47ab0b63b397
[nightly] Waiting 15s for GPU to become idle...
[nightly] WARN: GPU may still be busy, but proceeding as requested.
[nightly] INFO: Found 0/15 completed runs for rocm/sgl-dev:v0.5.6-rocm700-mi35x-20251206 (online). Proceeding with benchmarks.
[nightly] Using Docker image: rocm/sgl-dev:v0.5.6-rocm700-mi35x-20251206
[nightly] Container name: sgl-dev_v0.5.6-rocm700-mi35x-20251206
[nightly] Reusing container sgl-dev_v0.5.6-rocm700-mi35x-20251206
[nightly] === Starting benchmark execution ===
[nightly] === Starting nightly GROK2 online benchmark ===
[nightly] Launching grok_perf_online_csv.sh inside sgl-dev_v0.5.6-rocm700-mi35x-20251206
[nightly] Adding --model-type=grok2 flag for Grok 2 benchmark
[nightly] Adding --tokenizer='/data/alvarobartt--grok-2-tokenizer' flag for Grok 2 benchmark
[online] Using Grok 2 configuration
[online] Using default Grok 2 tokenizer: /data/alvarobartt--grok-2-tokenizer
[online] Script started at: 2025-12-06 14:00:34 PST
[online] MI355 hardware detected - CSV will use request rates: 1 2 4 8 (excluding 16)
Scanning existing logs to check if all benchmarks are already complete...
Checking GSM8K log status...
Missing: GSM8K log file (/mnt/raid/michael/sglang-ci/online/GROK2/v0.5.6-rocm700-mi35x-20251206_GROK2_FP8_online/sglang_client_log_GROK2_gsm8k_aiter.log)
Checking client benchmark logs...
Scan complete: 0/4 client benchmark runs are complete.
❌ Missing or incomplete client benchmark runs.
❌ GSM8K benchmark is missing, empty, or incomplete.
Server startup required.
Starting benchmarks using aiter backend...
[online] Using Grok2 environment: HSA_ENABLE_COREDUMP=0 RCCL_MSCCL_ENABLE=0 SGLANG_USE_AITER=1 SGLANG_INT4_WEIGHT=0
[online] Launching backend=aiter for grok2
[online] Waiting for server to be ready (timeout: 600s)...
[online] Still waiting... (10s elapsed)
[online] Still waiting... (20s elapsed)
[online] Still waiting... (30s elapsed)
[online] Still waiting... (40s elapsed)
[online] Still waiting... (50s elapsed)
[online] Still waiting... (60s elapsed)
[online] Still waiting... (70s elapsed)
[online] Still waiting... (80s elapsed)
[online] Still waiting... (90s elapsed)
[online] Still waiting... (100s elapsed)
[online] Still waiting... (110s elapsed)
[online] Still waiting... (120s elapsed)
[online] Still waiting... (130s elapsed)
[online] Still waiting... (140s elapsed)
[online] Still waiting... (150s elapsed)
[online] Still waiting... (160s elapsed)
[online] Still waiting... (170s elapsed)
[online] Still waiting... (180s elapsed)
[online] Still waiting... (190s elapsed)
[online] Still waiting... (200s elapsed)
[online] Still waiting... (210s elapsed)
[online] Still waiting... (220s elapsed)
[online] Still waiting... (230s elapsed)
[online] Still waiting... (240s elapsed)
[online] Still waiting... (250s elapsed)
[online] Still waiting... (260s elapsed)
[online] Still waiting... (270s elapsed)
[online] Still waiting... (280s elapsed)
[online] Still waiting... (290s elapsed)
[online] Still waiting... (300s elapsed)
[online] Still waiting... (310s elapsed)
[online] Still waiting... (320s elapsed)
[online] Still waiting... (330s elapsed)
[online] Still waiting... (340s elapsed)
[online] Still waiting... (350s elapsed)
[online] Still waiting... (360s elapsed)
[online] Still waiting... (370s elapsed)
[online] Still waiting... (380s elapsed)
[online] Still waiting... (390s elapsed)
[online] Still waiting... (400s elapsed)
[online] Still waiting... (410s elapsed)
[online] Still waiting... (420s elapsed)
[online] Still waiting... (430s elapsed)
[online] Still waiting... (440s elapsed)
[online] Still waiting... (450s elapsed)
[online] Still waiting... (460s elapsed)
[online] Still waiting... (470s elapsed)
[online] Still waiting... (480s elapsed)
[online] Still waiting... (490s elapsed)
[online] Still waiting... (500s elapsed)
[online] Still waiting... (510s elapsed)
[online] Still waiting... (520s elapsed)
[online] Still waiting... (530s elapsed)
[online] Still waiting... (540s elapsed)
[online] Still waiting... (550s elapsed)
[online] Still waiting... (560s elapsed)
[online] Still waiting... (570s elapsed)
[online] Still waiting... (580s elapsed)
[online] Still waiting... (590s elapsed)
[online] ERROR: Server failed to start within 600 seconds
[online] Last 50 lines of server log:
[2025-12-06 14:00:52 TP2] Ignore import error when loading sglang.srt.models.mindspore: name 'ms' is not defined
[2025-12-06 14:00:52 TP2] Ignore import error when loading sglang.srt.models.mistral_large_3_eagle: No module named 'python'
[2025-12-06 14:00:52 TP4] Load weight begin. avail mem=284.86 GB
[2025-12-06 14:00:52 TP3] Load weight begin. avail mem=284.74 GB
[2025-12-06 14:00:52 TP1] Load weight begin. avail mem=285.17 GB
[2025-12-06 14:00:52 TP6] Load weight begin. avail mem=284.86 GB
[2025-12-06 14:00:52 TP7] Load weight begin. avail mem=284.86 GB
[2025-12-06 14:00:52 TP5] Load weight begin. avail mem=284.80 GB
[2025-12-06 14:00:52 TP0] Load weight begin. avail mem=284.74 GB
[2025-12-06 14:00:52 TP2] Load weight begin. avail mem=284.74 GB
Loading safetensors checkpoint shards:   0% Completed | 0/18 [00:00<?, ?it/s]
Loading safetensors checkpoint shards:   6% Completed | 1/18 [00:05<01:31,  5.40s/it]
Loading safetensors checkpoint shards:  11% Completed | 2/18 [00:21<03:03, 11.48s/it]
Loading safetensors checkpoint shards:  17% Completed | 3/18 [00:26<02:11,  8.80s/it]
Loading safetensors checkpoint shards:  22% Completed | 4/18 [00:28<01:23,  5.94s/it]
Loading safetensors checkpoint shards:  44% Completed | 8/18 [00:29<00:19,  1.95s/it]
Loading safetensors checkpoint shards:  50% Completed | 9/18 [00:29<00:14,  1.63s/it]
Loading safetensors checkpoint shards:  67% Completed | 12/18 [00:33<00:09,  1.52s/it]
[2025-12-06 14:01:27 TP1] #all_names: 963, #hit_names: 707, #missing_exclude_scales: 0
[2025-12-06 14:01:27 TP2] #all_names: 963, #hit_names: 707, #missing_exclude_scales: 0
Loading safetensors checkpoint shards:  72% Completed | 13/18 [00:34<00:07,  1.48s/it]
[aiter] waiting for baton release at /sgl-workspace/aiter/aiter/jit/build/lock_module_quant
[2025-12-06 14:01:28 TP1] waiting for baton release at /sgl-workspace/aiter/aiter/jit/build/lock_module_quant
[aiter] waiting for baton release at /sgl-workspace/aiter/aiter/jit/build/lock_module_quant
[2025-12-06 14:01:28 TP2] waiting for baton release at /sgl-workspace/aiter/aiter/jit/build/lock_module_quant
[2025-12-06 14:01:29 TP3] #all_names: 963, #hit_names: 707, #missing_exclude_scales: 0
Loading safetensors checkpoint shards:  78% Completed | 14/18 [00:36<00:06,  1.56s/it]
[aiter] waiting for baton release at /sgl-workspace/aiter/aiter/jit/build/lock_module_quant
[2025-12-06 14:01:30 TP3] waiting for baton release at /sgl-workspace/aiter/aiter/jit/build/lock_module_quant
Loading safetensors checkpoint shards:  83% Completed | 15/18 [00:37<00:03,  1.30s/it]
Loading safetensors checkpoint shards:  89% Completed | 16/18 [00:38<00:02,  1.24s/it]
Loading safetensors checkpoint shards:  94% Completed | 17/18 [00:38<00:01,  1.01s/it]
Loading safetensors checkpoint shards: 100% Completed | 18/18 [00:39<00:00,  1.01it/s]
Loading safetensors checkpoint shards: 100% Completed | 18/18 [00:39<00:00,  2.19s/it]

[2025-12-06 14:01:32 TP0] #all_names: 963, #hit_names: 707, #missing_exclude_scales: 0
[aiter] waiting for baton release at /sgl-workspace/aiter/aiter/jit/build/lock_module_quant
[2025-12-06 14:01:33 TP0] waiting for baton release at /sgl-workspace/aiter/aiter/jit/build/lock_module_quant
[2025-12-06 14:01:36 TP7] #all_names: 963, #hit_names: 707, #missing_exclude_scales: 0
[2025-12-06 14:01:37 TP5] #all_names: 963, #hit_names: 707, #missing_exclude_scales: 0
[2025-12-06 14:01:37 TP6] #all_names: 963, #hit_names: 707, #missing_exclude_scales: 0
[aiter] waiting for baton release at /sgl-workspace/aiter/aiter/jit/build/lock_module_quant
[2025-12-06 14:01:37 TP7] waiting for baton release at /sgl-workspace/aiter/aiter/jit/build/lock_module_quant
[2025-12-06 14:01:37 TP4] #all_names: 963, #hit_names: 707, #missing_exclude_scales: 0
[aiter] waiting for baton release at /sgl-workspace/aiter/aiter/jit/build/lock_module_quant
[2025-12-06 14:01:37 TP6] waiting for baton release at /sgl-workspace/aiter/aiter/jit/build/lock_module_quant
[aiter] waiting for baton release at /sgl-workspace/aiter/aiter/jit/build/lock_module_quant
[2025-12-06 14:01:37 TP5] waiting for baton release at /sgl-workspace/aiter/aiter/jit/build/lock_module_quant
[aiter] waiting for baton release at /sgl-workspace/aiter/aiter/jit/build/lock_module_quant
[2025-12-06 14:01:38 TP4] waiting for baton release at /sgl-workspace/aiter/aiter/jit/build/lock_module_quant
[nightly] === Online benchmark dispatched for GROK2; check logs in sgl-dev_v0.5.6-rocm700-mi35x-20251206 ===
[nightly] === Starting post-processing (CSV processing, plot generation, Teams notifications) ===
[nightly] Processing online CSV data and generating plots... Logs will be saved to /mnt/raid/michael/sglang-ci/online/GROK2/v0.5.6-rocm700-mi35x-20251206_GROK2_FP8_online/process_and_generate_online_plots.log
[nightly] Using plot date from image tag: 20251206
[nightly] MI355 hardware detected for grok2 - using request rates [1, 2, 4, 8] (excluding 16)
[nightly] Sending Teams notification for grok2 online plots...
[nightly] Adding benchmark date to Teams notification: 20251206
[nightly] Teams notification using plot directory: /mnt/raid/michael/sglang-ci/plots_server
[nightly] Using GitHub upload for plot images (repo: ROCm/sglang-ci)
[nightly] Images will be stored in main branch with structure: plot/mi35x/model/mode/filename.png
[nightly] Including intelligent analysis (7 days lookback)
🐙 GitHub upload mode: Images will be uploaded to ROCm/sglang-ci
🐙 GitHub upload mode: Images will be uploaded to GitHub and embedded in Teams
📁 Plot directory: /mnt/raid/michael/sglang-ci/plots_server
🗂️  Benchmark directory: /mnt/raid/michael/sglang-ci
   🔍 Uploading 20251206_GROK2_online_standard.png to GitHub...
   📋 Log branch already exists
   📄 Creating new file: plot/mi35x/GROK2/online/20251206_GROK2_online_standard.png
   ✅ Uploaded to GitHub (log branch): 20251206_GROK2_online_standard.png
   🔗 GitHub URL: https://github.com/ROCm/sglang-ci/blob/log/plot/mi35x/GROK2/online/20251206_GROK2_online_standard.png
🔍 Discovered 1 plot file(s) for grok2 online
   - 20251206_GROK2_online_standard.png -> ✅ uploaded to GitHub
🔍 Analyzing benchmark results for accuracy and performance...
   Found timing_summary log for grok2 online on 20251206: timing_summary_20251206_140034.log
   Found timing_summary log for grok2 online on 20251206: timing_summary_20251206_140034.log
   Found timing_summary log for grok2 online on 20251206: timing_summary_20251206_140034.log
   Found timing_summary log for grok2 online on 20251206: timing_summary_20251206_140034.log
🔍 Sending adaptive card with 1 image(s) hosted on GitHub
📊 Total payload size: 0.00MB
   📷 Image URL: https://github.com/ROCm/sglang-ci/blob/log/plot/mi35x/GROK2/online/20251206_GROK2_online_standard.png
   💾 Debug: Card JSON saved to /tmp/teams_card_debug.json
✅ Successfully sent Teams notification for grok2 online plots
   (Power Automate flow accepted - message processing asynchronously)
🎉 Teams notification sent successfully! (with intelligent analysis)
[nightly] Teams notification sent successfully for grok2 online
[nightly] === Online post-processing completed for GROK2 ===
[nightly] ==========================================
[nightly] Completed benchmarks for image: rocm/sgl-dev:v0.5.6-rocm700-mi35x-20251206
[nightly] Stopping container sgl-dev_v0.5.6-rocm700-mi35x-20251206 to release resources...
[nightly] ==========================================
[nightly] ==========================================
[nightly] All benchmarks completed for 1 image(s)
[nightly] ==========================================
[nightly] Cleaning up process lock...
