[nightly] ==========================================
[nightly] SGL Nightly Benchmark Started
[nightly] ==========================================
[nightly] Command: scripts/perf_nightly.sh --mode=sanity --hardware=mi35x --sanity-trials=3 --teams-webhook-url=https://prod-99.westus.logic.azure.com/workflows/44b23afb37e74288b6b006c60bbe65b2/triggers/manual/paths/invoke?api-version=2016-06-01&sp=%2Ftriggers%2Fmanual%2Frun&sv=1.0&sig=ucbP9AJ9WeZtxe95Wmi8TfLUjiEo0AZSZP4Y_cNgWS0
[nightly] Start time: 2025-12-09 10:54:04 PST
[nightly] Machine: smci355-ccs-aus-m12-33
[nightly] Working directory: /mnt/raid/michael/sglang-ci
[nightly] Script location: /mnt/raid/michael/sglang-ci/scripts/perf_nightly.sh
[nightly] Process ID: 264858
[nightly] ==========================================

[nightly] Runtime Environment:
[nightly] User: michaezh | Groups: michaezh sudo video... | Docker: /usr/bin/docker
[nightly] Testing Docker daemon access...
[nightly] Docker daemon accessible - proceeding...
[nightly] Teams webhook URL provided via command line - notifications enabled
[nightly] Will run 3 trials per model for sanity check
[nightly] Hardware: mi35x, ROCM Version: rocm700
[nightly] Mode is 'sanity', setting model to 'sanity' as well
[nightly] Model: sanity, Mode(s): sanity
[nightly] Created process lock: /tmp/perf_nightly_sanity.lock
[nightly] GPU is busy. Attempting to stop running Docker containers...
[nightly] Stopping running containers: b1aa4baeaed6
[nightly] Waiting 15s for GPU to become idle...
[nightly] WARN: GPU may still be busy, but proceeding as requested.
[nightly] Searching for non-SRT images for sanity for the last 1 days...
[nightly] Searching for non-SRT mi35x image (rocm700) in 'rocm/sgl-dev' for date 20251209...
[nightly] Found candidate tag for day -0: v0.5.6.post1-rocm700-mi35x-20251209
[nightly] Found local image: rocm/sgl-dev:v0.5.6.post1-rocm700-mi35x-20251209
[nightly] Successfully obtained image for date 20251209: rocm/sgl-dev:v0.5.6.post1-rocm700-mi35x-20251209
[nightly] Found 1 valid image(s) to run benchmarks on:
[nightly]   - rocm/sgl-dev:v0.5.6.post1-rocm700-mi35x-20251209

[nightly] ==========================================
[nightly] Starting benchmarks for image: rocm/sgl-dev:v0.5.6.post1-rocm700-mi35x-20251209
[nightly] ==========================================
[nightly] Checking GPU status before starting benchmarks for rocm/sgl-dev:v0.5.6.post1-rocm700-mi35x-20251209...
[nightly] GPU is busy. Attempting to stop running Docker containers...
[nightly] Stopping running containers: c67bd7ef6945
[nightly] Waiting 15s for GPU to become idle...
[nightly] WARN: GPU may still be busy, but proceeding as requested.
[nightly] INFO: No completion check defined for mode 'sanity'. Assuming not complete.
[nightly] Using Docker image: rocm/sgl-dev:v0.5.6.post1-rocm700-mi35x-20251209
[nightly] Container name: sgl-dev_v0.5.6.post1-rocm700-mi35x-20251209
[nightly] Creating container sgl-dev_v0.5.6.post1-rocm700-mi35x-20251209
0ca95bd37a30213483071ad05be4623a9b4b4f64137dabedb99bafe9474d7480
[nightly] No custom model path provided. Using default model path from benchmark script for sanity model.
[nightly] === Starting benchmark execution ===
[nightly] === Starting nightly SANITY sanity benchmark ===
[nightly] Launching sanity check inside sgl-dev_v0.5.6.post1-rocm700-mi35x-20251209
[nightly] Executing: python3 '/mnt/raid/michael/sglang-ci/test/sanity_check.py' --docker-image='rocm/sgl-dev:v0.5.6.post1-rocm700-mi35x-20251209' --hardware='mi35x' --trials=3 --log-dir='/mnt/raid/michael/sglang-ci/test/sanity_check_log/mi35x'
[nightly] === Sanity check failed (exit code: 137) ===
[nightly] Sending Teams notification for sanity check results...
OCI runtime exec failed: exec failed: unable to start container process: error executing setns process: exit status 1: unknown
[nightly] WARN: Teams notification failed for sanity check (exit code: 128)
[nightly] === Starting post-processing (CSV processing, plot generation, Teams notifications) ===
[nightly] === Sanity post-processing completed for SANITY ===
[nightly] ==========================================
[nightly] Completed benchmarks for image: rocm/sgl-dev:v0.5.6.post1-rocm700-mi35x-20251209
[nightly] Stopping container sgl-dev_v0.5.6.post1-rocm700-mi35x-20251209 to release resources...
[nightly] ==========================================
[nightly] ==========================================
[nightly] All benchmarks completed for 1 image(s)
[nightly] ==========================================
[nightly] Cleaning up process lock...
