[system-cleanup] ==========================================
[system-cleanup] Docker & GPU Core Cleanup Script Started
[system-cleanup] Date: 2025-12-09 09:30:02 CST
[system-cleanup] Cleanup Docker images older than: 7 days
[system-cleanup] Cleanup GPU core dumps: ALL files
[system-cleanup] GPU core search directory: /mnt/raid/michael/sglang-ci
[system-cleanup] Critical space threshold: 200 GB
[system-cleanup] Dry run mode: false
[system-cleanup] ==========================================
[system-cleanup] Initial disk usage: 74% (876G free)
[system-cleanup] Initial free space: 876 GB
[system-cleanup] Disk space is healthy (876 GB available)
[system-cleanup] Step 1: Removing stopped Docker containers...
[system-cleanup] Found 2 stopped container(s)
[system-cleanup] ✅ Removed stopped containers
[system-cleanup] Step 2: Removing old sgl-dev images (older than 7 days)...
[system-cleanup] ✅ Removed: rocm/sgl-dev:v0.5.5.post3-rocm700-mi35x-20251202
[system-cleanup] Processed old sgl-dev images: 1 removed, 7 kept/skipped
[system-cleanup] Step 3: Removing dangling images and unused data...
[system-cleanup] ✅ Cleaned up dangling images
[system-cleanup] Step 4: Removing old GPU core dump files (gpucore.*)...
[system-cleanup] No old GPU core dump files found
[system-cleanup] ==========================================
[system-cleanup] ✅ Docker Cleanup Complete
[system-cleanup] Initial disk usage: 74% (876G free) (876 GB free)
[system-cleanup] Final disk usage: 74% (895G free) (895 GB free)
[system-cleanup] Space freed: 19 GB
[system-cleanup] Date: 2025-12-09 09:30:07 CST
[system-cleanup] ==========================================
[system-cleanup] Docker disk usage summary:
TYPE            TOTAL     ACTIVE    SIZE      RECLAIMABLE
Images          20        2         532.2GB   530.7GB (99%)
Containers      2         2         45.49MB   0B (0%)
Local Volumes   0         0         0B        0B
Build Cache     215       0         27.04GB   27.04GB
