[system-cleanup] ==========================================
[system-cleanup] Docker & GPU Core Cleanup Script Started
[system-cleanup] Date: 2025-12-09 10:30:01 CST
[system-cleanup] Cleanup Docker images older than: 7 days
[system-cleanup] Cleanup GPU core dumps: ALL files
[system-cleanup] GPU core search directory: /mnt/raid/michael/sglang-ci
[system-cleanup] Critical space threshold: 200 GB
[system-cleanup] Dry run mode: false
[system-cleanup] ==========================================
[system-cleanup] Initial disk usage: 75% (343G free)
[system-cleanup] Initial free space: 343 GB
[system-cleanup] Disk space is healthy (343 GB available)
[system-cleanup] Step 1: Removing stopped Docker containers...
[system-cleanup] Found 2 stopped container(s)
[system-cleanup] ✅ Removed stopped containers
[system-cleanup] Step 2: Removing old sgl-dev images (older than 7 days)...
[system-cleanup] ✅ Removed: rocm/sgl-dev:v0.5.5.post3-rocm700-mi30x-20251202
[system-cleanup] ✅ Removed: rocm/sgl-dev:v0.5.5.post3-rocm700-mi30x-20251201
[system-cleanup] Processed old sgl-dev images: 2 removed, 6 kept/skipped
[system-cleanup] Step 3: Removing dangling images and unused data...
[system-cleanup] ✅ Cleaned up dangling images
[system-cleanup] Step 4: Removing old GPU core dump files (gpucore.*)...
[system-cleanup] No old GPU core dump files found
[system-cleanup] ==========================================
[system-cleanup] ✅ Docker Cleanup Complete
[system-cleanup] Initial disk usage: 75% (343G free) (343 GB free)
[system-cleanup] Final disk usage: 72% (378G free) (378 GB free)
[system-cleanup] Space freed: 35 GB
[system-cleanup] Date: 2025-12-09 10:30:11 CST
[system-cleanup] ==========================================
[system-cleanup] Docker disk usage summary:
TYPE            TOTAL     ACTIVE    SIZE      RECLAIMABLE
Images          7         0         213.4GB   213.4GB (100%)
Containers      0         0         0B        0B
Local Volumes   0         0         0B        0B
Build Cache     0         0         0B        0B
