[check] ==========================================
[check] SGL Nightly Docker Image Availability Check
[check] ==========================================
[check] Run Date/Time: 2025-11-06 09:00:01 PST
[check] Machine: smci355-ccs-aus-m15-21.cs-aus.dcgpu
[check] Repository: rocm/sgl-dev
[check] Hardware types: mi30x mi35x
[check] Checking images for date: 20251106

[check] Searching for mi30x image (discovering ROCM version)... found, verifying... ✗ FOUND BUT NOT PULLABLE
[check]   Image: rocm/sgl-dev:v0.5.4.post3-rocm630-mi30x-20251106 (manifest check failed)
[check] Searching for mi35x image (discovering ROCM version)... ✗ NOT FOUND

[check] ==========================================
[check] Summary
[check] ==========================================
[check] Total images checked: 2
[check] Available images: 0
[check] Missing images: 2

[check] ✗ Missing or problematic images:
[check]   - mi30x (20251106): rocm/sgl-dev:v0.5.4.post3-rocm630-mi30x-20251106 - not pullable
[check]   - mi35x (20251106): no image found for any available ROCM version

[check] ==========================================
[check] Troubleshooting
[check] ==========================================
[check] Some images are missing or not accessible.
[check] This could indicate build failures in the nightly pipeline.

[check] To investigate build errors, check the GitHub workflow:
[check] https://github.com/sgl-project/sglang/actions/workflows/release-docker-amd-nightly.yml

[check] Look for recent workflow runs around the missing dates.
[check] Check for:
[check]   - Build failures in the workflow logs
[check]   - Docker registry push errors
[check]   - Resource or timeout issues
[check]   - AMD-specific build problems

[check] ==========================================
[check] Sending Teams Notification
[check] ==========================================
✅ Successfully sent Docker image error alert to Teams
   (Power Automate flow accepted - message processing asynchronously)
[check] Teams notification sent successfully
