[nightly] ==========================================
[nightly] SGL Nightly Benchmark Started
[nightly] ==========================================
[nightly] Command: scripts/perf_nightly.sh --mode=sanity --hardware=mi35x --sanity-trials=3 --teams-webhook-url=https://prod-99.westus.logic.azure.com/workflows/44b23afb37e74288b6b006c60bbe65b2/triggers/manual/paths/invoke?api-version=2016-06-01&sp=%2Ftriggers%2Fmanual%2Frun&sv=1.0&sig=ucbP9AJ9WeZtxe95Wmi8TfLUjiEo0AZSZP4Y_cNgWS0
[nightly] Start time: 2025-11-07 10:00:01 PST
[nightly] Machine: smci355-ccs-aus-m15-21.cs-aus.dcgpu
[nightly] Working directory: /mnt/raid/michael/sglang-ci
[nightly] Script location: /mnt/raid/michael/sglang-ci/scripts/perf_nightly.sh
[nightly] Process ID: 1830445
[nightly] ==========================================

[nightly] Runtime Environment:
[nightly] User: michaezh | Groups: michaezh spack everyone... | Docker: /usr/bin/docker
[nightly] Testing Docker daemon access...
[nightly] Docker daemon accessible - proceeding...
[nightly] Teams webhook URL provided via command line - notifications enabled
[nightly] Will run 3 trials per model for sanity check
[nightly] Hardware: mi35x, ROCM Version: rocm700
[nightly] Mode is 'sanity', setting model to 'sanity' as well
[nightly] Model: sanity, Mode(s): sanity
[nightly] Created process lock: /tmp/perf_nightly_sanity.lock
[nightly] GPU is busy. Attempting to stop running Docker containers...
[nightly] Stopping running containers: 3eb22165039e
[nightly] Waiting 15s for GPU to become idle...
[nightly] WARN: GPU may still be busy, but proceeding as requested.
[nightly] Searching for non-SRT images for sanity for the last 1 days...
[nightly] Searching for non-SRT mi35x image in 'rocm/sgl-dev' for date 20251107...
[nightly] Found candidate tag for day -0: v0.5.5-rocm700-mi35x-20251107
[nightly] Pull attempt 1/3 for rocm/sgl-dev:v0.5.5-rocm700-mi35x-20251107...
v0.5.5-rocm700-mi35x-20251107: Pulling from rocm/sgl-dev
660ffc76f83b: Already exists
8f15127cc838: Already exists
9b15895e3240: Already exists
f9b093ef803e: Already exists
7871d920fb0f: Already exists
7935d8c4e26c: Already exists
a32765e78010: Already exists
7fc751a2ed3a: Already exists
980be016a223: Already exists
9e1a971876ec: Already exists
ec6812b374e9: Already exists
01b887f14943: Already exists
844c30750327: Already exists
2682f0d8340c: Already exists
4f4fb700ef54: Already exists
349b8c8a8418: Already exists
d0b1657b26f5: Already exists
45b70560bebf: Already exists
4f4fb700ef54: Already exists
b18067367790: Already exists
80e4388c8594: Already exists
43bd5f89e157: Already exists
4f4e25c713a5: Already exists
fa9b244e8ec3: Already exists
4f4fb700ef54: Already exists
4f4fb700ef54: Already exists
802ff7b676ec: Already exists
4f4fb700ef54: Already exists
91c970c997c5: Already exists
c7b1c2221fca: Already exists
f741376ff6a1: Already exists
d9b88c1e947d: Already exists
0e6681539f16: Already exists
f299772a6a12: Pulling fs layer
4f4fb700ef54: Pulling fs layer
a71f1f189449: Pulling fs layer
e8800f472899: Pulling fs layer
72c7cdb96274: Pulling fs layer
b9255acc54ae: Pulling fs layer
11fbc9546fa4: Pulling fs layer
7f462e8a6c92: Pulling fs layer
f299772a6a12: Waiting
f36e7961d818: Pulling fs layer
5ffd6c7430d9: Pulling fs layer
900305bdcf53: Pulling fs layer
e8800f472899: Waiting
4f4fb700ef54: Waiting
acbadc6060b0: Pulling fs layer
72c7cdb96274: Waiting
23695b02018e: Pulling fs layer
a71f1f189449: Waiting
2fc37eb983a9: Pulling fs layer
b9255acc54ae: Waiting
1de349447d3a: Pulling fs layer
c7492becd8ad: Pulling fs layer
3c6a7294b1b9: Pulling fs layer
7f462e8a6c92: Waiting
11fbc9546fa4: Waiting
f36e7961d818: Waiting
acbadc6060b0: Waiting
c7492becd8ad: Waiting
900305bdcf53: Waiting
23695b02018e: Waiting
5ffd6c7430d9: Waiting
2fc37eb983a9: Waiting
1de349447d3a: Waiting
3c6a7294b1b9: Waiting
f299772a6a12: Verifying Checksum
f299772a6a12: Download complete
f299772a6a12: Pull complete
4f4fb700ef54: Download complete
4f4fb700ef54: Pull complete
a71f1f189449: Verifying Checksum
a71f1f189449: Download complete
a71f1f189449: Pull complete
e8800f472899: Verifying Checksum
e8800f472899: Download complete
e8800f472899: Pull complete
72c7cdb96274: Retrying in 5 seconds
b9255acc54ae: Retrying in 5 seconds
72c7cdb96274: Retrying in 4 seconds
b9255acc54ae: Retrying in 4 seconds
72c7cdb96274: Retrying in 3 seconds
b9255acc54ae: Retrying in 3 seconds
72c7cdb96274: Retrying in 2 seconds
b9255acc54ae: Retrying in 2 seconds
72c7cdb96274: Retrying in 1 second
b9255acc54ae: Retrying in 1 second
b9255acc54ae: Retrying in 10 seconds
b9255acc54ae: Retrying in 9 seconds
b9255acc54ae: Retrying in 8 seconds
b9255acc54ae: Retrying in 7 seconds
b9255acc54ae: Retrying in 6 seconds
b9255acc54ae: Retrying in 5 seconds
b9255acc54ae: Retrying in 4 seconds
b9255acc54ae: Retrying in 3 seconds
b9255acc54ae: Retrying in 2 seconds
b9255acc54ae: Retrying in 1 second
72c7cdb96274: Retrying in 10 seconds
11fbc9546fa4: Retrying in 5 seconds
72c7cdb96274: Retrying in 9 seconds
11fbc9546fa4: Retrying in 4 seconds
72c7cdb96274: Retrying in 8 seconds
11fbc9546fa4: Retrying in 3 seconds
72c7cdb96274: Retrying in 7 seconds
11fbc9546fa4: Retrying in 2 seconds
72c7cdb96274: Retrying in 6 seconds
11fbc9546fa4: Retrying in 1 second
72c7cdb96274: Retrying in 5 seconds
72c7cdb96274: Retrying in 4 seconds
72c7cdb96274: Retrying in 3 seconds
72c7cdb96274: Retrying in 2 seconds
72c7cdb96274: Retrying in 1 second
b9255acc54ae: Retrying in 15 seconds
b9255acc54ae: Retrying in 14 seconds
b9255acc54ae: Retrying in 13 seconds
b9255acc54ae: Retrying in 12 seconds
b9255acc54ae: Retrying in 11 seconds
b9255acc54ae: Retrying in 10 seconds
b9255acc54ae: Retrying in 9 seconds
b9255acc54ae: Retrying in 8 seconds
b9255acc54ae: Retrying in 7 seconds
b9255acc54ae: Retrying in 6 seconds
b9255acc54ae: Retrying in 5 seconds
b9255acc54ae: Retrying in 4 seconds
b9255acc54ae: Retrying in 3 seconds
b9255acc54ae: Retrying in 2 seconds
b9255acc54ae: Retrying in 1 second
b9255acc54ae: Retrying in 20 seconds
b9255acc54ae: Retrying in 19 seconds
b9255acc54ae: Retrying in 18 seconds
b9255acc54ae: Retrying in 17 seconds
b9255acc54ae: Retrying in 16 seconds
b9255acc54ae: Retrying in 15 seconds
b9255acc54ae: Retrying in 14 seconds
b9255acc54ae: Retrying in 13 seconds
b9255acc54ae: Retrying in 12 seconds
b9255acc54ae: Retrying in 11 seconds
b9255acc54ae: Retrying in 10 seconds
b9255acc54ae: Retrying in 9 seconds
b9255acc54ae: Retrying in 8 seconds
b9255acc54ae: Retrying in 7 seconds
b9255acc54ae: Retrying in 6 seconds
b9255acc54ae: Retrying in 5 seconds
b9255acc54ae: Retrying in 4 seconds
b9255acc54ae: Retrying in 3 seconds
b9255acc54ae: Retrying in 2 seconds
b9255acc54ae: Retrying in 1 second
11fbc9546fa4: Retrying in 10 seconds
11fbc9546fa4: Retrying in 9 seconds
11fbc9546fa4: Retrying in 8 seconds
11fbc9546fa4: Retrying in 7 seconds
11fbc9546fa4: Retrying in 6 seconds
11fbc9546fa4: Retrying in 5 seconds
11fbc9546fa4: Retrying in 4 seconds
11fbc9546fa4: Retrying in 3 seconds
72c7cdb96274: Retrying in 15 seconds
11fbc9546fa4: Retrying in 2 seconds
72c7cdb96274: Retrying in 14 seconds
11fbc9546fa4: Retrying in 1 second
72c7cdb96274: Retrying in 13 seconds
72c7cdb96274: Retrying in 12 seconds
72c7cdb96274: Retrying in 11 seconds
72c7cdb96274: Retrying in 10 seconds
72c7cdb96274: Retrying in 9 seconds
72c7cdb96274: Retrying in 8 seconds
72c7cdb96274: Retrying in 7 seconds
72c7cdb96274: Retrying in 6 seconds
72c7cdb96274: Retrying in 5 seconds
72c7cdb96274: Retrying in 4 seconds
72c7cdb96274: Retrying in 3 seconds
72c7cdb96274: Retrying in 2 seconds
72c7cdb96274: Retrying in 1 second
72c7cdb96274: Verifying Checksum
72c7cdb96274: Download complete
72c7cdb96274: Pull complete
7f462e8a6c92: Downloading
7f462e8a6c92: Retrying in 5 seconds
7f462e8a6c92: Retrying in 4 seconds
7f462e8a6c92: Retrying in 3 seconds
7f462e8a6c92: Retrying in 2 seconds
7f462e8a6c92: Retrying in 1 second
7f462e8a6c92: Verifying Checksum
7f462e8a6c92: Download complete
5ffd6c7430d9: Verifying Checksum
5ffd6c7430d9: Download complete
900305bdcf53: Verifying Checksum
900305bdcf53: Download complete
11fbc9546fa4: Retrying in 15 seconds
11fbc9546fa4: Retrying in 14 seconds
11fbc9546fa4: Retrying in 13 seconds
11fbc9546fa4: Retrying in 12 seconds
11fbc9546fa4: Retrying in 11 seconds
11fbc9546fa4: Retrying in 10 seconds
11fbc9546fa4: Retrying in 9 seconds
11fbc9546fa4: Retrying in 8 seconds
11fbc9546fa4: Retrying in 7 seconds
11fbc9546fa4: Retrying in 6 seconds
11fbc9546fa4: Retrying in 5 seconds
11fbc9546fa4: Retrying in 4 seconds
11fbc9546fa4: Retrying in 3 seconds
11fbc9546fa4: Retrying in 2 seconds
11fbc9546fa4: Retrying in 1 second
11fbc9546fa4: Retrying in 20 seconds
f36e7961d818: Retrying in 5 seconds
11fbc9546fa4: Retrying in 19 seconds
f36e7961d818: Retrying in 4 seconds
acbadc6060b0: Retrying in 5 seconds
11fbc9546fa4: Retrying in 18 seconds
f36e7961d818: Retrying in 3 seconds
acbadc6060b0: Retrying in 4 seconds
11fbc9546fa4: Retrying in 17 seconds
f36e7961d818: Retrying in 2 seconds
acbadc6060b0: Retrying in 3 seconds
11fbc9546fa4: Retrying in 16 seconds
f36e7961d818: Retrying in 1 second
acbadc6060b0: Retrying in 2 seconds
11fbc9546fa4: Retrying in 15 seconds
acbadc6060b0: Retrying in 1 second
11fbc9546fa4: Retrying in 14 seconds
11fbc9546fa4: Retrying in 13 seconds
11fbc9546fa4: Retrying in 12 seconds
11fbc9546fa4: Retrying in 11 seconds
11fbc9546fa4: Retrying in 10 seconds
11fbc9546fa4: Retrying in 9 seconds
11fbc9546fa4: Retrying in 8 seconds
11fbc9546fa4: Retrying in 7 seconds
11fbc9546fa4: Retrying in 6 seconds
11fbc9546fa4: Retrying in 5 seconds
11fbc9546fa4: Retrying in 4 seconds
11fbc9546fa4: Retrying in 3 seconds
11fbc9546fa4: Retrying in 2 seconds
11fbc9546fa4: Retrying in 1 second
f36e7961d818: Verifying Checksum
f36e7961d818: Download complete
acbadc6060b0: Retrying in 10 seconds
acbadc6060b0: Retrying in 9 seconds
acbadc6060b0: Retrying in 8 seconds
acbadc6060b0: Retrying in 7 seconds
acbadc6060b0: Retrying in 6 seconds
acbadc6060b0: Retrying in 5 seconds
acbadc6060b0: Retrying in 4 seconds
acbadc6060b0: Retrying in 3 seconds
acbadc6060b0: Retrying in 2 seconds
acbadc6060b0: Retrying in 1 second
2fc37eb983a9: Verifying Checksum
2fc37eb983a9: Download complete
1de349447d3a: Retrying in 5 seconds
1de349447d3a: Retrying in 4 seconds
23695b02018e: Retrying in 5 seconds
acbadc6060b0: Retrying in 15 seconds
1de349447d3a: Retrying in 3 seconds
acbadc6060b0: Retrying in 14 seconds
23695b02018e: Retrying in 4 seconds
1de349447d3a: Retrying in 2 seconds
acbadc6060b0: Retrying in 13 seconds
23695b02018e: Retrying in 3 seconds
1de349447d3a: Retrying in 1 second
acbadc6060b0: Retrying in 12 seconds
23695b02018e: Retrying in 2 seconds
23695b02018e: Retrying in 1 second
acbadc6060b0: Retrying in 11 seconds
acbadc6060b0: Retrying in 10 seconds
acbadc6060b0: Retrying in 9 seconds
acbadc6060b0: Retrying in 8 seconds
acbadc6060b0: Retrying in 7 seconds
acbadc6060b0: Retrying in 6 seconds
acbadc6060b0: Retrying in 5 seconds
acbadc6060b0: Retrying in 4 seconds
acbadc6060b0: Retrying in 3 seconds
acbadc6060b0: Retrying in 2 seconds
acbadc6060b0: Retrying in 1 second
1de349447d3a: Retrying in 10 seconds
1de349447d3a: Retrying in 9 seconds
23695b02018e: Retrying in 10 seconds
1de349447d3a: Retrying in 8 seconds
23695b02018e: Retrying in 9 seconds
1de349447d3a: Retrying in 7 seconds
23695b02018e: Retrying in 8 seconds
1de349447d3a: Retrying in 6 seconds
23695b02018e: Retrying in 7 seconds
1de349447d3a: Retrying in 5 seconds
23695b02018e: Retrying in 6 seconds
1de349447d3a: Retrying in 4 seconds
23695b02018e: Retrying in 5 seconds
1de349447d3a: Retrying in 3 seconds
23695b02018e: Retrying in 4 seconds
1de349447d3a: Retrying in 2 seconds
23695b02018e: Retrying in 3 seconds
1de349447d3a: Retrying in 1 second
23695b02018e: Retrying in 2 seconds
23695b02018e: Retrying in 1 second
1de349447d3a: Retrying in 15 seconds
1de349447d3a: Retrying in 14 seconds
1de349447d3a: Retrying in 13 seconds
acbadc6060b0: Retrying in 20 seconds
23695b02018e: Retrying in 15 seconds
1de349447d3a: Retrying in 12 seconds
23695b02018e: Retrying in 14 seconds
acbadc6060b0: Retrying in 19 seconds
1de349447d3a: Retrying in 11 seconds
acbadc6060b0: Retrying in 18 seconds
23695b02018e: Retrying in 13 seconds
1de349447d3a: Retrying in 10 seconds
23695b02018e: Retrying in 12 seconds
acbadc6060b0: Retrying in 17 seconds
1de349447d3a: Retrying in 9 seconds
23695b02018e: Retrying in 11 seconds
acbadc6060b0: Retrying in 16 seconds
1de349447d3a: Retrying in 8 seconds
23695b02018e: Retrying in 10 seconds
acbadc6060b0: Retrying in 15 seconds
1de349447d3a: Retrying in 7 seconds
23695b02018e: Retrying in 9 seconds
acbadc6060b0: Retrying in 14 seconds
1de349447d3a: Retrying in 6 seconds
23695b02018e: Retrying in 8 seconds
acbadc6060b0: Retrying in 13 seconds
1de349447d3a: Retrying in 5 seconds
acbadc6060b0: Retrying in 12 seconds
23695b02018e: Retrying in 7 seconds
1de349447d3a: Retrying in 4 seconds
acbadc6060b0: Retrying in 11 seconds
23695b02018e: Retrying in 6 seconds
1de349447d3a: Retrying in 3 seconds
acbadc6060b0: Retrying in 10 seconds
23695b02018e: Retrying in 5 seconds
1de349447d3a: Retrying in 2 seconds
23695b02018e: Retrying in 4 seconds
acbadc6060b0: Retrying in 9 seconds
1de349447d3a: Retrying in 1 second
23695b02018e: Retrying in 3 seconds
acbadc6060b0: Retrying in 8 seconds
acbadc6060b0: Retrying in 7 seconds
23695b02018e: Retrying in 2 seconds
23695b02018e: Retrying in 1 second
acbadc6060b0: Retrying in 6 seconds
acbadc6060b0: Retrying in 5 seconds
acbadc6060b0: Retrying in 4 seconds
acbadc6060b0: Retrying in 3 seconds
acbadc6060b0: Retrying in 2 seconds
acbadc6060b0: Retrying in 1 second
1de349447d3a: Retrying in 20 seconds
1de349447d3a: Retrying in 19 seconds
1de349447d3a: Retrying in 18 seconds
1de349447d3a: Retrying in 17 seconds
1de349447d3a: Retrying in 16 seconds
1de349447d3a: Retrying in 15 seconds
1de349447d3a: Retrying in 14 seconds
1de349447d3a: Retrying in 13 seconds
1de349447d3a: Retrying in 12 seconds
1de349447d3a: Retrying in 11 seconds
1de349447d3a: Retrying in 10 seconds
1de349447d3a: Retrying in 9 seconds
1de349447d3a: Retrying in 8 seconds
1de349447d3a: Retrying in 7 seconds
1de349447d3a: Retrying in 6 seconds
1de349447d3a: Retrying in 5 seconds
1de349447d3a: Retrying in 4 seconds
1de349447d3a: Retrying in 3 seconds
1de349447d3a: Retrying in 2 seconds
1de349447d3a: Retrying in 1 second
1de349447d3a: Downloading
dial tcp 104.16.98.215:443: i/o timeout
[nightly] Pull failed, retrying in 30s...
[nightly] Pull attempt 2/3 for rocm/sgl-dev:v0.5.5-rocm700-mi35x-20251107...
v0.5.5-rocm700-mi35x-20251107: Pulling from rocm/sgl-dev
660ffc76f83b: Already exists
8f15127cc838: Already exists
9b15895e3240: Already exists
f9b093ef803e: Already exists
7871d920fb0f: Already exists
7935d8c4e26c: Already exists
a32765e78010: Already exists
7fc751a2ed3a: Already exists
980be016a223: Already exists
9e1a971876ec: Already exists
ec6812b374e9: Already exists
01b887f14943: Already exists
844c30750327: Already exists
2682f0d8340c: Already exists
4f4fb700ef54: Already exists
349b8c8a8418: Already exists
d0b1657b26f5: Already exists
45b70560bebf: Already exists
4f4fb700ef54: Already exists
b18067367790: Already exists
80e4388c8594: Already exists
43bd5f89e157: Already exists
4f4e25c713a5: Already exists
fa9b244e8ec3: Already exists
4f4fb700ef54: Already exists
4f4fb700ef54: Already exists
802ff7b676ec: Already exists
4f4fb700ef54: Already exists
91c970c997c5: Already exists
c7b1c2221fca: Already exists
f741376ff6a1: Already exists
d9b88c1e947d: Already exists
0e6681539f16: Already exists
f299772a6a12: Pulling fs layer
4f4fb700ef54: Pulling fs layer
a71f1f189449: Pulling fs layer
e8800f472899: Pulling fs layer
72c7cdb96274: Pulling fs layer
b9255acc54ae: Pulling fs layer
11fbc9546fa4: Pulling fs layer
7f462e8a6c92: Pulling fs layer
f36e7961d818: Pulling fs layer
5ffd6c7430d9: Pulling fs layer
900305bdcf53: Pulling fs layer
acbadc6060b0: Pulling fs layer
72c7cdb96274: Waiting
23695b02018e: Pulling fs layer
2fc37eb983a9: Pulling fs layer
b9255acc54ae: Waiting
1de349447d3a: Pulling fs layer
c7492becd8ad: Pulling fs layer
3c6a7294b1b9: Pulling fs layer
f36e7961d818: Waiting
acbadc6060b0: Waiting
23695b02018e: Waiting
e8800f472899: Waiting
2fc37eb983a9: Waiting
11fbc9546fa4: Waiting
1de349447d3a: Waiting
c7492becd8ad: Waiting
3c6a7294b1b9: Waiting
7f462e8a6c92: Waiting
900305bdcf53: Waiting
5ffd6c7430d9: Waiting
a71f1f189449: Download complete
4f4fb700ef54: Verifying Checksum
4f4fb700ef54: Download complete
e8800f472899: Retrying in 5 seconds
e8800f472899: Retrying in 4 seconds
e8800f472899: Retrying in 3 seconds
e8800f472899: Retrying in 2 seconds
e8800f472899: Retrying in 1 second
e8800f472899: Verifying Checksum
e8800f472899: Download complete
b9255acc54ae: Downloading
b9255acc54ae: Retrying in 5 seconds
b9255acc54ae: Retrying in 4 seconds
b9255acc54ae: Retrying in 3 seconds
b9255acc54ae: Retrying in 2 seconds
b9255acc54ae: Retrying in 1 second
f299772a6a12: Retrying in 5 seconds
f299772a6a12: Retrying in 4 seconds
f299772a6a12: Retrying in 3 seconds
f299772a6a12: Retrying in 2 seconds
f299772a6a12: Retrying in 1 second
72c7cdb96274: Retrying in 5 seconds
72c7cdb96274: Retrying in 4 seconds
72c7cdb96274: Retrying in 3 seconds
72c7cdb96274: Retrying in 2 seconds
72c7cdb96274: Retrying in 1 second
f299772a6a12: Verifying Checksum
f299772a6a12: Download complete
f299772a6a12: Pull complete
4f4fb700ef54: Pull complete
a71f1f189449: Pull complete
e8800f472899: Pull complete
72c7cdb96274: Retrying in 10 seconds
72c7cdb96274: Retrying in 9 seconds
72c7cdb96274: Retrying in 8 seconds
72c7cdb96274: Retrying in 7 seconds
72c7cdb96274: Retrying in 6 seconds
72c7cdb96274: Retrying in 5 seconds
72c7cdb96274: Retrying in 4 seconds
72c7cdb96274: Retrying in 3 seconds
72c7cdb96274: Retrying in 2 seconds
72c7cdb96274: Retrying in 1 second
72c7cdb96274: Verifying Checksum
72c7cdb96274: Download complete
72c7cdb96274: Pull complete
b9255acc54ae: Retrying in 10 seconds
b9255acc54ae: Retrying in 9 seconds
b9255acc54ae: Retrying in 8 seconds
b9255acc54ae: Retrying in 7 seconds
b9255acc54ae: Retrying in 6 seconds
b9255acc54ae: Retrying in 5 seconds
b9255acc54ae: Retrying in 4 seconds
b9255acc54ae: Retrying in 3 seconds
b9255acc54ae: Retrying in 2 seconds
b9255acc54ae: Retrying in 1 second
11fbc9546fa4: Retrying in 5 seconds
11fbc9546fa4: Retrying in 4 seconds
11fbc9546fa4: Retrying in 3 seconds
11fbc9546fa4: Retrying in 2 seconds
11fbc9546fa4: Retrying in 1 second
7f462e8a6c92: Retrying in 5 seconds
7f462e8a6c92: Retrying in 4 seconds
7f462e8a6c92: Retrying in 3 seconds
7f462e8a6c92: Retrying in 2 seconds
7f462e8a6c92: Retrying in 1 second
7f462e8a6c92: Verifying Checksum
7f462e8a6c92: Download complete
b9255acc54ae: Retrying in 15 seconds
b9255acc54ae: Retrying in 14 seconds
b9255acc54ae: Retrying in 13 seconds
b9255acc54ae: Retrying in 12 seconds
b9255acc54ae: Retrying in 11 seconds
b9255acc54ae: Retrying in 10 seconds
b9255acc54ae: Retrying in 9 seconds
b9255acc54ae: Retrying in 8 seconds
b9255acc54ae: Retrying in 7 seconds
b9255acc54ae: Retrying in 6 seconds
b9255acc54ae: Retrying in 5 seconds
b9255acc54ae: Retrying in 4 seconds
b9255acc54ae: Retrying in 3 seconds
b9255acc54ae: Retrying in 2 seconds
b9255acc54ae: Retrying in 1 second
11fbc9546fa4: Retrying in 10 seconds
11fbc9546fa4: Retrying in 9 seconds
11fbc9546fa4: Retrying in 8 seconds
11fbc9546fa4: Retrying in 7 seconds
11fbc9546fa4: Retrying in 6 seconds
11fbc9546fa4: Retrying in 5 seconds
11fbc9546fa4: Retrying in 4 seconds
11fbc9546fa4: Retrying in 3 seconds
11fbc9546fa4: Retrying in 2 seconds
11fbc9546fa4: Retrying in 1 second
11fbc9546fa4: Retrying in 15 seconds
11fbc9546fa4: Retrying in 14 seconds
11fbc9546fa4: Retrying in 13 seconds
11fbc9546fa4: Retrying in 12 seconds
11fbc9546fa4: Retrying in 11 seconds
11fbc9546fa4: Retrying in 10 seconds
11fbc9546fa4: Retrying in 9 seconds
11fbc9546fa4: Retrying in 8 seconds
11fbc9546fa4: Retrying in 7 seconds
11fbc9546fa4: Retrying in 6 seconds
11fbc9546fa4: Retrying in 5 seconds
11fbc9546fa4: Retrying in 4 seconds
11fbc9546fa4: Retrying in 3 seconds
11fbc9546fa4: Retrying in 2 seconds
11fbc9546fa4: Retrying in 1 second
f36e7961d818: Retrying in 5 seconds
f36e7961d818: Retrying in 4 seconds
f36e7961d818: Retrying in 3 seconds
f36e7961d818: Retrying in 2 seconds
f36e7961d818: Retrying in 1 second
f36e7961d818: Retrying in 10 seconds
f36e7961d818: Retrying in 9 seconds
f36e7961d818: Retrying in 8 seconds
f36e7961d818: Retrying in 7 seconds
f36e7961d818: Retrying in 6 seconds
f36e7961d818: Retrying in 5 seconds
f36e7961d818: Retrying in 4 seconds
f36e7961d818: Retrying in 3 seconds
f36e7961d818: Retrying in 2 seconds
f36e7961d818: Retrying in 1 second
b9255acc54ae: Retrying in 20 seconds
b9255acc54ae: Retrying in 19 seconds
b9255acc54ae: Retrying in 18 seconds
b9255acc54ae: Retrying in 17 seconds
b9255acc54ae: Retrying in 16 seconds
b9255acc54ae: Retrying in 15 seconds
b9255acc54ae: Retrying in 14 seconds
b9255acc54ae: Retrying in 13 seconds
b9255acc54ae: Retrying in 12 seconds
b9255acc54ae: Retrying in 11 seconds
b9255acc54ae: Retrying in 10 seconds
b9255acc54ae: Retrying in 9 seconds
b9255acc54ae: Retrying in 8 seconds
b9255acc54ae: Retrying in 7 seconds
b9255acc54ae: Retrying in 6 seconds
b9255acc54ae: Retrying in 5 seconds
b9255acc54ae: Retrying in 4 seconds
b9255acc54ae: Retrying in 3 seconds
b9255acc54ae: Retrying in 2 seconds
b9255acc54ae: Retrying in 1 second
11fbc9546fa4: Retrying in 20 seconds
11fbc9546fa4: Retrying in 19 seconds
11fbc9546fa4: Retrying in 18 seconds
11fbc9546fa4: Retrying in 17 seconds
11fbc9546fa4: Retrying in 16 seconds
11fbc9546fa4: Retrying in 15 seconds
11fbc9546fa4: Retrying in 14 seconds
11fbc9546fa4: Retrying in 13 seconds
11fbc9546fa4: Retrying in 12 seconds
11fbc9546fa4: Retrying in 11 seconds
11fbc9546fa4: Retrying in 10 seconds
11fbc9546fa4: Retrying in 9 seconds
11fbc9546fa4: Retrying in 8 seconds
11fbc9546fa4: Retrying in 7 seconds
11fbc9546fa4: Retrying in 6 seconds
11fbc9546fa4: Retrying in 5 seconds
11fbc9546fa4: Retrying in 4 seconds
11fbc9546fa4: Retrying in 3 seconds
11fbc9546fa4: Retrying in 2 seconds
11fbc9546fa4: Retrying in 1 second
f36e7961d818: Retrying in 15 seconds
f36e7961d818: Retrying in 14 seconds
f36e7961d818: Retrying in 13 seconds
f36e7961d818: Retrying in 12 seconds
f36e7961d818: Retrying in 11 seconds
f36e7961d818: Retrying in 10 seconds
f36e7961d818: Retrying in 9 seconds
f36e7961d818: Retrying in 8 seconds
f36e7961d818: Retrying in 7 seconds
f36e7961d818: Retrying in 6 seconds
f36e7961d818: Retrying in 5 seconds
f36e7961d818: Retrying in 4 seconds
f36e7961d818: Retrying in 3 seconds
f36e7961d818: Retrying in 2 seconds
f36e7961d818: Retrying in 1 second
5ffd6c7430d9: Downloading
5ffd6c7430d9: Retrying in 5 seconds
5ffd6c7430d9: Retrying in 4 seconds
5ffd6c7430d9: Retrying in 3 seconds
5ffd6c7430d9: Retrying in 2 seconds
5ffd6c7430d9: Retrying in 1 second
f36e7961d818: Retrying in 20 seconds
f36e7961d818: Retrying in 19 seconds
f36e7961d818: Retrying in 18 seconds
f36e7961d818: Retrying in 17 seconds
f36e7961d818: Retrying in 16 seconds
f36e7961d818: Retrying in 15 seconds
f36e7961d818: Retrying in 14 seconds
f36e7961d818: Retrying in 13 seconds
f36e7961d818: Retrying in 12 seconds
f36e7961d818: Retrying in 11 seconds
f36e7961d818: Retrying in 10 seconds
f36e7961d818: Retrying in 9 seconds
f36e7961d818: Retrying in 8 seconds
f36e7961d818: Retrying in 7 seconds
5ffd6c7430d9: Verifying Checksum
5ffd6c7430d9: Download complete
f36e7961d818: Retrying in 6 seconds
f36e7961d818: Retrying in 5 seconds
900305bdcf53: Downloading
900305bdcf53: Retrying in 5 seconds
f36e7961d818: Retrying in 4 seconds
900305bdcf53: Retrying in 4 seconds
f36e7961d818: Retrying in 3 seconds
900305bdcf53: Retrying in 3 seconds
f36e7961d818: Retrying in 2 seconds
900305bdcf53: Retrying in 2 seconds
f36e7961d818: Retrying in 1 second
900305bdcf53: Retrying in 1 second
900305bdcf53: Verifying Checksum
900305bdcf53: Download complete
acbadc6060b0: Retrying in 5 seconds
acbadc6060b0: Retrying in 4 seconds
acbadc6060b0: Retrying in 3 seconds
acbadc6060b0: Retrying in 2 seconds
acbadc6060b0: Retrying in 1 second
23695b02018e: Retrying in 5 seconds
23695b02018e: Retrying in 4 seconds
23695b02018e: Retrying in 3 seconds
23695b02018e: Retrying in 2 seconds
23695b02018e: Retrying in 1 second
2fc37eb983a9: Download complete
acbadc6060b0: Retrying in 10 seconds
acbadc6060b0: Retrying in 9 seconds
acbadc6060b0: Retrying in 8 seconds
acbadc6060b0: Retrying in 7 seconds
acbadc6060b0: Retrying in 6 seconds
acbadc6060b0: Retrying in 5 seconds
acbadc6060b0: Retrying in 4 seconds
acbadc6060b0: Retrying in 3 seconds
acbadc6060b0: Retrying in 2 seconds
acbadc6060b0: Retrying in 1 second
1de349447d3a: Retrying in 5 seconds
1de349447d3a: Retrying in 4 seconds
1de349447d3a: Retrying in 3 seconds
1de349447d3a: Retrying in 2 seconds
1de349447d3a: Retrying in 1 second
23695b02018e: Retrying in 10 seconds
23695b02018e: Retrying in 9 seconds
23695b02018e: Retrying in 8 seconds
23695b02018e: Retrying in 7 seconds
23695b02018e: Retrying in 6 seconds
23695b02018e: Retrying in 5 seconds
23695b02018e: Retrying in 4 seconds
23695b02018e: Retrying in 3 seconds
23695b02018e: Retrying in 2 seconds
23695b02018e: Retrying in 1 second
1de349447d3a: Retrying in 10 seconds
1de349447d3a: Retrying in 9 seconds
1de349447d3a: Retrying in 8 seconds
1de349447d3a: Retrying in 7 seconds
1de349447d3a: Retrying in 6 seconds
1de349447d3a: Retrying in 5 seconds
1de349447d3a: Retrying in 4 seconds
1de349447d3a: Retrying in 3 seconds
1de349447d3a: Retrying in 2 seconds
1de349447d3a: Retrying in 1 second
23695b02018e: Retrying in 15 seconds
23695b02018e: Retrying in 14 seconds
23695b02018e: Retrying in 13 seconds
23695b02018e: Retrying in 12 seconds
23695b02018e: Retrying in 11 seconds
23695b02018e: Retrying in 10 seconds
23695b02018e: Retrying in 9 seconds
23695b02018e: Retrying in 8 seconds
23695b02018e: Retrying in 7 seconds
23695b02018e: Retrying in 6 seconds
23695b02018e: Retrying in 5 seconds
23695b02018e: Retrying in 4 seconds
23695b02018e: Retrying in 3 seconds
23695b02018e: Retrying in 2 seconds
23695b02018e: Retrying in 1 second
acbadc6060b0: Retrying in 15 seconds
acbadc6060b0: Retrying in 14 seconds
acbadc6060b0: Retrying in 13 seconds
acbadc6060b0: Retrying in 12 seconds
acbadc6060b0: Retrying in 11 seconds
acbadc6060b0: Retrying in 10 seconds
acbadc6060b0: Retrying in 9 seconds
acbadc6060b0: Retrying in 8 seconds
acbadc6060b0: Retrying in 7 seconds
acbadc6060b0: Retrying in 6 seconds
acbadc6060b0: Retrying in 5 seconds
acbadc6060b0: Retrying in 4 seconds
acbadc6060b0: Retrying in 3 seconds
acbadc6060b0: Retrying in 2 seconds
acbadc6060b0: Retrying in 1 second
acbadc6060b0: Retrying in 20 seconds
acbadc6060b0: Retrying in 19 seconds
acbadc6060b0: Retrying in 18 seconds
acbadc6060b0: Retrying in 17 seconds
acbadc6060b0: Retrying in 16 seconds
acbadc6060b0: Retrying in 15 seconds
acbadc6060b0: Retrying in 14 seconds
acbadc6060b0: Retrying in 13 seconds
acbadc6060b0: Retrying in 12 seconds
acbadc6060b0: Retrying in 11 seconds
acbadc6060b0: Retrying in 10 seconds
acbadc6060b0: Retrying in 9 seconds
acbadc6060b0: Retrying in 8 seconds
acbadc6060b0: Retrying in 7 seconds
acbadc6060b0: Retrying in 6 seconds
acbadc6060b0: Retrying in 5 seconds
acbadc6060b0: Retrying in 4 seconds
acbadc6060b0: Retrying in 3 seconds
acbadc6060b0: Retrying in 2 seconds
acbadc6060b0: Retrying in 1 second
1de349447d3a: Retrying in 15 seconds
1de349447d3a: Retrying in 14 seconds
1de349447d3a: Retrying in 13 seconds
1de349447d3a: Retrying in 12 seconds
1de349447d3a: Retrying in 11 seconds
1de349447d3a: Retrying in 10 seconds
1de349447d3a: Retrying in 9 seconds
1de349447d3a: Retrying in 8 seconds
1de349447d3a: Retrying in 7 seconds
1de349447d3a: Retrying in 6 seconds
1de349447d3a: Retrying in 5 seconds
1de349447d3a: Retrying in 4 seconds
1de349447d3a: Retrying in 3 seconds
23695b02018e: Retrying in 20 seconds
1de349447d3a: Retrying in 2 seconds
23695b02018e: Retrying in 19 seconds
1de349447d3a: Retrying in 1 second
23695b02018e: Retrying in 18 seconds
23695b02018e: Retrying in 17 seconds
23695b02018e: Retrying in 16 seconds
23695b02018e: Retrying in 15 seconds
23695b02018e: Retrying in 14 seconds
23695b02018e: Retrying in 13 seconds
23695b02018e: Retrying in 12 seconds
23695b02018e: Retrying in 11 seconds
23695b02018e: Retrying in 10 seconds
23695b02018e: Retrying in 9 seconds
23695b02018e: Retrying in 8 seconds
23695b02018e: Retrying in 7 seconds
23695b02018e: Retrying in 6 seconds
23695b02018e: Retrying in 5 seconds
23695b02018e: Retrying in 4 seconds
23695b02018e: Retrying in 3 seconds
23695b02018e: Retrying in 2 seconds
23695b02018e: Retrying in 1 second
c7492becd8ad: Verifying Checksum
c7492becd8ad: Download complete
3c6a7294b1b9: Verifying Checksum
3c6a7294b1b9: Download complete
1de349447d3a: Retrying in 20 seconds
1de349447d3a: Retrying in 19 seconds
1de349447d3a: Retrying in 18 seconds
1de349447d3a: Retrying in 17 seconds
1de349447d3a: Retrying in 16 seconds
1de349447d3a: Retrying in 15 seconds
1de349447d3a: Retrying in 14 seconds
1de349447d3a: Retrying in 13 seconds
1de349447d3a: Retrying in 12 seconds
1de349447d3a: Retrying in 11 seconds
1de349447d3a: Retrying in 10 seconds
1de349447d3a: Retrying in 9 seconds
1de349447d3a: Retrying in 8 seconds
1de349447d3a: Retrying in 7 seconds
1de349447d3a: Retrying in 6 seconds
1de349447d3a: Retrying in 5 seconds
1de349447d3a: Retrying in 4 seconds
1de349447d3a: Retrying in 3 seconds
1de349447d3a: Retrying in 2 seconds
1de349447d3a: Retrying in 1 second
Get "https://production.cloudflare.docker.com/registry-v2/docker/registry/v2/blobs/sha256/1d/1de349447d3a1e17346e3a3748d5885fc2ef839666837b9f8976ca37d267765c/data?expires=1762545193&signature=DoK21KguDOgX9tOC3lSME9HqtEE%3D&version=2": dial tcp 104.16.99.215:443: i/o timeout
[nightly] Pull failed, retrying in 60s...
[nightly] Pull attempt 3/3 for rocm/sgl-dev:v0.5.5-rocm700-mi35x-20251107...
v0.5.5-rocm700-mi35x-20251107: Pulling from rocm/sgl-dev
660ffc76f83b: Already exists
8f15127cc838: Already exists
9b15895e3240: Already exists
f9b093ef803e: Already exists
7871d920fb0f: Already exists
7935d8c4e26c: Already exists
a32765e78010: Already exists
7fc751a2ed3a: Already exists
980be016a223: Already exists
9e1a971876ec: Already exists
ec6812b374e9: Already exists
01b887f14943: Already exists
844c30750327: Already exists
2682f0d8340c: Already exists
4f4fb700ef54: Already exists
349b8c8a8418: Already exists
d0b1657b26f5: Already exists
45b70560bebf: Already exists
4f4fb700ef54: Already exists
b18067367790: Already exists
80e4388c8594: Already exists
43bd5f89e157: Already exists
4f4e25c713a5: Already exists
fa9b244e8ec3: Already exists
4f4fb700ef54: Already exists
4f4fb700ef54: Already exists
802ff7b676ec: Already exists
4f4fb700ef54: Already exists
91c970c997c5: Already exists
c7b1c2221fca: Already exists
f741376ff6a1: Already exists
d9b88c1e947d: Already exists
0e6681539f16: Already exists
f299772a6a12: Already exists
4f4fb700ef54: Already exists
a71f1f189449: Already exists
4f4fb700ef54: Already exists
e8800f472899: Already exists
72c7cdb96274: Pulling fs layer
b9255acc54ae: Pulling fs layer
4f4fb700ef54: Pulling fs layer
11fbc9546fa4: Pulling fs layer
7f462e8a6c92: Pulling fs layer
f36e7961d818: Pulling fs layer
5ffd6c7430d9: Pulling fs layer
900305bdcf53: Pulling fs layer
acbadc6060b0: Pulling fs layer
23695b02018e: Pulling fs layer
2fc37eb983a9: Pulling fs layer
1de349447d3a: Pulling fs layer
11fbc9546fa4: Waiting
c7492becd8ad: Pulling fs layer
3c6a7294b1b9: Pulling fs layer
5ffd6c7430d9: Waiting
3c6a7294b1b9: Waiting
900305bdcf53: Waiting
acbadc6060b0: Waiting
7f462e8a6c92: Waiting
23695b02018e: Waiting
2fc37eb983a9: Waiting
1de349447d3a: Waiting
c7492becd8ad: Waiting
f36e7961d818: Waiting
b9255acc54ae: Waiting
72c7cdb96274: Waiting
b9255acc54ae: Downloading
b9255acc54ae: Retrying in 5 seconds
b9255acc54ae: Retrying in 4 seconds
b9255acc54ae: Retrying in 3 seconds
b9255acc54ae: Retrying in 2 seconds
b9255acc54ae: Retrying in 1 second
11fbc9546fa4: Retrying in 5 seconds
11fbc9546fa4: Retrying in 4 seconds
11fbc9546fa4: Retrying in 3 seconds
11fbc9546fa4: Retrying in 2 seconds
11fbc9546fa4: Retrying in 1 second
72c7cdb96274: Retrying in 5 seconds
72c7cdb96274: Retrying in 4 seconds
72c7cdb96274: Retrying in 3 seconds
72c7cdb96274: Retrying in 2 seconds
72c7cdb96274: Retrying in 1 second
11fbc9546fa4: Retrying in 10 seconds
11fbc9546fa4: Retrying in 9 seconds
11fbc9546fa4: Retrying in 8 seconds
11fbc9546fa4: Retrying in 7 seconds
11fbc9546fa4: Retrying in 6 seconds
11fbc9546fa4: Retrying in 5 seconds
11fbc9546fa4: Retrying in 4 seconds
11fbc9546fa4: Retrying in 3 seconds
11fbc9546fa4: Retrying in 2 seconds
11fbc9546fa4: Retrying in 1 second
b9255acc54ae: Retrying in 10 seconds
b9255acc54ae: Retrying in 9 seconds
b9255acc54ae: Retrying in 8 seconds
b9255acc54ae: Retrying in 7 seconds
b9255acc54ae: Retrying in 6 seconds
b9255acc54ae: Retrying in 5 seconds
b9255acc54ae: Retrying in 4 seconds
b9255acc54ae: Retrying in 3 seconds
b9255acc54ae: Retrying in 2 seconds
b9255acc54ae: Retrying in 1 second
b9255acc54ae: Retrying in 15 seconds
b9255acc54ae: Retrying in 14 seconds
b9255acc54ae: Retrying in 13 seconds
b9255acc54ae: Retrying in 12 seconds
11fbc9546fa4: Downloading
11fbc9546fa4: Retrying in 15 seconds
b9255acc54ae: Retrying in 11 seconds
11fbc9546fa4: Retrying in 14 seconds
b9255acc54ae: Retrying in 10 seconds
11fbc9546fa4: Retrying in 13 seconds
b9255acc54ae: Retrying in 9 seconds
11fbc9546fa4: Retrying in 12 seconds
b9255acc54ae: Retrying in 8 seconds
11fbc9546fa4: Retrying in 11 seconds
b9255acc54ae: Retrying in 7 seconds
11fbc9546fa4: Retrying in 10 seconds
b9255acc54ae: Retrying in 6 seconds
11fbc9546fa4: Retrying in 9 seconds
b9255acc54ae: Retrying in 5 seconds
11fbc9546fa4: Retrying in 8 seconds
b9255acc54ae: Retrying in 4 seconds
11fbc9546fa4: Retrying in 7 seconds
b9255acc54ae: Retrying in 3 seconds
11fbc9546fa4: Retrying in 6 seconds
b9255acc54ae: Retrying in 2 seconds
11fbc9546fa4: Retrying in 5 seconds
b9255acc54ae: Retrying in 1 second
11fbc9546fa4: Retrying in 4 seconds
11fbc9546fa4: Retrying in 3 seconds
11fbc9546fa4: Retrying in 2 seconds
11fbc9546fa4: Retrying in 1 second
b9255acc54ae: Retrying in 20 seconds
b9255acc54ae: Retrying in 19 seconds
b9255acc54ae: Retrying in 18 seconds
b9255acc54ae: Retrying in 17 seconds
b9255acc54ae: Retrying in 16 seconds
b9255acc54ae: Retrying in 15 seconds
b9255acc54ae: Retrying in 14 seconds
b9255acc54ae: Retrying in 13 seconds
b9255acc54ae: Retrying in 12 seconds
b9255acc54ae: Retrying in 11 seconds
b9255acc54ae: Retrying in 10 seconds
b9255acc54ae: Retrying in 9 seconds
b9255acc54ae: Retrying in 8 seconds
b9255acc54ae: Retrying in 7 seconds
b9255acc54ae: Retrying in 6 seconds
b9255acc54ae: Retrying in 5 seconds
b9255acc54ae: Retrying in 4 seconds
b9255acc54ae: Retrying in 3 seconds
b9255acc54ae: Retrying in 2 seconds
b9255acc54ae: Retrying in 1 second
72c7cdb96274: Retrying in 10 seconds
72c7cdb96274: Retrying in 9 seconds
72c7cdb96274: Retrying in 8 seconds
72c7cdb96274: Retrying in 7 seconds
72c7cdb96274: Retrying in 6 seconds
72c7cdb96274: Retrying in 5 seconds
72c7cdb96274: Retrying in 4 seconds
72c7cdb96274: Retrying in 3 seconds
72c7cdb96274: Retrying in 2 seconds
72c7cdb96274: Retrying in 1 second
72c7cdb96274: Download complete
72c7cdb96274: Pull complete
7f462e8a6c92: Verifying Checksum
7f462e8a6c92: Download complete
11fbc9546fa4: Retrying in 20 seconds
11fbc9546fa4: Retrying in 19 seconds
11fbc9546fa4: Retrying in 18 seconds
11fbc9546fa4: Retrying in 17 seconds
11fbc9546fa4: Retrying in 16 seconds
11fbc9546fa4: Retrying in 15 seconds
11fbc9546fa4: Retrying in 14 seconds
11fbc9546fa4: Retrying in 13 seconds
11fbc9546fa4: Retrying in 12 seconds
11fbc9546fa4: Retrying in 11 seconds
11fbc9546fa4: Retrying in 10 seconds
11fbc9546fa4: Retrying in 9 seconds
11fbc9546fa4: Retrying in 8 seconds
11fbc9546fa4: Retrying in 7 seconds
11fbc9546fa4: Retrying in 6 seconds
11fbc9546fa4: Retrying in 5 seconds
11fbc9546fa4: Retrying in 4 seconds
11fbc9546fa4: Retrying in 3 seconds
11fbc9546fa4: Retrying in 2 seconds
11fbc9546fa4: Retrying in 1 second
5ffd6c7430d9: Download complete
900305bdcf53: Download complete
acbadc6060b0: Verifying Checksum
acbadc6060b0: Download complete
f36e7961d818: Verifying Checksum
f36e7961d818: Download complete
2fc37eb983a9: Download complete
23695b02018e: Retrying in 5 seconds
23695b02018e: Retrying in 4 seconds
23695b02018e: Retrying in 3 seconds
23695b02018e: Retrying in 2 seconds
23695b02018e: Retrying in 1 second
23695b02018e: Verifying Checksum
23695b02018e: Download complete
c7492becd8ad: Verifying Checksum
c7492becd8ad: Download complete
3c6a7294b1b9: Verifying Checksum
3c6a7294b1b9: Download complete
b9255acc54ae: Verifying Checksum
b9255acc54ae: Download complete
b9255acc54ae: Pull complete
1de349447d3a: Verifying Checksum
1de349447d3a: Download complete
Get "https://production.cloudflare.docker.com/registry-v2/docker/registry/v2/blobs/sha256/11/11fbc9546fa46179497e6f441fa1ad2432c7d9b4b1a7e97dd0a9f34176f06178/data?expires=1762545801&signature=ilL4z6deFnQcTdHBT5tVQanpeNI%3D&version=2": dial tcp 104.16.101.215:443: i/o timeout
[nightly] All pull attempts failed for rocm/sgl-dev:v0.5.5-rocm700-mi35x-20251107
[nightly] WARN: Failed to obtain candidate tag v0.5.5-rocm700-mi35x-20251107. It may be private or invalid.
[nightly] No image found for today. Checking yesterday as a fallback...
[nightly] Searching for non-SRT mi35x image in 'rocm/sgl-dev' for date 20251106...
[nightly] Fallback found candidate tag: v0.5.4.post3-rocm700-mi35x-20251106
[nightly] Pull attempt 1/3 for rocm/sgl-dev:v0.5.4.post3-rocm700-mi35x-20251106...
v0.5.4.post3-rocm700-mi35x-20251106: Pulling from rocm/sgl-dev
660ffc76f83b: Already exists
8f15127cc838: Already exists
9b15895e3240: Already exists
f9b093ef803e: Already exists
7871d920fb0f: Already exists
7935d8c4e26c: Already exists
a32765e78010: Already exists
7fc751a2ed3a: Already exists
980be016a223: Already exists
9e1a971876ec: Already exists
ec6812b374e9: Already exists
01b887f14943: Already exists
844c30750327: Already exists
2682f0d8340c: Already exists
4f4fb700ef54: Already exists
349b8c8a8418: Already exists
d0b1657b26f5: Already exists
45b70560bebf: Already exists
4f4fb700ef54: Already exists
b18067367790: Already exists
80e4388c8594: Already exists
43bd5f89e157: Already exists
4f4e25c713a5: Already exists
fa9b244e8ec3: Already exists
4f4fb700ef54: Already exists
4f4fb700ef54: Already exists
802ff7b676ec: Already exists
4f4fb700ef54: Already exists
91c970c997c5: Already exists
c7b1c2221fca: Already exists
f741376ff6a1: Already exists
d9b88c1e947d: Already exists
0e6681539f16: Already exists
49f4b842dd09: Pulling fs layer
4f4fb700ef54: Pulling fs layer
b8711fdbf8df: Pulling fs layer
06a8565826c3: Pulling fs layer
69e172821deb: Pulling fs layer
a370f2359cd8: Pulling fs layer
8b617b7af20f: Pulling fs layer
c5454504628a: Pulling fs layer
fd80e9b94805: Pulling fs layer
19c935d4da7f: Pulling fs layer
c96cec9f8f1f: Pulling fs layer
2fd7e96e1774: Pulling fs layer
58f66eeea5f4: Pulling fs layer
0f33b9528c53: Pulling fs layer
c7564f4d4b80: Pulling fs layer
1a4da8af3ead: Pulling fs layer
7f4194d455bb: Pulling fs layer
06a8565826c3: Waiting
69e172821deb: Waiting
c96cec9f8f1f: Waiting
a370f2359cd8: Waiting
2fd7e96e1774: Waiting
58f66eeea5f4: Waiting
0f33b9528c53: Waiting
8b617b7af20f: Waiting
c5454504628a: Waiting
c7564f4d4b80: Waiting
fd80e9b94805: Waiting
1a4da8af3ead: Waiting
7f4194d455bb: Waiting
19c935d4da7f: Waiting
4f4fb700ef54: Download complete
b8711fdbf8df: Download complete
06a8565826c3: Verifying Checksum
06a8565826c3: Download complete
49f4b842dd09: Verifying Checksum
49f4b842dd09: Download complete
49f4b842dd09: Pull complete
4f4fb700ef54: Pull complete
b8711fdbf8df: Pull complete
06a8565826c3: Pull complete
69e172821deb: Verifying Checksum
69e172821deb: Download complete
c5454504628a: Verifying Checksum
c5454504628a: Download complete
69e172821deb: Pull complete
fd80e9b94805: Verifying Checksum
fd80e9b94805: Download complete
19c935d4da7f: Verifying Checksum
19c935d4da7f: Download complete
c96cec9f8f1f: Download complete
a370f2359cd8: Verifying Checksum
a370f2359cd8: Download complete
2fd7e96e1774: Verifying Checksum
2fd7e96e1774: Download complete
0f33b9528c53: Download complete
a370f2359cd8: Pull complete
c7564f4d4b80: Verifying Checksum
c7564f4d4b80: Download complete
58f66eeea5f4: Verifying Checksum
58f66eeea5f4: Download complete
7f4194d455bb: Verifying Checksum
7f4194d455bb: Download complete
1a4da8af3ead: Verifying Checksum
1a4da8af3ead: Download complete
8b617b7af20f: Verifying Checksum
8b617b7af20f: Download complete
8b617b7af20f: Pull complete
c5454504628a: Pull complete
fd80e9b94805: Pull complete
19c935d4da7f: Pull complete
c96cec9f8f1f: Pull complete
2fd7e96e1774: Pull complete
58f66eeea5f4: Pull complete
0f33b9528c53: Pull complete
c7564f4d4b80: Pull complete
1a4da8af3ead: Pull complete
7f4194d455bb: Pull complete
Digest: sha256:a38c914207413eedf19fc1feea9e0ab78400830ea89c7eb17b1e6e7607696c11
Status: Downloaded newer image for rocm/sgl-dev:v0.5.4.post3-rocm700-mi35x-20251106
docker.io/rocm/sgl-dev:v0.5.4.post3-rocm700-mi35x-20251106
[nightly] Successfully pulled image: rocm/sgl-dev:v0.5.4.post3-rocm700-mi35x-20251106
[nightly] Successfully obtained fallback image for date 20251106: rocm/sgl-dev:v0.5.4.post3-rocm700-mi35x-20251106
[nightly] Found 1 valid image(s) to run benchmarks on:
[nightly]   - rocm/sgl-dev:v0.5.4.post3-rocm700-mi35x-20251106

[nightly] ==========================================
[nightly] Starting benchmarks for image: rocm/sgl-dev:v0.5.4.post3-rocm700-mi35x-20251106
[nightly] ==========================================
[nightly] Checking GPU status before starting benchmarks for rocm/sgl-dev:v0.5.4.post3-rocm700-mi35x-20251106...
[nightly] GPU is busy. Attempting to stop running Docker containers...
[nightly] Stopping running containers: f8374aeb368a
[nightly] Waiting 15s for GPU to become idle...
[nightly] WARN: GPU may still be busy, but proceeding as requested.
[nightly] INFO: No completion check defined for mode 'sanity'. Assuming not complete.
[nightly] Using Docker image: rocm/sgl-dev:v0.5.4.post3-rocm700-mi35x-20251106
[nightly] Container name: sgl-dev_v0.5.4.post3-rocm700-mi35x-20251106
[nightly] Creating container sgl-dev_v0.5.4.post3-rocm700-mi35x-20251106
60efa30e76905cd80a0520cb348618100eaa9f3d4ef41500f6d5702604c29502
[nightly] No custom model path provided. Using default model path from benchmark script for sanity model.
[nightly] === Starting benchmark execution ===
[nightly] === Starting nightly SANITY sanity benchmark ===
[nightly] Launching sanity check inside sgl-dev_v0.5.4.post3-rocm700-mi35x-20251106
[nightly] Executing: python3 '/mnt/raid/michael/sglang-ci/test/sanity_check.py' --docker-image='rocm/sgl-dev:v0.5.4.post3-rocm700-mi35x-20251106' --hardware='mi35x' --trials=3 --log-dir='/mnt/raid/michael/sglang-ci/test/sanity_check_log/mi35x'
[nightly] === Sanity check failed (exit code: 137) ===
[nightly] Sending Teams notification for sanity check results...
OCI runtime exec failed: exec failed: unable to start container process: error executing setns process: exit status 1: unknown
[nightly] WARN: Teams notification failed for sanity check (exit code: 128)
[nightly] === Starting post-processing (CSV processing, plot generation, Teams notifications) ===
[nightly] === Sanity post-processing completed for SANITY ===
[nightly] ==========================================
[nightly] Completed benchmarks for image: rocm/sgl-dev:v0.5.4.post3-rocm700-mi35x-20251106
[nightly] Stopping container sgl-dev_v0.5.4.post3-rocm700-mi35x-20251106 to release resources...
[nightly] ==========================================
[nightly] ==========================================
[nightly] All benchmarks completed for 1 image(s)
[nightly] ==========================================
[nightly] Cleaning up process lock...
