[check] ==========================================
[check] SGL Nightly Docker Image Availability Check
[check] ==========================================
[check] Run Date/Time: 2025-12-16 09:00:01 PST
[check] Machine: dell300x-pla-t12-38
[check] Repository: rocm/sgl-dev
[check] Hardware types: mi30x mi35x
[check] Checking images for date: 20251216

[check] Searching for mi30x image (rocm700)... found, verifying... ✓ AVAILABLE
[check]   Image: rocm/sgl-dev:v0.5.6.post2-rocm700-mi30x-20251216
[check] Searching for mi30x image (rocm630) [optional]... found, verifying... ✓ AVAILABLE
[check]   Image: rocm/sgl-dev:v0.5.6.post2-rocm630-mi30x-20251216
[check] Searching for mi35x image (rocm700)... found, verifying... ✓ AVAILABLE
[check]   Image: rocm/sgl-dev:v0.5.6.post2-rocm700-mi35x-20251216

[check] ==========================================
[check] Summary
[check] ==========================================
[check] Total images checked: 3
[check] Available images: 3
[check] Missing required images: 0
[check] Missing optional images: 0

[check] ✓ All expected images are available!
