[nightly] ==========================================
[nightly] SGL Nightly Benchmark Started
[nightly] ==========================================
[nightly] Command: scripts/perf_nightly.sh --mode=sanity --hardware=mi30x --sanity-trials=3 --models-dir=/data/models --teams-webhook-url=
[nightly] Start time: 2025-12-16 09:15:01 PST
[nightly] Machine: dell300x-pla-t12-38
[nightly] Working directory: /mnt/raid/michael/sglang-ci
[nightly] Script location: /mnt/raid/michael/sglang-ci/scripts/perf_nightly.sh
[nightly] Process ID: 2206372
[nightly] ==========================================

[nightly] Runtime Environment:
[nightly] User: amd | Groups: amd adm cdrom... | Docker: /usr/bin/docker
[nightly] Testing Docker daemon access...
[nightly] Docker daemon accessible - proceeding...
[nightly] WARN: --teams-webhook-url was provided without a value - notifications disabled
[nightly] Will run 3 trials per model for sanity check
[nightly] Using rocm700 for sanity check on mi30x hardware (improved FP8 accuracy)
[nightly] Hardware: mi30x, ROCM Version: rocm700
[nightly] Mode is 'sanity', setting model to 'sanity' as well
[nightly] Model: sanity, Mode(s): sanity
[nightly] Created process lock: /tmp/perf_nightly_sanity.lock
[nightly] GPU is busy. Attempting to stop running Docker containers...
[nightly] No running containers to stop.
[nightly] Waiting 15s for GPU to become idle...
[nightly] WARN: GPU may still be busy, but proceeding as requested.
[nightly] Searching for non-SRT images for sanity for the last 1 days...
[nightly] Searching for non-SRT mi30x image (rocm700) in 'rocm/sgl-dev' for date 20251216...
[nightly] Found candidate tag for day -0: v0.5.6.post2-rocm700-mi30x-20251216
[nightly] Pull attempt 1/3 for rocm/sgl-dev:v0.5.6.post2-rocm700-mi30x-20251216...
v0.5.6.post2-rocm700-mi30x-20251216: Pulling from rocm/sgl-dev
660ffc76f83b: Already exists
8f15127cc838: Already exists
9b15895e3240: Already exists
f9b093ef803e: Already exists
7871d920fb0f: Already exists
7935d8c4e26c: Already exists
a32765e78010: Already exists
7fc751a2ed3a: Already exists
980be016a223: Already exists
9e1a971876ec: Already exists
ec6812b374e9: Already exists
01b887f14943: Already exists
844c30750327: Already exists
2682f0d8340c: Already exists
4f4fb700ef54: Already exists
349b8c8a8418: Already exists
d0b1657b26f5: Already exists
45b70560bebf: Already exists
4f4fb700ef54: Already exists
b18067367790: Already exists
80e4388c8594: Already exists
43bd5f89e157: Already exists
4f4e25c713a5: Already exists
fa9b244e8ec3: Already exists
4f4fb700ef54: Already exists
4f4fb700ef54: Already exists
802ff7b676ec: Already exists
4f4fb700ef54: Already exists
91c970c997c5: Already exists
c7b1c2221fca: Already exists
f741376ff6a1: Already exists
d9b88c1e947d: Already exists
0e6681539f16: Already exists
f58edb92caef: Already exists
4f4fb700ef54: Already exists
6f6bf38cbe7e: Already exists
4f4fb700ef54: Already exists
7c254f89cd1e: Already exists
e4a03b906a19: Pulling fs layer
02f596a64ce6: Pulling fs layer
4f4fb700ef54: Pulling fs layer
ac0a370c73f0: Pulling fs layer
fc07b538b970: Pulling fs layer
ce3ec114e5db: Pulling fs layer
bc2e804ecd05: Pulling fs layer
fc07b538b970: Waiting
daac828ef96a: Pulling fs layer
ce3ec114e5db: Waiting
bc2e804ecd05: Waiting
00467cd12b6c: Pulling fs layer
cdfb1d9c331b: Pulling fs layer
daac828ef96a: Waiting
00467cd12b6c: Waiting
25d2f26c9902: Pulling fs layer
cdfb1d9c331b: Waiting
25d2f26c9902: Waiting
52f8ba2db70b: Pulling fs layer
7a26e5b25233: Pulling fs layer
7a26e5b25233: Waiting
52f8ba2db70b: Waiting
02f596a64ce6: Verifying Checksum
02f596a64ce6: Download complete
fc07b538b970: Verifying Checksum
fc07b538b970: Download complete
e4a03b906a19: Verifying Checksum
e4a03b906a19: Download complete
bc2e804ecd05: Verifying Checksum
bc2e804ecd05: Download complete
daac828ef96a: Download complete
e4a03b906a19: Pull complete
ce3ec114e5db: Verifying Checksum
ce3ec114e5db: Download complete
00467cd12b6c: Verifying Checksum
00467cd12b6c: Download complete
25d2f26c9902: Download complete
02f596a64ce6: Pull complete
52f8ba2db70b: Verifying Checksum
52f8ba2db70b: Download complete
7a26e5b25233: Verifying Checksum
7a26e5b25233: Download complete
ac0a370c73f0: Verifying Checksum
ac0a370c73f0: Download complete
cdfb1d9c331b: Verifying Checksum
cdfb1d9c331b: Download complete
ac0a370c73f0: Pull complete
fc07b538b970: Pull complete
ce3ec114e5db: Pull complete
bc2e804ecd05: Pull complete
daac828ef96a: Pull complete
00467cd12b6c: Pull complete
cdfb1d9c331b: Pull complete
25d2f26c9902: Pull complete
52f8ba2db70b: Pull complete
7a26e5b25233: Pull complete
Digest: sha256:702c91e6c0329b3ccbbbc6e78f9ca1958d33c43ee0e648b0e59d2ff79ed792ac
Status: Downloaded newer image for rocm/sgl-dev:v0.5.6.post2-rocm700-mi30x-20251216
docker.io/rocm/sgl-dev:v0.5.6.post2-rocm700-mi30x-20251216
[nightly] Successfully pulled image: rocm/sgl-dev:v0.5.6.post2-rocm700-mi30x-20251216
[nightly] Successfully obtained image for date 20251216: rocm/sgl-dev:v0.5.6.post2-rocm700-mi30x-20251216
[nightly] Found 1 valid image(s) to run benchmarks on:
[nightly]   - rocm/sgl-dev:v0.5.6.post2-rocm700-mi30x-20251216

[nightly] ==========================================
[nightly] Starting benchmarks for image: rocm/sgl-dev:v0.5.6.post2-rocm700-mi30x-20251216
[nightly] ==========================================
[nightly] Checking GPU status before starting benchmarks for rocm/sgl-dev:v0.5.6.post2-rocm700-mi30x-20251216...
[nightly] GPU is busy. Attempting to stop running Docker containers...
[nightly] No running containers to stop.
[nightly] Waiting 15s for GPU to become idle...
[nightly] WARN: GPU may still be busy, but proceeding as requested.
[nightly] INFO: No completion check defined for mode 'sanity'. Assuming not complete.
[nightly] Using Docker image: rocm/sgl-dev:v0.5.6.post2-rocm700-mi30x-20251216
[nightly] Container name: sgl-dev_v0.5.6.post2-rocm700-mi30x-20251216
[nightly] Creating container sgl-dev_v0.5.6.post2-rocm700-mi30x-20251216
e873251f0cb6acb2f8a33acdbdf9a01712f5579378180226879a77934bed4d9d
[nightly] No custom model path provided. Using default model path from benchmark script for sanity model.
[nightly] === Starting benchmark execution ===
[nightly] === Starting nightly SANITY sanity benchmark ===
[nightly] Launching sanity check inside sgl-dev_v0.5.6.post2-rocm700-mi30x-20251216
[nightly] Executing: python3 '/mnt/raid/michael/sglang-ci/test/sanity_check.py' --docker-image='rocm/sgl-dev:v0.5.6.post2-rocm700-mi30x-20251216' --hardware='mi30x' --trials=3 --log-dir='/mnt/raid/michael/sglang-ci/test/sanity_check_log/mi30x' --models-dir='/data/models'
