[docker-cleanup] ==========================================
[docker-cleanup] Docker Cleanup Script Started
[docker-cleanup] Date: 2025-11-24 09:30:02 CST
[docker-cleanup] Cleanup images older than: 7 days
[docker-cleanup] Critical space threshold: 200 GB
[docker-cleanup] Dry run mode: false
[docker-cleanup] ==========================================
[docker-cleanup] Initial disk usage: 71% (970G free)
[docker-cleanup] Initial free space: 970 GB
[docker-cleanup] Disk space is healthy (970 GB available)
[docker-cleanup] Step 1: Removing stopped Docker containers...
[docker-cleanup] Found 9 stopped container(s)
[docker-cleanup] ✅ Removed stopped containers
[docker-cleanup] Step 2: Removing old sgl-dev images (older than 7 days)...
[docker-cleanup] ⚠️  Failed to remove (may be in use): rocm/sgl-dev:v0.5.5.post3-rocm700-mi35x-20251117
[docker-cleanup] ✅ Removed: rocm/sgl-dev:v0.5.5.post2-rocm700-mi35x-20251114
[docker-cleanup] ✅ Removed: rocm/sgl-dev:v0.5.5.post2-rocm700-mi35x-20251113
[docker-cleanup] ✅ Removed: rocm/sgl-dev:v0.5.5.post2-rocm700-mi35x-20251112
[docker-cleanup] ✅ Removed: rocm/sgl-dev:v0.5.5.post1-rocm700-mi35x-20251111
[docker-cleanup] ✅ Removed: rocm/sgl-dev:v0.5.5-rocm700-mi35x-20251110
[docker-cleanup] ✅ Removed: rocm/sgl-dev:v0.5.5-rocm700-mi35x-20251109
[docker-cleanup] ✅ Removed: rocm/sgl-dev:v0.5.5-rocm700-mi35x-20251108
[docker-cleanup] Processed old sgl-dev images: 7 removed, 7 kept/skipped
[docker-cleanup] Step 3: Removing dangling images and unused data...
[docker-cleanup] ✅ Cleaned up dangling images
[docker-cleanup] ==========================================
[docker-cleanup] ✅ Docker Cleanup Complete
[docker-cleanup] Initial disk usage: 71% (970G free) (970 GB free)
[docker-cleanup] Final disk usage: 67% (1.1T free) (1124 GB free)
[docker-cleanup] Space freed: 154 GB
[docker-cleanup] Date: 2025-11-24 09:30:52 CST
[docker-cleanup] ==========================================
[docker-cleanup] Docker disk usage summary:
TYPE            TOTAL     ACTIVE    SIZE      RECLAIMABLE
Images          13        3         385.1GB   365.3GB (94%)
Containers      3         3         783.7MB   0B (0%)
Local Volumes   0         0         0B        0B
Build Cache     1         0         0B        0B
