[nightly] ==========================================
[nightly] SGL Nightly Benchmark Started
[nightly] ==========================================
[nightly] Command: scripts/perf_nightly.sh --model=grok --model-path=/data/models/amd--grok-1-W4A8KV8 --mode=online --hardware=mi30x --teams-webhook-url=
[nightly] Start time: 2025-12-13 11:45:01 PST
[nightly] Machine: dell300x-pla-t12-38
[nightly] Working directory: /mnt/raid/michael/sglang-ci
[nightly] Script location: /mnt/raid/michael/sglang-ci/scripts/perf_nightly.sh
[nightly] Process ID: 1886207
[nightly] ==========================================

[nightly] Runtime Environment:
[nightly] User: amd | Groups: amd adm cdrom... | Docker: /usr/bin/docker
[nightly] Testing Docker daemon access...
[nightly] Docker daemon accessible - proceeding...
[nightly] WARN: --teams-webhook-url was provided without a value - notifications disabled
[nightly] Custom model path provided: /data/models/amd--grok-1-W4A8KV8
[nightly] Hardware: mi30x, ROCM Version: rocm700
[nightly] Model: grok, Mode(s): online
[nightly] Created process lock: /tmp/perf_nightly_grok.lock
[nightly] GPU is busy. Attempting to stop running Docker containers...
[nightly] No running containers to stop.
[nightly] Waiting 15s for GPU to become idle...
[nightly] WARN: GPU may still be busy, but proceeding as requested.
[nightly] Searching for non-SRT images for grok for the last 1 days...
[nightly] Searching for non-SRT mi30x image (rocm700) in 'rocm/sgl-dev' for date 20251213...
[nightly] Primary version (rocm700) not found, trying fallback (rocm630)...
[nightly] Searching for non-SRT mi30x image (rocm630) in 'rocm/sgl-dev' for date 20251213...
[nightly] Using fallback ROCM version: rocm630
[nightly] Found candidate tag for day -0: v0.5.6.post2-rocm630-mi30x-20251213
[nightly] Found local image: rocm/sgl-dev:v0.5.6.post2-rocm630-mi30x-20251213
[nightly] Successfully obtained image for date 20251213: rocm/sgl-dev:v0.5.6.post2-rocm630-mi30x-20251213
[nightly] Found 1 valid image(s) to run benchmarks on:
[nightly]   - rocm/sgl-dev:v0.5.6.post2-rocm630-mi30x-20251213

[nightly] ==========================================
[nightly] Starting benchmarks for image: rocm/sgl-dev:v0.5.6.post2-rocm630-mi30x-20251213
[nightly] ==========================================
[nightly] Checking GPU status before starting benchmarks for rocm/sgl-dev:v0.5.6.post2-rocm630-mi30x-20251213...
[nightly] GPU is busy. Attempting to stop running Docker containers...
[nightly] No running containers to stop.
[nightly] Waiting 15s for GPU to become idle...
[nightly] WARN: GPU may still be busy, but proceeding as requested.
[nightly] INFO: Found 0/15 completed runs for rocm/sgl-dev:v0.5.6.post2-rocm630-mi30x-20251213 (online). Proceeding with benchmarks.
[nightly] Using Docker image: rocm/sgl-dev:v0.5.6.post2-rocm630-mi30x-20251213
[nightly] Container name: sgl-dev_v0.5.6.post2-rocm630-mi30x-20251213
[nightly] Reusing container sgl-dev_v0.5.6.post2-rocm630-mi30x-20251213
[nightly] === Starting benchmark execution ===
[nightly] === Starting nightly GROK online benchmark ===
[nightly] Launching grok_perf_online_csv.sh inside sgl-dev_v0.5.6.post2-rocm630-mi30x-20251213
[online] Auto-detected model type: grok1 from path: /data/models/amd--grok-1-W4A8KV8
[online] Using Grok 1 configuration
[online] Using custom model path as tokenizer path: /data/models/amd--grok-1-W4A8KV8
[online] Script started at: 2025-12-13 11:45:35 PST
Scanning existing logs to check if all benchmarks are already complete...
Checking GSM8K log status...
Missing: GSM8K log file (/mnt/raid/michael/sglang-ci/online/GROK1/v0.5.6.post2-rocm630-mi30x-20251213_GROK1_MOE-I4F8_online/sglang_client_log_GROK1_gsm8k_aiter.log)
Checking client benchmark logs...
Scan complete: 0/5 client benchmark runs are complete.
❌ Missing or incomplete client benchmark runs.
❌ GSM8K benchmark is missing, empty, or incomplete.
Server startup required.
Starting benchmarks using aiter backend...
[online] Cleaning up stale aiter JIT lock files...
[online] No stale aiter lock files found
[online] Using Grok1 environment: HSA_ENABLE_COREDUMP=0 SGLANG_USE_AITER=1 SGLANG_INT4_WEIGHT=1
[online] Launching backend=aiter for grok1
[online] Waiting for server to be ready (timeout: 600s)...
[online] Still waiting... (10s elapsed)
[online] Still waiting... (20s elapsed)
[online] Still waiting... (30s elapsed)
[online] Still waiting... (40s elapsed)
[online] Still waiting... (50s elapsed)
[online] Still waiting... (60s elapsed)
/mnt/raid/michael/sglang-ci/scripts/grok_perf_online_csv.sh: line 457:    54 Killed                  env HSA_ENABLE_COREDUMP=0 SGLANG_USE_AITER=1 SGLANG_INT4_WEIGHT=1 python3 -m sglang.launch_server --model '/data/models/amd--grok-1-W4A8KV8' --tokenizer-path '/data/models/amd--grok-1-W4A8KV8' --tp 8 --quantization fp8 --trust-remote-code --attention-backend aiter --mem-fraction-static 0.85 --watchdog-timeout 600 > '/mnt/raid/michael/sglang-ci/online/GROK1/v0.5.6.post2-rocm630-mi30x-20251213_GROK1_MOE-I4F8_online/server_output_aiter.log' 2>&1
[online] Still waiting... (70s elapsed)
[online] Still waiting... (80s elapsed)
[online] Still waiting... (90s elapsed)
[online] Still waiting... (100s elapsed)
[online] Still waiting... (110s elapsed)
[online] Still waiting... (120s elapsed)
[online] Still waiting... (130s elapsed)
[online] Still waiting... (140s elapsed)
[online] Still waiting... (150s elapsed)
[online] Still waiting... (160s elapsed)
[online] Still waiting... (170s elapsed)
[online] Still waiting... (180s elapsed)
[online] Still waiting... (190s elapsed)
[online] Still waiting... (200s elapsed)
[online] Still waiting... (210s elapsed)
[online] Still waiting... (220s elapsed)
[online] Still waiting... (230s elapsed)
[online] Still waiting... (240s elapsed)
[online] Still waiting... (250s elapsed)
[online] Still waiting... (260s elapsed)
[online] Still waiting... (270s elapsed)
[online] Still waiting... (280s elapsed)
[online] Still waiting... (290s elapsed)
[online] Still waiting... (300s elapsed)
[online] Still waiting... (310s elapsed)
[online] Still waiting... (320s elapsed)
[online] Still waiting... (330s elapsed)
[online] Still waiting... (340s elapsed)
[online] Still waiting... (350s elapsed)
[online] Still waiting... (360s elapsed)
[online] Still waiting... (370s elapsed)
[online] Still waiting... (380s elapsed)
[online] Still waiting... (390s elapsed)
[online] Still waiting... (400s elapsed)
[online] Still waiting... (410s elapsed)
[online] Still waiting... (420s elapsed)
[online] Still waiting... (430s elapsed)
[online] Still waiting... (440s elapsed)
[online] Still waiting... (450s elapsed)
[online] Still waiting... (460s elapsed)
[online] Still waiting... (470s elapsed)
[online] Still waiting... (480s elapsed)
[online] Still waiting... (490s elapsed)
[online] Still waiting... (500s elapsed)
[online] Still waiting... (510s elapsed)
[online] Still waiting... (520s elapsed)
[online] Still waiting... (530s elapsed)
[online] Still waiting... (540s elapsed)
[online] Still waiting... (550s elapsed)
[online] Still waiting... (560s elapsed)
[online] Still waiting... (570s elapsed)
[online] Still waiting... (580s elapsed)
[online] Still waiting... (590s elapsed)
[online] ERROR: Server failed to start within 600 seconds
[online] Last 50 lines of server log:
    return func(*args, **kwargs)
           ^^^^^^^^^^^^^^^^^^^^^
  File "/sgl-workspace/sglang/python/sglang/srt/models/grok.py", line 750, in forward
    hidden_states = self.model(input_ids, positions, forward_batch, input_embeds)
                    ^^^^^^^^^^^^^^^^^^^^^^^^^^^^^^^^^^^^^^^^^^^^^^^^^^^^^^^^^^^^^
  File "/usr/local/lib/python3.12/dist-packages/torch/nn/modules/module.py", line 1739, in _wrapped_call_impl
    return self._call_impl(*args, **kwargs)
           ^^^^^^^^^^^^^^^^^^^^^^^^^^^^^^^^
  File "/usr/local/lib/python3.12/dist-packages/torch/nn/modules/module.py", line 1750, in _call_impl
    return forward_call(*args, **kwargs)
           ^^^^^^^^^^^^^^^^^^^^^^^^^^^^^
  File "/sgl-workspace/sglang/python/sglang/srt/models/grok.py", line 654, in forward
    hidden_states, residual, deferred_norm = self.layers[i](
                                             ^^^^^^^^^^^^^^^
  File "/usr/local/lib/python3.12/dist-packages/torch/nn/modules/module.py", line 1739, in _wrapped_call_impl
    return self._call_impl(*args, **kwargs)
           ^^^^^^^^^^^^^^^^^^^^^^^^^^^^^^^^
  File "/usr/local/lib/python3.12/dist-packages/torch/nn/modules/module.py", line 1750, in _call_impl
    return forward_call(*args, **kwargs)
           ^^^^^^^^^^^^^^^^^^^^^^^^^^^^^
  File "/sgl-workspace/sglang/python/sglang/srt/models/grok.py", line 562, in forward
    hidden_states = self.self_attn(
                    ^^^^^^^^^^^^^^^
  File "/usr/local/lib/python3.12/dist-packages/torch/nn/modules/module.py", line 1739, in _wrapped_call_impl
    return self._call_impl(*args, **kwargs)
           ^^^^^^^^^^^^^^^^^^^^^^^^^^^^^^^^
  File "/usr/local/lib/python3.12/dist-packages/torch/nn/modules/module.py", line 1750, in _call_impl
    return forward_call(*args, **kwargs)
           ^^^^^^^^^^^^^^^^^^^^^^^^^^^^^
  File "/sgl-workspace/sglang/python/sglang/srt/models/grok.py", line 429, in forward
    attn_output = self.attn(q, k, v, forward_batch)
                  ^^^^^^^^^^^^^^^^^^^^^^^^^^^^^^^^^
  File "/usr/local/lib/python3.12/dist-packages/torch/nn/modules/module.py", line 1739, in _wrapped_call_impl
    return self._call_impl(*args, **kwargs)
           ^^^^^^^^^^^^^^^^^^^^^^^^^^^^^^^^
  File "/usr/local/lib/python3.12/dist-packages/torch/nn/modules/module.py", line 1750, in _call_impl
    return forward_call(*args, **kwargs)
           ^^^^^^^^^^^^^^^^^^^^^^^^^^^^^
  File "/sgl-workspace/sglang/python/sglang/srt/layers/radix_attention.py", line 123, in forward
    return forward_batch.attn_backend.forward(
           ^^^^^^^^^^^^^^^^^^^^^^^^^^^^^^^^^^^
  File "/sgl-workspace/sglang/python/sglang/srt/layers/attention/base_attn_backend.py", line 93, in forward
    return self.forward_decode(
           ^^^^^^^^^^^^^^^^^^^^
  File "/sgl-workspace/sglang/python/sglang/srt/layers/attention/aiter_backend.py", line 1351, in forward_decode
    paged_attention_ragged(
    ^^^^^^^^^^^^^^^^^^^^^^
NameError: name 'paged_attention_ragged' is not defined

[2025-12-13 11:46:38] Received sigquit from a child process. It usually means the child failed.
[nightly] === Online benchmark dispatched for GROK; check logs in sgl-dev_v0.5.6.post2-rocm630-mi30x-20251213 ===
[nightly] === Starting post-processing (CSV processing, plot generation, Teams notifications) ===
[nightly] Processing online CSV data and generating plots... Logs will be saved to /mnt/raid/michael/sglang-ci/online/GROK1/v0.5.6.post2-rocm630-mi30x-20251213_GROK1_MOE-I4F8_online/process_and_generate_online_plots.log
[nightly] Using plot date from image tag: 20251213
[nightly] Teams notifications skipped - --teams-webhook-url not provided
[nightly] === Online post-processing completed for GROK ===
[nightly] ==========================================
[nightly] Completed benchmarks for image: rocm/sgl-dev:v0.5.6.post2-rocm630-mi30x-20251213
[nightly] Stopping container sgl-dev_v0.5.6.post2-rocm630-mi30x-20251213 to release resources...
[nightly] ==========================================
[nightly] ==========================================
[nightly] All benchmarks completed for 1 image(s)
[nightly] ==========================================
[nightly] Cleaning up process lock...
