[docker-cleanup] ==========================================
[docker-cleanup] Docker Cleanup Script Started
[docker-cleanup] Date: 2025-11-29 09:30:01 CST
[docker-cleanup] Cleanup images older than: 7 days
[docker-cleanup] Critical space threshold: 200 GB
[docker-cleanup] Dry run mode: false
[docker-cleanup] ==========================================
[docker-cleanup] Initial disk usage: 70% (1013G free)
[docker-cleanup] Initial free space: 1013 GB
[docker-cleanup] Disk space is healthy (1013 GB available)
[docker-cleanup] Step 1: Removing stopped Docker containers...
[docker-cleanup] Found 1 stopped container(s)
[docker-cleanup] ✅ Removed stopped containers
[docker-cleanup] Step 2: Removing old sgl-dev images (older than 7 days)...
[docker-cleanup] ✅ Removed: rocm/sgl-dev:v0.5.5.post3-rocm700-mi35x-20251122
[docker-cleanup] Processed old sgl-dev images: 1 removed, 6 kept/skipped
[docker-cleanup] Step 3: Removing dangling images and unused data...
[docker-cleanup] ✅ Cleaned up dangling images
[docker-cleanup] ==========================================
[docker-cleanup] ✅ Docker Cleanup Complete
[docker-cleanup] Initial disk usage: 70% (1013G free) (1013 GB free)
[docker-cleanup] Final disk usage: 70% (1.1T free) (1032 GB free)
[docker-cleanup] Space freed: 19 GB
[docker-cleanup] Date: 2025-11-29 09:30:05 CST
[docker-cleanup] ==========================================
[docker-cleanup] Docker disk usage summary:
TYPE            TOTAL     ACTIVE    SIZE      RECLAIMABLE
Images          14        1         403.4GB   403.3GB (99%)
Containers      1         1         0B        0B
Local Volumes   0         0         0B        0B
Build Cache     116       0         23.08GB   23.08GB
