[nightly] ==========================================
[nightly] SGL Nightly Benchmark Started
[nightly] ==========================================
[nightly] Command: scripts/perf_nightly.sh --mode=sanity --hardware=mi35x --sanity-trials=3 --teams-webhook-url=https://prod-99.westus.logic.azure.com/workflows/44b23afb37e74288b6b006c60bbe65b2/triggers/manual/paths/invoke?api-version=2016-06-01&sp=%2Ftriggers%2Fmanual%2Frun&sv=1.0&sig=ucbP9AJ9WeZtxe95Wmi8TfLUjiEo0AZSZP4Y_cNgWS0
[nightly] Start time: 2025-11-01 10:00:01 PDT
[nightly] Machine: smci355-ccs-aus-m15-21.cs-aus.dcgpu
[nightly] Working directory: /mnt/raid/michael/sglang-ci
[nightly] Script location: /mnt/raid/michael/sglang-ci/scripts/perf_nightly.sh
[nightly] Process ID: 2088144
[nightly] ==========================================

[nightly] Runtime Environment:
[nightly] User: root | Groups: root video render... | Docker: /usr/bin/docker
[nightly] Testing Docker daemon access...
[nightly] Docker daemon accessible - proceeding...
[nightly] Teams webhook URL provided via command line - notifications enabled
[nightly] Will run 3 trials per model for sanity check
[nightly] Hardware: mi35x, ROCM Version: rocm700
[nightly] Mode is 'sanity', setting model to 'sanity' as well
[nightly] Model: sanity, Mode(s): sanity
[nightly] Created process lock: /tmp/perf_nightly_sanity.lock
[nightly] GPU is busy. Attempting to stop running Docker containers...
[nightly] Stopping running containers: db31ab7254a5
0c0bf49a6bd4
