[check] ==========================================
[check] SGL Nightly Docker Image Availability Check
[check] ==========================================
[check] Run Date/Time: 2025-10-22 09:00:01 PDT
[check] Machine: dell300x-pla-t10-23
[check] Repository: rocm/sgl-dev
[check] Hardware types: mi30x mi35x
[check] Checking images for date: 20251022

[check] Searching for mi30x image (discovering ROCM version)... found, verifying... ✓ AVAILABLE
[check]   Image: rocm/sgl-dev:v0.5.3.post3-rocm700-mi30x-20251022
[check] Searching for mi35x image (discovering ROCM version)... found, verifying... ✓ AVAILABLE
[check]   Image: rocm/sgl-dev:v0.5.3.post3-rocm700-mi35x-20251022

[check] ==========================================
[check] Summary
[check] ==========================================
[check] Total images checked: 2
[check] Available images: 2
[check] Missing images: 0

[check] ✓ All expected images are available!

[check] ==========================================
[check] Sending Teams Notification
[check] ==========================================
❌ Failed to send Teams notification. Status: 401
Response: {"error":{"code":"WorkflowNotFound","message":"The workflow '2627cd9f12c64fd785fd6b5f476c8929' could not be found."}}
[check] Failed to send Teams notification
