[nightly] ==========================================
[nightly] SGL Nightly Benchmark Started
[nightly] ==========================================
[nightly] Command: perf_nightly.sh --model=grok2 --model-path=/mnt/raid/models/huggingface/grok-2 --tokenizer-path=/mnt/raid/models/huggingface/alvarobartt--grok-2-tokenizer --mode=online --hardware=mi30x --teams-webhook-url=https://default3dd8961fe4884e608e11a82d994e18.3d.environment.api.powerplatform.com:443/powerautomate/automations/direct/workflows/2115793fe51a4371bcedd8ff67ff0418/triggers/manual/paths/invoke?api-version=1&sp=%2Ftriggers%2Fmanual%2Frun&sv=1.0&sig=hzr6aH40CKrySSK64uAnsmVIR8ynAkIRTH65z-wqxNA
[nightly] Start time: 2025-10-22 14:00:01 PDT
[nightly] Machine: dell300x-pla-t10-23
[nightly] Working directory: /mnt/raid/michael/sglang-ci
[nightly] Script location: /mnt/raid/michael/sglang-ci/perf_nightly.sh
[nightly] Process ID: 4031598
[nightly] ==========================================

[nightly] Runtime Environment:
[nightly] User: amd | Groups: amd video users... | Docker: /usr/bin/docker
[nightly] Testing Docker daemon access...
[nightly] Docker daemon accessible - proceeding...
[nightly] Teams webhook URL provided via command line - notifications enabled
[nightly] Custom model path provided: /mnt/raid/models/huggingface/grok-2
[nightly] Custom tokenizer path provided: /mnt/raid/models/huggingface/alvarobartt--grok-2-tokenizer
[nightly] Using rocm700 for grok2 on mi30x hardware
[nightly] Hardware: mi30x, ROCM Version: rocm700
[nightly] Model: grok2, Mode(s): online
[nightly] Created process lock: /tmp/perf_nightly_grok2.lock
[nightly] GPU is busy. Attempting to stop running Docker containers...
[nightly] Stopping running containers: 5797f5126930
[nightly] Waiting 15s for GPU to become idle...
[nightly] WARN: GPU may still be busy, but proceeding as requested.
[nightly] Searching for non-SRT images for grok2 for the last 1 days...
[nightly] Searching for non-SRT mi30x image in 'rocm/sgl-dev' for date 20251022...
[nightly] Found candidate tag for day -0: v0.5.3.post3-rocm700-mi30x-20251022
[nightly] Pull attempt 1/3 for rocm/sgl-dev:v0.5.3.post3-rocm700-mi30x-20251022...
v0.5.3.post3-rocm700-mi30x-20251022: Pulling from rocm/sgl-dev
660ffc76f83b: Already exists
8f15127cc838: Already exists
9b15895e3240: Already exists
f9b093ef803e: Already exists
7871d920fb0f: Already exists
7935d8c4e26c: Already exists
a32765e78010: Already exists
7fc751a2ed3a: Already exists
980be016a223: Already exists
9e1a971876ec: Already exists
ec6812b374e9: Already exists
01b887f14943: Already exists
844c30750327: Already exists
2682f0d8340c: Already exists
4f4fb700ef54: Already exists
349b8c8a8418: Already exists
d0b1657b26f5: Already exists
45b70560bebf: Already exists
4f4fb700ef54: Already exists
b18067367790: Already exists
80e4388c8594: Already exists
43bd5f89e157: Already exists
4f4e25c713a5: Already exists
fa9b244e8ec3: Already exists
4f4fb700ef54: Already exists
4f4fb700ef54: Already exists
802ff7b676ec: Already exists
4f4fb700ef54: Already exists
91c970c997c5: Already exists
c7b1c2221fca: Already exists
f741376ff6a1: Already exists
d9b88c1e947d: Already exists
0e6681539f16: Already exists
36db1dec1c4e: Pulling fs layer
4f4fb700ef54: Pulling fs layer
19abfafe16ae: Pulling fs layer
de21f17ca369: Pulling fs layer
a2442dd7016b: Pulling fs layer
b0b7ed8c9802: Pulling fs layer
18ee526a2bb2: Pulling fs layer
1a00c998e89d: Pulling fs layer
de21f17ca369: Waiting
a2442dd7016b: Waiting
d70e0bcb7e6f: Pulling fs layer
7a4c1545162c: Pulling fs layer
b0b7ed8c9802: Waiting
90a4d4baeba9: Pulling fs layer
18ee526a2bb2: Waiting
89fa006742f9: Pulling fs layer
7a4c1545162c: Waiting
381ce5d20c61: Pulling fs layer
b4215fe51f71: Pulling fs layer
b4215fe51f71: Waiting
25c577b88244: Pulling fs layer
d70e0bcb7e6f: Waiting
f5290dcf3278: Pulling fs layer
f5290dcf3278: Waiting
90a4d4baeba9: Waiting
4f4fb700ef54: Download complete
19abfafe16ae: Verifying Checksum
19abfafe16ae: Download complete
36db1dec1c4e: Download complete
36db1dec1c4e: Pull complete
4f4fb700ef54: Pull complete
19abfafe16ae: Pull complete
de21f17ca369: Download complete
de21f17ca369: Pull complete
a2442dd7016b: Download complete
a2442dd7016b: Pull complete
1a00c998e89d: Verifying Checksum
1a00c998e89d: Download complete
d70e0bcb7e6f: Verifying Checksum
d70e0bcb7e6f: Download complete
7a4c1545162c: Verifying Checksum
7a4c1545162c: Download complete
90a4d4baeba9: Verifying Checksum
90a4d4baeba9: Download complete
89fa006742f9: Verifying Checksum
89fa006742f9: Download complete
18ee526a2bb2: Verifying Checksum
18ee526a2bb2: Download complete
b4215fe51f71: Verifying Checksum
b4215fe51f71: Download complete
25c577b88244: Verifying Checksum
25c577b88244: Download complete
f5290dcf3278: Verifying Checksum
f5290dcf3278: Download complete
381ce5d20c61: Download complete
b0b7ed8c9802: Verifying Checksum
b0b7ed8c9802: Download complete
b0b7ed8c9802: Pull complete
18ee526a2bb2: Pull complete
1a00c998e89d: Pull complete
d70e0bcb7e6f: Pull complete
7a4c1545162c: Pull complete
90a4d4baeba9: Pull complete
89fa006742f9: Pull complete
381ce5d20c61: Pull complete
b4215fe51f71: Pull complete
25c577b88244: Pull complete
f5290dcf3278: Pull complete
Digest: sha256:4d73cb3619c18a400ea67a0fc7007955c324ad81d5a083c6819e00e025e2035b
Status: Downloaded newer image for rocm/sgl-dev:v0.5.3.post3-rocm700-mi30x-20251022
docker.io/rocm/sgl-dev:v0.5.3.post3-rocm700-mi30x-20251022
[nightly] Successfully pulled image: rocm/sgl-dev:v0.5.3.post3-rocm700-mi30x-20251022
[nightly] Successfully obtained image for date 20251022: rocm/sgl-dev:v0.5.3.post3-rocm700-mi30x-20251022
[nightly] Found 1 valid image(s) to run benchmarks on:
[nightly]   - rocm/sgl-dev:v0.5.3.post3-rocm700-mi30x-20251022

[nightly] ==========================================
[nightly] Starting benchmarks for image: rocm/sgl-dev:v0.5.3.post3-rocm700-mi30x-20251022
[nightly] ==========================================
[nightly] Checking GPU status before starting benchmarks for rocm/sgl-dev:v0.5.3.post3-rocm700-mi30x-20251022...
[nightly] GPU is busy. Attempting to stop running Docker containers...
[nightly] Stopping running containers: 9fbf7f5fa37f
[nightly] Waiting 15s for GPU to become idle...
[nightly] WARN: GPU may still be busy, but proceeding as requested.
[nightly] INFO: Found 0/15 completed runs for rocm/sgl-dev:v0.5.3.post3-rocm700-mi30x-20251022 (online). Proceeding with benchmarks.
[nightly] Using Docker image: rocm/sgl-dev:v0.5.3.post3-rocm700-mi30x-20251022
[nightly] Container name: sgl-dev_v0.5.3.post3-rocm700-mi30x-20251022
[nightly] Creating container sgl-dev_v0.5.3.post3-rocm700-mi30x-20251022
07ebf0178d7fd5a22b09381bbd9be5f8e5b8508c6906f497bfd9b336c0564580
[nightly] === Starting benchmark execution ===
[nightly] === Starting nightly GROK2 online benchmark ===
[nightly] Launching grok_perf_online_csv.sh inside sgl-dev_v0.5.3.post3-rocm700-mi30x-20251022
[nightly] Adding --model-type=grok2 flag for Grok 2 benchmark
[nightly] Adding --tokenizer='/mnt/raid/models/huggingface/alvarobartt--grok-2-tokenizer' flag for Grok 2 benchmark
[online] Using Grok 2 configuration
[online] Using default Grok 2 tokenizer: /mnt/raid/models/huggingface/alvarobartt--grok-2-tokenizer
[online] Script started at: 2025-10-22 14:04:36 PDT
Scanning existing logs to check if all benchmarks are already complete...
Checking GSM8K log status...
Missing: GSM8K log file (/mnt/raid/michael/sglang-ci/online/GROK2/v0.5.3.post3-rocm700-mi30x-20251022_GROK2_FP8_online/sglang_client_log_GROK2_gsm8k_aiter.log)
Checking client benchmark logs...
Scan complete: 0/15 client benchmark runs are complete.
❌ Missing or incomplete client benchmark runs.
❌ GSM8K benchmark is missing, empty, or incomplete.
Server startup required.
Starting benchmarks using aiter backend...
[online] Using Grok2 environment: RCCL_MSCCL_ENABLE=0 SGLANG_USE_AITER=1 SGLANG_INT4_WEIGHT=0
[online] Launching backend=aiter for grok2
[online] Waiting for server to be ready (timeout: 600s)...
[online] Still waiting... (10s elapsed)
[online] Still waiting... (20s elapsed)
[online] Still waiting... (30s elapsed)
[online] Still waiting... (40s elapsed)
[online] Still waiting... (50s elapsed)
[online] Still waiting... (60s elapsed)
[online] Still waiting... (70s elapsed)
[online] Still waiting... (80s elapsed)
[online] Still waiting... (90s elapsed)
[online] Still waiting... (100s elapsed)
[online] Still waiting... (110s elapsed)
[online] Still waiting... (120s elapsed)
[online] Still waiting... (130s elapsed)
[online] Still waiting... (140s elapsed)
[online] Still waiting... (150s elapsed)
[online] Still waiting... (160s elapsed)
[online] Still waiting... (170s elapsed)
[online] Still waiting... (180s elapsed)
[online] Still waiting... (190s elapsed)
[online] Still waiting... (200s elapsed)
[online] Still waiting... (210s elapsed)
[online] Still waiting... (220s elapsed)
[online] Still waiting... (230s elapsed)
[online] Still waiting... (240s elapsed)
[online] Still waiting... (250s elapsed)
[online] Still waiting... (260s elapsed)
[online] Still waiting... (270s elapsed)
[online] Still waiting... (280s elapsed)
[online] Still waiting... (290s elapsed)
[online] Still waiting... (300s elapsed)
[online] Still waiting... (310s elapsed)
[online] Still waiting... (320s elapsed)
[online] Still waiting... (330s elapsed)
[online] Still waiting... (340s elapsed)
[online] Still waiting... (350s elapsed)
[online] Still waiting... (360s elapsed)
[online] Still waiting... (370s elapsed)
[online] Still waiting... (380s elapsed)
[online] Still waiting... (390s elapsed)
[online] Still waiting... (400s elapsed)
[online] Still waiting... (410s elapsed)
[online] Still waiting... (420s elapsed)
[online] Still waiting... (430s elapsed)
[online] Still waiting... (440s elapsed)
[online] Still waiting... (450s elapsed)
[online] Still waiting... (460s elapsed)
[online] Still waiting... (470s elapsed)
[online] Still waiting... (480s elapsed)
[online] Still waiting... (490s elapsed)
[online] Still waiting... (500s elapsed)
[online] Still waiting... (510s elapsed)
[online] Still waiting... (520s elapsed)
[online] Still waiting... (530s elapsed)
[online] Still waiting... (540s elapsed)
[online] Still waiting... (550s elapsed)
[online] Still waiting... (560s elapsed)
[online] Still waiting... (570s elapsed)
[online] Still waiting... (580s elapsed)
[online] Still waiting... (590s elapsed)
[online] ERROR: Server failed to start within 600 seconds
[online] Last 50 lines of server log:
`torch_dtype` is deprecated! Use `dtype` instead!
[2025-10-22 14:05:05 TP5] Process 210 gpu_id 5 is running on CPUs: [60, 61, 62, 63, 64, 65, 66, 67, 68, 69, 70, 71]
[2025-10-22 14:05:05 TP4] Process 209 gpu_id 4 is running on CPUs: [48, 49, 50, 51, 52, 53, 54, 55, 56, 57, 58, 59]
`torch_dtype` is deprecated! Use `dtype` instead!
`torch_dtype` is deprecated! Use `dtype` instead!
[2025-10-22 14:05:05 TP7] Init torch distributed begin.
[2025-10-22 14:05:05 TP6] Init torch distributed begin.
[2025-10-22 14:05:05 TP2] Init torch distributed begin.
[2025-10-22 14:05:05 TP0] Init torch distributed begin.
[2025-10-22 14:05:05 TP3] Init torch distributed begin.
[2025-10-22 14:05:05 TP5] Init torch distributed begin.
[2025-10-22 14:05:05 TP4] Init torch distributed begin.
[Gloo] Rank 0 is connected to 7 peer ranks. Expected number of connected peer ranks is : 7
[Gloo] Rank 2 is connected to 7 peer ranks. Expected number of connected peer ranks is : 7
[Gloo] Rank 1 is connected to 7 peer ranks. Expected number of connected peer ranks is : 7
[Gloo] Rank 4 is connected to 7 peer ranks. Expected number of connected peer ranks is : 7
[Gloo] Rank 3 is connected to 7 peer ranks. Expected number of connected peer ranks is : 7
[Gloo] Rank 6 is connected to 7 peer ranks. Expected number of connected peer ranks is : 7
[Gloo] Rank 5 is connected to 7 peer ranks. Expected number of connected peer ranks is : 7
[Gloo] Rank 7 is connected to 7 peer ranks. Expected number of connected peer ranks is : 7
[Gloo] Rank 0 is connected to 7 peer ranks. Expected number of connected peer ranks is : 7
[Gloo] Rank 1 is connected to 7 peer ranks. Expected number of connected peer ranks is : 7
[Gloo] Rank 2 is connected to 7 peer ranks. Expected number of connected peer ranks is : 7
[Gloo] Rank 5 is connected to 7 peer ranks. Expected number of connected peer ranks is : 7
[Gloo] Rank 3 is connected to 7 peer ranks. Expected number of connected peer ranks is : 7
[Gloo] Rank 4 is connected to 7 peer ranks. Expected number of connected peer ranks is : 7
[Gloo] Rank 6 is connected to 7 peer ranks. Expected number of connected peer ranks is : 7
[Gloo] Rank 7 is connected to 7 peer ranks. Expected number of connected peer ranks is : 7
[2025-10-22 14:05:06 TP0] sglang is using nccl==2.26.6
Memory access fault by GPU node-6 (Agent handle: 0x563fc818e9a0) on address 0x7ef8deec2000. Reason: Unknown.
Fatal Python error: Aborted

Thread 0x00007fbf4ab47480 (most recent call first):
  File "/sgl-workspace/sglang/python/sglang/srt/distributed/device_communicators/pynccl_wrapper.py", line 400 in ncclCommInitRank
  File "/sgl-workspace/sglang/python/sglang/srt/distributed/device_communicators/pynccl.py", line 112 in __init__
  File "/sgl-workspace/sglang/python/sglang/srt/distributed/parallel_state.py", line 326 in __init__
  File "/sgl-workspace/sglang/python/sglang/srt/distributed/parallel_state.py", line 1299 in init_model_parallel_group
  File "/sgl-workspace/sglang/python/sglang/srt/distributed/parallel_state.py", line 1532 in initialize_model_parallel
  File "/sgl-workspace/sglang/python/sglang/srt/model_executor/model_runner.py", line 773 in init_torch_distributed
  File "/sgl-workspace/sglang/python/sglang/srt/model_executor/model_runner.py", line 305 in __init__
  File "/sgl-workspace/sglang/python/sglang/srt/managers/tp_worker.py", line 229 in __init__
  File "/sgl-workspace/sglang/python/sglang/srt/managers/scheduler.py", line 305 in __init__
  File "/sgl-workspace/sglang/python/sglang/srt/managers/scheduler.py", line 2872 in run_scheduler_process
  File "/usr/lib/python3.10/multiprocessing/process.py", line 108 in run
  File "/usr/lib/python3.10/multiprocessing/process.py", line 314 in _bootstrap
  File "/usr/lib/python3.10/multiprocessing/spawn.py", line 129 in _main
  File "/usr/lib/python3.10/multiprocessing/spawn.py", line 116 in spawn_main
  File "<string>", line 1 in <module>

Extension modules: numpy.core._multiarray_umath, numpy.core._multiarray_tests, numpy.linalg._umath_linalg, numpy.fft._pocketfft_internal, numpy.random._common, numpy.random.bit_generator, numpy.random._bounded_integers, numpy.random._mt19937, numpy.random.mtrand, numpy.random._philox, numpy.random._pcg64, numpy.random._sfc64, numpy.random._generator, pybase64._pybase64, charset_normalizer.md, requests.packages.charset_normalizer.md, requests.packages.chardet.md, multidict._multidict, yarl._quoting_c, propcache._helpers_c, aiohttp._http_writer, aiohttp._http_parser, aiohttp._websocket.mask, aiohttp._websocket.reader_c, frozenlist._frozenlist, torch._C, torch._C._dynamo.autograd_compiler, torch._C._dynamo.eval_frame, torch._C._dynamo.guards, torch._C._dynamo.utils, torch._C._fft, torch._C._linalg, torch._C._nested, torch._C._nn, torch._C._sparse, torch._C._special, psutil._psutil_linux, psutil._psutil_posix, zmq.backend.cython._zmq, PIL._imaging, cython.cimports.libc.math, sentencepiece._sentencepiece, regex._regex, yaml._yaml, markupsafe._speedups, PIL._imagingft, _cffi_backend, scipy._lib._ccallback_c, scipy.linalg._fblas, scipy.linalg._flapack, scipy.linalg.cython_lapack, scipy.linalg._cythonized_array_utils, scipy.linalg._solve_toeplitz, scipy.linalg._decomp_lu_cython, scipy.linalg._matfuncs_sqrtm_triu, scipy.linalg._matfuncs_expm, scipy.linalg._linalg_pythran, scipy.linalg.cython_blas, scipy.linalg._decomp_update, scipy.sparse._sparsetools, _csparsetools, scipy.sparse._csparsetools, scipy.sparse.linalg._dsolve._superlu, scipy.sparse.linalg._eigen.arpack._arpack, scipy.sparse.linalg._propack._spropack, scipy.sparse.linalg._propack._dpropack, scipy.sparse.linalg._propack._cpropack, scipy.sparse.linalg._propack._zpropack, scipy.sparse.csgraph._tools, scipy.sparse.csgraph._shortest_path, scipy.sparse.csgraph._traversal, scipy.sparse.csgraph._min_spanning_tree, scipy.sparse.csgraph._flow, scipy.sparse.csgraph._matching, scipy.sparse.csgraph._reordering, scipy.optimize._group_columns, scipy._lib.messagestream, scipy.optimize._trlib._trlib, scipy.optimize._lbfgsb, _moduleTNC, scipy.optimize._moduleTNC, scipy.optimize._cobyla, scipy.optimize._slsqp, scipy.optimize._minpack, scipy.optimize._lsq.givens_elimination, scipy.optimize._zeros, scipy.optimize._cython_nnls, scipy._lib._uarray._uarray, scipy.special._ufuncs_cxx, scipy.special._ufuncs, scipy.special._specfun, scipy.special._comb, scipy.special._ellip_harm_2, scipy.linalg._decomp_interpolative, scipy.optimize._bglu_dense, scipy.optimize._lsap, scipy.spatial._ckdtree, scipy.spatial._qhull, scipy.spatial._voronoi, scipy.spatial._distance_wrap, scipy.spatial._hausdorff, scipy.spatial.transform._rotation, scipy.optimize._direct, pyzstd._c._zstd, sklearn.__check_build._check_build, scipy.integrate._odepack, scipy.integrate._quadpack, scipy.integrate._vode, scipy.integrate._dop, scipy.integrate._lsoda, scipy.interpolate._fitpack, scipy.interpolate._dfitpack, scipy.interpolate._dierckx, scipy.interpolate._ppoly, scipy.interpolate._interpnd, scipy.interpolate._rbfinterp_pythran, scipy.interpolate._rgi_cython, scipy.interpolate._bspl, scipy.special.cython_special, scipy.stats._stats, scipy.stats._sobol, scipy.stats._qmc_cy, scipy.stats._biasedurn, scipy.stats._stats_pythran, scipy.stats._levy_stable.levyst, scipy.stats._ansari_swilk_statistics, scipy.stats._mvn, scipy.stats._rcont.rcont, scipy.ndimage._nd_image, scipy.ndimage._rank_filter_1d, _ni_label, scipy.ndimage._ni_label, pyarrow.lib, pandas._libs.tslibs.ccalendar, pandas._libs.tslibs.np_datetime, pandas._libs.tslibs.dtypes, pandas._libs.tslibs.base, pandas._libs.tslibs.nattype, pandas._libs.tslibs.timezones, pandas._libs.tslibs.fields, pandas._libs.tslibs.timedeltas, pandas._libs.tslibs.tzconversion, pandas._libs.tslibs.timestamps, pandas._libs.properties, pandas._libs.tslibs.offsets, pandas._libs.tslibs.strptime, pandas._libs.tslibs.parsing, pandas._libs.tslibs.conversion, pandas._libs.tslibs.period, pandas._libs.tslibs.vectorized, pandas._libs.ops_dispatch, pandas._libs.missing, pandas._libs.hashtable, pandas._libs.algos, pandas._libs.interval, pandas._libs.lib, pyarrow._compute, pandas._libs.ops, pandas._libs.hashing, pandas._libs.arrays, pandas._libs.tslib, pandas._libs.sparse, pandas._libs.internals, pandas._libs.indexing, pandas._libs.index, pandas._libs.writers, pandas._libs.join, pandas._libs.window.aggregations, pandas._libs.window.indexers, pandas._libs.reshape, pandas._libs.groupby, pandas._libs.json, pandas._libs.parsers, pandas._libs.testing, _cyutility, sklearn._cyutility, sklearn.utils._isfinite, sklearn.utils.sparsefuncs_fast, sklearn.utils.murmurhash, sklearn.utils._openmp_helpers, sklearn.metrics.cluster._expected_mutual_info_fast, sklearn.preprocessing._csr_polynomial_expansion, sklearn.preprocessing._target_encoder_fast, sklearn.metrics._dist_metrics, sklearn.metrics._pairwise_distances_reduction._datasets_pair, sklearn.utils._cython_blas, sklearn.metrics._pairwise_distances_reduction._base, sklearn.metrics._pairwise_distances_reduction._middle_term_computer, sklearn.utils._heap, sklearn.utils._sorting, sklearn.metrics._pairwise_distances_reduction._argkmin, sklearn.metrics._pairwise_distances_reduction._argkmin_classmode, sklearn.utils._vector_sentinel, sklearn.metrics._pairwise_distances_reduction._radius_neighbors, sklearn.metrics._pairwise_distances_reduction._radius_neighbors_classmode, sklearn.metrics._pairwise_fast, setproctitle._setproctitle, _cbor2, msgspec._core, hiredis.hiredis, Cython.Utils, Cython.Plex.Actions, Cython.Plex.Transitions, Cython.Plex.Machines, Cython.Plex.DFA, Cython.Plex.Scanners, Cython.Compiler.Scanning, Cython.StringIOTree, Cython.Compiler.Code (total: 209)
[nightly] === Online benchmark dispatched for GROK2; check logs in sgl-dev_v0.5.3.post3-rocm700-mi30x-20251022 ===
[nightly] === Starting post-processing (CSV processing, plot generation, Teams notifications) ===
[nightly] Processing online CSV data and generating plots... Logs will be saved to /mnt/raid/michael/sglang-ci/online/GROK2/v0.5.3.post3-rocm700-mi30x-20251022_GROK2_FP8_online/process_and_generate_online_plots.log
[nightly] Using plot date from image tag: 20251022
[nightly] Sending Teams notification for grok2 online plots...
[nightly] Adding benchmark date to Teams notification: 20251022
[nightly] Teams notification using plot directory: /mnt/raid/michael/sglang-ci/plots_server
[nightly] Using GitHub upload for plot images (repo: ROCm/sglang-ci)
[nightly] Images will be stored in main branch with structure: plot/mi30x/model/mode/filename.png
[nightly] Including intelligent analysis (7 days lookback)
🐙 GitHub upload mode: Images will be uploaded to ROCm/sglang-ci
🐙 GitHub upload mode: Images will be uploaded to GitHub and embedded in Teams
📁 Plot directory: /mnt/raid/michael/sglang-ci/plots_server
🗂️  Benchmark directory: /mnt/raid/michael/sglang-ci
   🔍 Uploading 20251022_GROK2_online_standard.png to GitHub...
   📄 Creating new file: plot/mi30x/GROK2/online/20251022_GROK2_online_standard.png
   ✅ Uploaded to GitHub (log branch): 20251022_GROK2_online_standard.png
   🔗 GitHub URL: https://raw.githubusercontent.com/ROCm/sglang-ci/log/plot/mi30x/GROK2/online/20251022_GROK2_online_standard.png
🔍 Discovered 1 plot file(s) for grok2 online
   - 20251022_GROK2_online_standard.png -> ✅ uploaded to GitHub
🔍 Analyzing benchmark results for accuracy and performance...
   Found timing_summary log for grok2 online on 20251022: timing_summary_20251022_140436.log
   Found timing_summary log for grok2 online on 20251022: timing_summary_20251022_140436.log
   Found timing_summary log for grok2 online on 20251022: timing_summary_20251022_140436.log
🔍 Sending adaptive card with 1 image(s) hosted on GitHub
📊 Total payload size: 0.00MB
   📷 Image URL: https://raw.githubusercontent.com/ROCm/sglang-ci/log/plot/mi30x/GROK2/online/20251022_GROK2_online_standard.png
   💾 Debug: Card JSON saved to /tmp/teams_card_debug.json
✅ Successfully sent Teams notification for grok2 online plots
   (Power Automate flow accepted - message processing asynchronously)
🎉 Teams notification sent successfully! (with intelligent analysis)
[nightly] Teams notification sent successfully for grok2 online
[nightly] === Online post-processing completed for GROK2 ===
[nightly] ==========================================
[nightly] Completed benchmarks for image: rocm/sgl-dev:v0.5.3.post3-rocm700-mi30x-20251022
[nightly] Stopping container sgl-dev_v0.5.3.post3-rocm700-mi30x-20251022 to release resources...
[nightly] ==========================================
[nightly] ==========================================
[nightly] All benchmarks completed for 1 image(s)
[nightly] ==========================================
[nightly] Cleaning up process lock...
