[docker-cleanup] ==========================================
[docker-cleanup] Docker Cleanup Script Started
[docker-cleanup] Date: 2025-11-26 09:30:01 CST
[docker-cleanup] Cleanup images older than: 7 days
[docker-cleanup] Critical space threshold: 200 GB
[docker-cleanup] Dry run mode: false
[docker-cleanup] ==========================================
[docker-cleanup] Initial disk usage: 67% (1.1T free)
[docker-cleanup] Initial free space: 1117 GB
[docker-cleanup] Disk space is healthy (1117 GB available)
[docker-cleanup] Step 1: Removing stopped Docker containers...
[docker-cleanup] Found 1 stopped container(s)
[docker-cleanup] ✅ Removed stopped containers
[docker-cleanup] Step 2: Removing old sgl-dev images (older than 7 days)...
[docker-cleanup] ✅ Removed: rocm/sgl-dev:v0.5.5.post3-rocm700-mi35x-20251119
[docker-cleanup] ⚠️  Failed to remove (may be in use): rocm/sgl-dev:v0.5.5.post3-rocm700-mi35x-20251117
[docker-cleanup] Processed old sgl-dev images: 1 removed, 7 kept/skipped
[docker-cleanup] Step 3: Removing dangling images and unused data...
[docker-cleanup] ✅ Cleaned up dangling images
[docker-cleanup] ==========================================
[docker-cleanup] ✅ Docker Cleanup Complete
[docker-cleanup] Initial disk usage: 67% (1.1T free) (1117 GB free)
[docker-cleanup] Final disk usage: 66% (1.2T free) (1139 GB free)
[docker-cleanup] Space freed: 22 GB
[docker-cleanup] Date: 2025-11-26 09:30:08 CST
[docker-cleanup] ==========================================
[docker-cleanup] Docker disk usage summary:
TYPE            TOTAL     ACTIVE    SIZE      RECLAIMABLE
Images          14        3         399.9GB   364GB (91%)
Containers      3         3         1.446GB   0B (0%)
Local Volumes   0         0         0B        0B
Build Cache     77        0         11.43GB   11.43GB
