[nightly] ==========================================
[nightly] SGL Nightly Benchmark Started
[nightly] ==========================================
[nightly] Command: scripts/perf_nightly.sh --mode=sanity --hardware=mi35x --sanity-trials=3 --teams-webhook-url=https://prod-99.westus.logic.azure.com/workflows/44b23afb37e74288b6b006c60bbe65b2/triggers/manual/paths/invoke?api-version=2016-06-01&sp=%2Ftriggers%2Fmanual%2Frun&sv=1.0&sig=ucbP9AJ9WeZtxe95Wmi8TfLUjiEo0AZSZP4Y_cNgWS0
[nightly] Start time: 2025-11-16 09:00:01 PST
[nightly] Machine: smci355-ccs-aus-m12-33
[nightly] Working directory: /mnt/raid/michael/sglang-ci
[nightly] Script location: /mnt/raid/michael/sglang-ci/scripts/perf_nightly.sh
[nightly] Process ID: 3408682
[nightly] ==========================================

[nightly] Runtime Environment:
[nightly] User: michaezh | Groups: michaezh sudo spack... | Docker: /usr/bin/docker
[nightly] Testing Docker daemon access...
[nightly] Docker daemon accessible - proceeding...
[nightly] Teams webhook URL provided via command line - notifications enabled
[nightly] Will run 3 trials per model for sanity check
[nightly] Hardware: mi35x, ROCM Version: rocm700
[nightly] Mode is 'sanity', setting model to 'sanity' as well
[nightly] Model: sanity, Mode(s): sanity
[nightly] Created process lock: /tmp/perf_nightly_sanity.lock
[nightly] GPU is busy. Attempting to stop running Docker containers...
[nightly] Stopping running containers: 8d6602afe2dc
[nightly] Waiting 15s for GPU to become idle...
[nightly] WARN: GPU may still be busy, but proceeding as requested.
[nightly] Searching for non-SRT images for sanity for the last 1 days...
[nightly] Searching for non-SRT mi35x image (rocm700) in 'rocm/sgl-dev' for date 20251116...
[nightly] No image found for today. Checking if yesterday's image should be used as fallback...
[nightly] Yesterday's run failed or did not complete
[nightly] Proceeding with yesterday's image fallback...
[nightly] Searching for non-SRT mi35x image (rocm700) in 'rocm/sgl-dev' for date 20251115...
[nightly] No fallback image found for yesterday either.
[nightly] ERROR: Could not find and obtain any valid non-SRT images for the last 1 days.
[nightly] Cleaning up process lock...
