[nightly] ==========================================
[nightly] SGL Nightly Benchmark Started
[nightly] ==========================================
[nightly] Command: scripts/perf_nightly.sh --model=grok --model-path=/mnt/raid/models/huggingface/amd--grok-1-W4A8KV8 --mode=online --hardware=mi30x --teams-webhook-url=https://default3dd8961fe4884e608e11a82d994e18.3d.environment.api.powerplatform.com:443/powerautomate/automations/direct/workflows/5b63cac7474049f7a780db5486e3a5c6/triggers/manual/paths/invoke?api-version=1&sp=%2Ftriggers%2Fmanual%2Frun&sv=1.0&sig=5npWudEjINETmq67Bx35skofwckhvg92Io38Ayll5Ns
[nightly] Start time: 2025-12-03 10:45:01 PST
[nightly] Machine: dell300x-pla-t10-23
[nightly] Working directory: /mnt/raid/michael/sglang-ci
[nightly] Script location: /mnt/raid/michael/sglang-ci/scripts/perf_nightly.sh
[nightly] Process ID: 13147
[nightly] ==========================================

[nightly] Runtime Environment:
[nightly] User: amd | Groups: amd video users... | Docker: /usr/bin/docker
[nightly] Testing Docker daemon access...
[nightly] Docker daemon accessible - proceeding...
[nightly] Teams webhook URL provided via command line - notifications enabled
[nightly] Custom model path provided: /mnt/raid/models/huggingface/amd--grok-1-W4A8KV8
[nightly] Hardware: mi30x, ROCM Version: rocm700
[nightly] Model: grok, Mode(s): online
[nightly] Created process lock: /tmp/perf_nightly_grok.lock
cat: /sys/module/amdgpu/initstate: No such file or directory
ERROR:root:Driver not initialized (amdgpu not found in modules)
cat: /sys/module/amdgpu/initstate: No such file or directory
ERROR:root:Driver not initialized (amdgpu not found in modules)
[nightly] GPU is idle. Proceeding...
[nightly] Searching for non-SRT images for grok for the last 1 days...
[nightly] Searching for non-SRT mi30x image (rocm700) in 'rocm/sgl-dev' for date 20251203...
[nightly] Found candidate tag for day -0: v0.5.6-rocm700-mi30x-20251203
[nightly] Found local image: rocm/sgl-dev:v0.5.6-rocm700-mi30x-20251203
[nightly] Successfully obtained image for date 20251203: rocm/sgl-dev:v0.5.6-rocm700-mi30x-20251203
[nightly] Found 1 valid image(s) to run benchmarks on:
[nightly]   - rocm/sgl-dev:v0.5.6-rocm700-mi30x-20251203

[nightly] ==========================================
[nightly] Starting benchmarks for image: rocm/sgl-dev:v0.5.6-rocm700-mi30x-20251203
[nightly] ==========================================
[nightly] Checking GPU status before starting benchmarks for rocm/sgl-dev:v0.5.6-rocm700-mi30x-20251203...
cat: /sys/module/amdgpu/initstate: No such file or directory
ERROR:root:Driver not initialized (amdgpu not found in modules)
cat: /sys/module/amdgpu/initstate: No such file or directory
ERROR:root:Driver not initialized (amdgpu not found in modules)
[nightly] GPU is idle. Proceeding...
[nightly] INFO: Found 0/15 completed runs for rocm/sgl-dev:v0.5.6-rocm700-mi30x-20251203 (online). Proceeding with benchmarks.
[nightly] Using Docker image: rocm/sgl-dev:v0.5.6-rocm700-mi30x-20251203
[nightly] Container name: sgl-dev_v0.5.6-rocm700-mi30x-20251203
[nightly] Reusing container sgl-dev_v0.5.6-rocm700-mi30x-20251203
[nightly] === Starting benchmark execution ===
[nightly] === Starting nightly GROK online benchmark ===
[nightly] Launching grok_perf_online_csv.sh inside sgl-dev_v0.5.6-rocm700-mi30x-20251203
[online] Auto-detected model type: grok1 from path: /mnt/raid/models/huggingface/amd--grok-1-W4A8KV8
[online] Using Grok 1 configuration
[online] Script started at: 2025-12-03 10:45:04 PST
Scanning existing logs to check if all benchmarks are already complete...
Checking GSM8K log status...
Missing: GSM8K log file (/mnt/raid/michael/sglang-ci/online/GROK1/v0.5.6-rocm700-mi30x-20251203_GROK1_MOE-I4F8_online/sglang_client_log_GROK1_gsm8k_aiter.log)
Checking client benchmark logs...
Scan complete: 0/5 client benchmark runs are complete.
❌ Missing or incomplete client benchmark runs.
❌ GSM8K benchmark is missing, empty, or incomplete.
Server startup required.
Starting benchmarks using aiter backend...
[online] Using Grok1 environment: SGLANG_USE_AITER=1 SGLANG_INT4_WEIGHT=1
[online] Launching backend=aiter for grok1
[online] Waiting for server to be ready (timeout: 600s)...
[online] Still waiting... (10s elapsed)
[online] Still waiting... (20s elapsed)
[online] Still waiting... (30s elapsed)
[online] Still waiting... (40s elapsed)
[online] Still waiting... (50s elapsed)
[online] Still waiting... (60s elapsed)
[online] Still waiting... (70s elapsed)
[online] Still waiting... (80s elapsed)
[online] Still waiting... (90s elapsed)
[online] Still waiting... (100s elapsed)
[online] Still waiting... (110s elapsed)
[online] Still waiting... (120s elapsed)
[online] Still waiting... (130s elapsed)
[online] Still waiting... (140s elapsed)
[online] Still waiting... (150s elapsed)
[online] Still waiting... (160s elapsed)
[online] Still waiting... (170s elapsed)
[online] Still waiting... (180s elapsed)
[online] Still waiting... (190s elapsed)
[online] Still waiting... (200s elapsed)
[online] Still waiting... (210s elapsed)
[online] Still waiting... (220s elapsed)
[online] Still waiting... (230s elapsed)
[online] Still waiting... (240s elapsed)
[online] Still waiting... (250s elapsed)
[online] Still waiting... (260s elapsed)
[online] Still waiting... (270s elapsed)
[online] Still waiting... (280s elapsed)
[online] Still waiting... (290s elapsed)
[online] Still waiting... (300s elapsed)
[online] Still waiting... (310s elapsed)
[online] Still waiting... (320s elapsed)
[online] Still waiting... (330s elapsed)
[online] Still waiting... (340s elapsed)
[online] Still waiting... (350s elapsed)
[online] Still waiting... (360s elapsed)
[online] Still waiting... (370s elapsed)
[online] Still waiting... (380s elapsed)
[online] Still waiting... (390s elapsed)
[online] Still waiting... (400s elapsed)
[online] Still waiting... (410s elapsed)
[online] Still waiting... (420s elapsed)
[online] Still waiting... (430s elapsed)
[online] Still waiting... (440s elapsed)
[online] Still waiting... (450s elapsed)
[online] Still waiting... (460s elapsed)
[online] Still waiting... (470s elapsed)
[online] Still waiting... (480s elapsed)
[online] Still waiting... (490s elapsed)
[online] Still waiting... (500s elapsed)
[online] Still waiting... (510s elapsed)
[online] Still waiting... (520s elapsed)
[online] Still waiting... (530s elapsed)
[online] Still waiting... (540s elapsed)
[online] Still waiting... (550s elapsed)
[online] Still waiting... (560s elapsed)
[online] Still waiting... (570s elapsed)
[online] Still waiting... (580s elapsed)
[online] Still waiting... (590s elapsed)
[online] ERROR: Server failed to start within 600 seconds
[online] Last 50 lines of server log:
/opt/venv/lib/python3.10/site-packages/torch/cuda/__init__.py:814: UserWarning: Can't initialize amdsmi - Error code: 34
  warnings.warn(f"Can't initialize amdsmi - Error code: {e.err_code}")
Traceback (most recent call last):
  File "/usr/lib/python3.10/runpy.py", line 196, in _run_module_as_main
    return _run_code(code, main_globals, None,
  File "/usr/lib/python3.10/runpy.py", line 86, in _run_code
    exec(code, run_globals)
  File "/sgl-workspace/sglang/python/sglang/launch_server.py", line 24, in <module>
    server_args = prepare_server_args(sys.argv[1:])
  File "/sgl-workspace/sglang/python/sglang/srt/server_args.py", line 4371, in prepare_server_args
    return ServerArgs.from_cli_args(raw_args)
  File "/sgl-workspace/sglang/python/sglang/srt/server_args.py", line 3924, in from_cli_args
    return cls(**{attr: getattr(args, attr) for attr in attrs})
  File "<string>", line 290, in __init__
  File "/sgl-workspace/sglang/python/sglang/srt/server_args.py", line 607, in __post_init__
    self._handle_missing_default_values()
  File "/sgl-workspace/sglang/python/sglang/srt/server_args.py", line 695, in _handle_missing_default_values
    self.device = get_device()
  File "/sgl-workspace/sglang/python/sglang/srt/utils/common.py", line 1897, in get_device
    raise RuntimeError("No accelerator (CUDA, XPU, HPU) is available.")
RuntimeError: No accelerator (CUDA, XPU, HPU) is available.
[nightly] === Online benchmark dispatched for GROK; check logs in sgl-dev_v0.5.6-rocm700-mi30x-20251203 ===
[nightly] === Starting post-processing (CSV processing, plot generation, Teams notifications) ===
[nightly] Processing online CSV data and generating plots... Logs will be saved to /mnt/raid/michael/sglang-ci/online/GROK1/v0.5.6-rocm700-mi30x-20251203_GROK1_MOE-I4F8_online/process_and_generate_online_plots.log
[nightly] Using plot date from image tag: 20251203
[nightly] Sending Teams notification for grok online plots...
[nightly] Adding benchmark date to Teams notification: 20251203
[nightly] Teams notification using plot directory: /mnt/raid/michael/sglang-ci/plots_server
[nightly] Using GitHub upload for plot images (repo: ROCm/sglang-ci)
[nightly] Images will be stored in main branch with structure: plot/mi30x/model/mode/filename.png
[nightly] Including intelligent analysis (7 days lookback)
🐙 GitHub upload mode: Images will be uploaded to ROCm/sglang-ci
🐙 GitHub upload mode: Images will be uploaded to GitHub and embedded in Teams
📁 Plot directory: /mnt/raid/michael/sglang-ci/plots_server
🗂️  Benchmark directory: /mnt/raid/michael/sglang-ci
   🔍 Uploading 20251203_GROK1_online_standard.png to GitHub...
   📋 Log branch already exists
   📄 Creating new file: plot/mi30x/GROK1/online/20251203_GROK1_online_standard.png
   ✅ Uploaded to GitHub (log branch): 20251203_GROK1_online_standard.png
   🔗 GitHub URL: https://github.com/ROCm/sglang-ci/blob/log/plot/mi30x/GROK1/online/20251203_GROK1_online_standard.png
🔍 Discovered 1 plot file(s) for grok online
   - 20251203_GROK1_online_standard.png -> ✅ uploaded to GitHub
🔍 Analyzing benchmark results for accuracy and performance...
   Found timing_summary log for grok online on 20251203: timing_summary_20251203_104504.log
   Found timing_summary log for grok online on 20251203: timing_summary_20251203_104504.log
   Found timing_summary log for grok online on 20251203: timing_summary_20251203_104504.log
   Found timing_summary log for grok online on 20251203: timing_summary_20251203_104504.log
🔍 Sending adaptive card with 1 image(s) hosted on GitHub
📊 Total payload size: 0.00MB
   📷 Image URL: https://github.com/ROCm/sglang-ci/blob/log/plot/mi30x/GROK1/online/20251203_GROK1_online_standard.png
   💾 Debug: Card JSON saved to /tmp/teams_card_debug.json
✅ Successfully sent Teams notification for grok online plots
   (Power Automate flow accepted - message processing asynchronously)
🎉 Teams notification sent successfully! (with intelligent analysis)
[nightly] Teams notification sent successfully for grok online
[nightly] === Online post-processing completed for GROK ===
[nightly] ==========================================
[nightly] Completed benchmarks for image: rocm/sgl-dev:v0.5.6-rocm700-mi30x-20251203
[nightly] Stopping container sgl-dev_v0.5.6-rocm700-mi30x-20251203 to release resources...
[nightly] ==========================================
[nightly] ==========================================
[nightly] All benchmarks completed for 1 image(s)
[nightly] ==========================================
[nightly] Cleaning up process lock...
