[system-cleanup] ==========================================
[system-cleanup] Docker & GPU Core Cleanup Script Started
[system-cleanup] Date: 2025-12-03 04:30:01 CST
[system-cleanup] Cleanup Docker images older than: 7 days
[system-cleanup] Cleanup GPU core dumps: ALL files
[system-cleanup] GPU core search directory: /mnt/raid/michael/sglang-ci
[system-cleanup] Critical space threshold: 200 GB
[system-cleanup] Dry run mode: false
[system-cleanup] ==========================================
[system-cleanup] Initial disk usage: 68% (432G free)
[system-cleanup] Initial free space: 432 GB
[system-cleanup] Disk space is healthy (432 GB available)
[system-cleanup] Step 1: Removing stopped Docker containers...
[system-cleanup] Found 1 stopped container(s)
[system-cleanup] ✅ Removed stopped containers
[system-cleanup] Step 2: Removing old sgl-dev images (older than 7 days)...
[system-cleanup] Processed old sgl-dev images: 0 removed, 3 kept/skipped
[system-cleanup] Step 3: Removing dangling images and unused data...
[system-cleanup] ✅ Cleaned up dangling images
[system-cleanup] Step 4: Removing old GPU core dump files (gpucore.*)...
[system-cleanup] Found 8 GPU core dump file(s) (total: ~593 GB)
[system-cleanup] ✅ Removed: gpucore.213
[system-cleanup] ✅ Removed: gpucore.211
[system-cleanup] ✅ Removed: gpucore.214
[system-cleanup] ✅ Removed: gpucore.208
[system-cleanup] ✅ Removed: gpucore.215
[system-cleanup] ✅ Removed: gpucore.210
[system-cleanup] ✅ Removed: gpucore.212
[system-cleanup] ✅ Removed: gpucore.209
[system-cleanup] ✅ Removed 8 GPU core dump file(s), freed ~593 GB
[system-cleanup] ==========================================
[system-cleanup] ✅ Docker Cleanup Complete
[system-cleanup] Initial disk usage: 68% (432G free) (432 GB free)
[system-cleanup] Final disk usage: 23% (1.1T free) (1032 GB free)
[system-cleanup] Space freed: 600 GB
[system-cleanup] Date: 2025-12-03 04:31:16 CST
[system-cleanup] ==========================================
[system-cleanup] Docker disk usage summary:
TYPE            TOTAL     ACTIVE    SIZE      RECLAIMABLE
Images          4         0         163.1GB   163.1GB (100%)
Containers      0         0         0B        0B
Local Volumes   0         0         0B        0B
Build Cache     0         0         0B        0B
