[nightly] ==========================================
[nightly] SGL Nightly Benchmark Started
[nightly] ==========================================
[nightly] Command: scripts/perf_nightly.sh --model=grok2 --model-path=/data/models/grok-2 --tokenizer-path=/data/models/alvarobartt--grok-2-tokenizer --mode=online --hardware=mi30x --teams-webhook-url=
[nightly] Start time: 2025-12-14 13:35:01 PST
[nightly] Machine: dell300x-pla-t12-38
[nightly] Working directory: /mnt/raid/michael/sglang-ci
[nightly] Script location: /mnt/raid/michael/sglang-ci/scripts/perf_nightly.sh
[nightly] Process ID: 2047203
[nightly] ==========================================

[nightly] Runtime Environment:
[nightly] User: amd | Groups: amd adm cdrom... | Docker: /usr/bin/docker
[nightly] Testing Docker daemon access...
[nightly] Docker daemon accessible - proceeding...
[nightly] WARN: --teams-webhook-url was provided without a value - notifications disabled
[nightly] Custom model path provided: /data/models/grok-2
[nightly] Custom tokenizer path provided: /data/models/alvarobartt--grok-2-tokenizer
[nightly] Using rocm700 for grok2 on mi30x hardware
[nightly] Hardware: mi30x, ROCM Version: rocm700
[nightly] Model: grok2, Mode(s): online
[nightly] Created process lock: /tmp/perf_nightly_grok2.lock
[nightly] GPU is busy. Attempting to stop running Docker containers...
[nightly] Stopping running containers: a50967281585
[nightly] Waiting 15s for GPU to become idle...
