[nightly] ==========================================
[nightly] SGL Nightly Benchmark Started
[nightly] ==========================================
[nightly] Command: scripts/perf_nightly.sh --model=grok2 --model-path=/mnt/raid/models/huggingface/grok-2 --tokenizer-path=/mnt/raid/models/huggingface/alvarobartt--grok-2-tokenizer --mode=online --hardware=mi30x --teams-webhook-url=https://default3dd8961fe4884e608e11a82d994e18.3d.environment.api.powerplatform.com:443/powerautomate/automations/direct/workflows/5b63cac7474049f7a780db5486e3a5c6/triggers/manual/paths/invoke?api-version=1&sp=%2Ftriggers%2Fmanual%2Frun&sv=1.0&sig=5npWudEjINETmq67Bx35skofwckhvg92Io38Ayll5Ns
[nightly] Start time: 2025-12-06 11:30:01 PST
[nightly] Machine: dell300x-pla-t10-23
[nightly] Working directory: /mnt/raid/michael/sglang-ci
[nightly] Script location: /mnt/raid/michael/sglang-ci/scripts/perf_nightly.sh
[nightly] Process ID: 1826989
[nightly] ==========================================

[nightly] Runtime Environment:
[nightly] User: amd | Groups: amd video users... | Docker: /usr/bin/docker
[nightly] Testing Docker daemon access...
[nightly] Docker daemon accessible - proceeding...
[nightly] Teams webhook URL provided via command line - notifications enabled
[nightly] Custom model path provided: /mnt/raid/models/huggingface/grok-2
[nightly] Custom tokenizer path provided: /mnt/raid/models/huggingface/alvarobartt--grok-2-tokenizer
[nightly] Using rocm700 for grok2 on mi30x hardware
[nightly] Hardware: mi30x, ROCM Version: rocm700
[nightly] Model: grok2, Mode(s): online
[nightly] Created process lock: /tmp/perf_nightly_grok2.lock
[nightly] GPU is busy. Attempting to stop running Docker containers...
[nightly] Stopping running containers: 6f59c956c4b8
[nightly] Waiting 15s for GPU to become idle...
[nightly] WARN: GPU may still be busy, but proceeding as requested.
[nightly] Searching for non-SRT images for grok2 for the last 1 days...
[nightly] Searching for non-SRT mi30x image (rocm700) in 'rocm/sgl-dev' for date 20251206...
[nightly] Found candidate tag for day -0: v0.5.6-rocm700-mi30x-20251206
[nightly] Found local image: rocm/sgl-dev:v0.5.6-rocm700-mi30x-20251206
[nightly] Successfully obtained image for date 20251206: rocm/sgl-dev:v0.5.6-rocm700-mi30x-20251206
[nightly] Found 1 valid image(s) to run benchmarks on:
[nightly]   - rocm/sgl-dev:v0.5.6-rocm700-mi30x-20251206

[nightly] ==========================================
[nightly] Starting benchmarks for image: rocm/sgl-dev:v0.5.6-rocm700-mi30x-20251206
[nightly] ==========================================
[nightly] Checking GPU status before starting benchmarks for rocm/sgl-dev:v0.5.6-rocm700-mi30x-20251206...
[nightly] GPU is busy. Attempting to stop running Docker containers...
[nightly] Stopping running containers: 0c2cacf450f5
[nightly] Waiting 15s for GPU to become idle...
[nightly] WARN: GPU may still be busy, but proceeding as requested.
[nightly] INFO: Found 0/15 completed runs for rocm/sgl-dev:v0.5.6-rocm700-mi30x-20251206 (online). Proceeding with benchmarks.
[nightly] Using Docker image: rocm/sgl-dev:v0.5.6-rocm700-mi30x-20251206
[nightly] Container name: sgl-dev_v0.5.6-rocm700-mi30x-20251206
[nightly] Reusing container sgl-dev_v0.5.6-rocm700-mi30x-20251206
[nightly] === Starting benchmark execution ===
[nightly] === Starting nightly GROK2 online benchmark ===
[nightly] Launching grok_perf_online_csv.sh inside sgl-dev_v0.5.6-rocm700-mi30x-20251206
[nightly] Adding --model-type=grok2 flag for Grok 2 benchmark
[nightly] Adding --tokenizer='/mnt/raid/models/huggingface/alvarobartt--grok-2-tokenizer' flag for Grok 2 benchmark
[online] Using Grok 2 configuration
[online] Using default Grok 2 tokenizer: /mnt/raid/models/huggingface/alvarobartt--grok-2-tokenizer
[online] Script started at: 2025-12-06 11:30:33 PST
Scanning existing logs to check if all benchmarks are already complete...
Checking GSM8K log status...
Missing: GSM8K log file (/mnt/raid/michael/sglang-ci/online/GROK2/v0.5.6-rocm700-mi30x-20251206_GROK2_FP8_online/sglang_client_log_GROK2_gsm8k_aiter.log)
Checking client benchmark logs...
Scan complete: 0/5 client benchmark runs are complete.
❌ Missing or incomplete client benchmark runs.
❌ GSM8K benchmark is missing, empty, or incomplete.
Server startup required.
Starting benchmarks using aiter backend...
[online] Using Grok2 environment: HSA_ENABLE_COREDUMP=0 RCCL_MSCCL_ENABLE=0 SGLANG_USE_AITER=1 SGLANG_INT4_WEIGHT=0
[online] Launching backend=aiter for grok2
[online] Waiting for server to be ready (timeout: 600s)...
[online] Still waiting... (10s elapsed)
[online] Still waiting... (20s elapsed)
[online] Still waiting... (30s elapsed)
[online] Still waiting... (40s elapsed)
[online] Still waiting... (50s elapsed)
[online] Still waiting... (60s elapsed)
[online] Still waiting... (70s elapsed)
[online] Still waiting... (80s elapsed)
[online] Still waiting... (90s elapsed)
[online] Still waiting... (100s elapsed)
[online] Still waiting... (110s elapsed)
[online] Still waiting... (120s elapsed)
[online] Still waiting... (130s elapsed)
[online] Still waiting... (140s elapsed)
[online] Still waiting... (150s elapsed)
[online] Still waiting... (160s elapsed)
[online] Still waiting... (170s elapsed)
[online] Still waiting... (180s elapsed)
[online] Still waiting... (190s elapsed)
[online] Still waiting... (200s elapsed)
[online] Still waiting... (210s elapsed)
[online] Still waiting... (220s elapsed)
[online] Still waiting... (230s elapsed)
[online] Still waiting... (240s elapsed)
[online] Still waiting... (250s elapsed)
[online] Still waiting... (260s elapsed)
[online] Still waiting... (270s elapsed)
[online] Still waiting... (280s elapsed)
[online] Still waiting... (290s elapsed)
[online] Still waiting... (300s elapsed)
[online] Still waiting... (310s elapsed)
[online] Still waiting... (320s elapsed)
[online] Still waiting... (330s elapsed)
[online] Still waiting... (340s elapsed)
[online] Still waiting... (350s elapsed)
[online] Still waiting... (360s elapsed)
[online] Still waiting... (370s elapsed)
[online] Still waiting... (380s elapsed)
[online] Still waiting... (390s elapsed)
[online] Still waiting... (400s elapsed)
[online] Still waiting... (410s elapsed)
[online] Still waiting... (420s elapsed)
[online] Still waiting... (430s elapsed)
[online] Still waiting... (440s elapsed)
[online] Still waiting... (450s elapsed)
[online] Still waiting... (460s elapsed)
[online] Still waiting... (470s elapsed)
[online] Still waiting... (480s elapsed)
[online] Still waiting... (490s elapsed)
[online] Still waiting... (500s elapsed)
[online] Still waiting... (510s elapsed)
[online] Still waiting... (520s elapsed)
[online] Still waiting... (530s elapsed)
[online] Still waiting... (540s elapsed)
[online] Still waiting... (550s elapsed)
[online] Still waiting... (560s elapsed)
[online] Still waiting... (570s elapsed)
[online] Still waiting... (580s elapsed)
[online] Still waiting... (590s elapsed)
[online] ERROR: Server failed to start within 600 seconds
[online] Last 50 lines of server log:
[2025-12-06 11:32:19 TP3] #all_names: 963, #hit_names: 707, #missing_exclude_scales: 0
[aiter] type hints mismatch, override to --> dynamic_per_tensor_quant(arg0: torch.Tensor, arg1: torch.Tensor, arg2: torch.Tensor) -> None
[2025-12-06 11:32:19 TP3] type hints mismatch, override to --> dynamic_per_tensor_quant(arg0: torch.Tensor, arg1: torch.Tensor, arg2: torch.Tensor) -> None
[2025-12-06 11:32:19 TP3] Load weight end. type=Grok1ForCausalLM, dtype=torch.bfloat16, avail mem=153.91 GB, mem usage=34.72 GB.
[2025-12-06 11:32:20 TP4] #all_names: 963, #hit_names: 707, #missing_exclude_scales: 0
[aiter] type hints mismatch, override to --> dynamic_per_tensor_quant(arg0: torch.Tensor, arg1: torch.Tensor, arg2: torch.Tensor) -> None
[2025-12-06 11:32:20 TP4] type hints mismatch, override to --> dynamic_per_tensor_quant(arg0: torch.Tensor, arg1: torch.Tensor, arg2: torch.Tensor) -> None
[2025-12-06 11:32:20 TP4] Load weight end. type=Grok1ForCausalLM, dtype=torch.bfloat16, avail mem=153.97 GB, mem usage=34.72 GB.
[2025-12-06 11:32:20 TP0] Using KV cache dtype: torch.bfloat16
[2025-12-06 11:32:20 TP5] KV Cache is allocated. #tokens: 3325105, K size: 50.74 GB, V size: 50.74 GB
[2025-12-06 11:32:20 TP5] Memory pool end. avail mem=50.44 GB
[2025-12-06 11:32:20 TP4] KV Cache is allocated. #tokens: 3325105, K size: 50.74 GB, V size: 50.74 GB
[2025-12-06 11:32:20 TP4] Memory pool end. avail mem=50.38 GB
[2025-12-06 11:32:20 TP7] KV Cache is allocated. #tokens: 3325105, K size: 50.74 GB, V size: 50.74 GB
[2025-12-06 11:32:20 TP7] Memory pool end. avail mem=50.44 GB
[2025-12-06 11:32:20 TP6] KV Cache is allocated. #tokens: 3325105, K size: 50.74 GB, V size: 50.74 GB
[2025-12-06 11:32:20 TP6] Memory pool end. avail mem=50.44 GB
[2025-12-06 11:32:20 TP3] KV Cache is allocated. #tokens: 3325105, K size: 50.74 GB, V size: 50.74 GB
[2025-12-06 11:32:20 TP3] Memory pool end. avail mem=50.32 GB
[2025-12-06 11:32:20 TP0] KV Cache is allocated. #tokens: 3325105, K size: 50.74 GB, V size: 50.74 GB
[2025-12-06 11:32:20 TP0] Memory pool end. avail mem=50.76 GB
[2025-12-06 11:32:20 TP1] KV Cache is allocated. #tokens: 3325105, K size: 50.74 GB, V size: 50.74 GB
[2025-12-06 11:32:20 TP1] Memory pool end. avail mem=50.32 GB
[2025-12-06 11:32:20 TP2] KV Cache is allocated. #tokens: 3325105, K size: 50.74 GB, V size: 50.74 GB
[2025-12-06 11:32:20 TP2] Memory pool end. avail mem=50.32 GB
[2025-12-06 11:32:23 TP3] Capture cuda graph begin. This can take up to several minutes. avail mem=41.87 GB
[2025-12-06 11:32:23 TP1] Capture cuda graph begin. This can take up to several minutes. avail mem=41.87 GB
[2025-12-06 11:32:23 TP5] Capture cuda graph begin. This can take up to several minutes. avail mem=42.00 GB
[2025-12-06 11:32:23 TP7] Capture cuda graph begin. This can take up to several minutes. avail mem=42.00 GB
[2025-12-06 11:32:23 TP6] Capture cuda graph begin. This can take up to several minutes. avail mem=42.00 GB
[2025-12-06 11:32:23 TP0] Capture cuda graph begin. This can take up to several minutes. avail mem=42.31 GB
[2025-12-06 11:32:23 TP0] Capture cuda graph bs [1, 2, 4, 8, 12, 16, 24, 32, 40, 48, 56, 64, 72, 80, 88, 96, 104, 112, 120, 128, 136, 144, 152, 160, 168, 176, 184, 192, 200, 208, 216, 224, 232, 240, 248, 256, 272, 288, 304, 320, 336, 352, 368, 384, 400, 416, 432, 448, 464, 480, 496, 512]
[2025-12-06 11:32:23 TP4] Capture cuda graph begin. This can take up to several minutes. avail mem=41.94 GB
[2025-12-06 11:32:23 TP2] Capture cuda graph begin. This can take up to several minutes. avail mem=41.87 GB
  0%|          | 0/52 [00:00<?, ?it/s]Capturing batches (bs=512 avail_mem=41.75 GB):   0%|          | 0/52 [00:00<?, ?it/s][aiter] waiting for baton release at /root/.aiter/build/pa_ragged_d55dc1f2a3eeb7a75e347bf1459d876a/lock
[2025-12-06 11:32:33 TP3] waiting for baton release at /root/.aiter/build/pa_ragged_d55dc1f2a3eeb7a75e347bf1459d876a/lock
[aiter] waiting for baton release at /root/.aiter/build/pa_ragged_d55dc1f2a3eeb7a75e347bf1459d876a/lock
[2025-12-06 11:32:34 TP0] waiting for baton release at /root/.aiter/build/pa_ragged_d55dc1f2a3eeb7a75e347bf1459d876a/lock
[aiter] waiting for baton release at /root/.aiter/build/pa_ragged_d55dc1f2a3eeb7a75e347bf1459d876a/lock
[2025-12-06 11:32:35 TP1] waiting for baton release at /root/.aiter/build/pa_ragged_d55dc1f2a3eeb7a75e347bf1459d876a/lock
[aiter] waiting for baton release at /root/.aiter/build/pa_ragged_d55dc1f2a3eeb7a75e347bf1459d876a/lock
[2025-12-06 11:32:37 TP5] waiting for baton release at /root/.aiter/build/pa_ragged_d55dc1f2a3eeb7a75e347bf1459d876a/lock
[aiter] waiting for baton release at /root/.aiter/build/pa_ragged_d55dc1f2a3eeb7a75e347bf1459d876a/lock
[2025-12-06 11:32:38 TP2] waiting for baton release at /root/.aiter/build/pa_ragged_d55dc1f2a3eeb7a75e347bf1459d876a/lock
[aiter] waiting for baton release at /root/.aiter/build/pa_ragged_d55dc1f2a3eeb7a75e347bf1459d876a/lock
[2025-12-06 11:32:39 TP4] waiting for baton release at /root/.aiter/build/pa_ragged_d55dc1f2a3eeb7a75e347bf1459d876a/lock
[aiter] waiting for baton release at /root/.aiter/build/pa_ragged_d55dc1f2a3eeb7a75e347bf1459d876a/lock
[2025-12-06 11:32:40 TP6] waiting for baton release at /root/.aiter/build/pa_ragged_d55dc1f2a3eeb7a75e347bf1459d876a/lock
[aiter] waiting for baton release at /root/.aiter/build/pa_ragged_d55dc1f2a3eeb7a75e347bf1459d876a/lock
[2025-12-06 11:32:42 TP7] waiting for baton release at /root/.aiter/build/pa_ragged_d55dc1f2a3eeb7a75e347bf1459d876a/lock
[nightly] === Online benchmark dispatched for GROK2; check logs in sgl-dev_v0.5.6-rocm700-mi30x-20251206 ===
[nightly] === Starting post-processing (CSV processing, plot generation, Teams notifications) ===
[nightly] Processing online CSV data and generating plots... Logs will be saved to /mnt/raid/michael/sglang-ci/online/GROK2/v0.5.6-rocm700-mi30x-20251206_GROK2_FP8_online/process_and_generate_online_plots.log
[nightly] Using plot date from image tag: 20251206
[nightly] Sending Teams notification for grok2 online plots...
[nightly] Adding benchmark date to Teams notification: 20251206
[nightly] Teams notification using plot directory: /mnt/raid/michael/sglang-ci/plots_server
[nightly] Using GitHub upload for plot images (repo: ROCm/sglang-ci)
[nightly] Images will be stored in main branch with structure: plot/mi30x/model/mode/filename.png
[nightly] Including intelligent analysis (7 days lookback)
🐙 GitHub upload mode: Images will be uploaded to ROCm/sglang-ci
🐙 GitHub upload mode: Images will be uploaded to GitHub and embedded in Teams
📁 Plot directory: /mnt/raid/michael/sglang-ci/plots_server
🗂️  Benchmark directory: /mnt/raid/michael/sglang-ci
   🔍 Uploading 20251206_GROK2_online_standard.png to GitHub...
   📋 Log branch already exists
   📄 Creating new file: plot/mi30x/GROK2/online/20251206_GROK2_online_standard.png
   ✅ Uploaded to GitHub (log branch): 20251206_GROK2_online_standard.png
   🔗 GitHub URL: https://github.com/ROCm/sglang-ci/blob/log/plot/mi30x/GROK2/online/20251206_GROK2_online_standard.png
🔍 Discovered 1 plot file(s) for grok2 online
   - 20251206_GROK2_online_standard.png -> ✅ uploaded to GitHub
🔍 Analyzing benchmark results for accuracy and performance...
   Found timing_summary log for grok2 online on 20251206: timing_summary_20251206_113033.log
   Found timing_summary log for grok2 online on 20251206: timing_summary_20251206_113033.log
   Found timing_summary log for grok2 online on 20251206: timing_summary_20251206_113033.log
   Found timing_summary log for grok2 online on 20251206: timing_summary_20251206_113033.log
🔍 Sending adaptive card with 1 image(s) hosted on GitHub
📊 Total payload size: 0.00MB
   📷 Image URL: https://github.com/ROCm/sglang-ci/blob/log/plot/mi30x/GROK2/online/20251206_GROK2_online_standard.png
   💾 Debug: Card JSON saved to /tmp/teams_card_debug.json
✅ Successfully sent Teams notification for grok2 online plots
   (Power Automate flow accepted - message processing asynchronously)
🎉 Teams notification sent successfully! (with intelligent analysis)
[nightly] Teams notification sent successfully for grok2 online
[nightly] === Online post-processing completed for GROK2 ===
[nightly] ==========================================
[nightly] Completed benchmarks for image: rocm/sgl-dev:v0.5.6-rocm700-mi30x-20251206
[nightly] Stopping container sgl-dev_v0.5.6-rocm700-mi30x-20251206 to release resources...
[nightly] ==========================================
[nightly] ==========================================
[nightly] All benchmarks completed for 1 image(s)
[nightly] ==========================================
[nightly] Cleaning up process lock...
