[nightly] ==========================================
[nightly] SGL Nightly Benchmark Started
[nightly] ==========================================
[nightly] Command: scripts/perf_nightly.sh --mode=sanity --hardware=mi30x --sanity-trials=3 --models-dir=/mnt/raid/models/huggingface --teams-webhook-url=https://default3dd8961fe4884e608e11a82d994e18.3d.environment.api.powerplatform.com:443/powerautomate/automations/direct/workflows/5b63cac7474049f7a780db5486e3a5c6/triggers/manual/paths/invoke?api-version=1&sp=%2Ftriggers%2Fmanual%2Frun&sv=1.0&sig=5npWudEjINETmq67Bx35skofwckhvg92Io38Ayll5Ns
[nightly] Start time: 2025-12-04 09:54:52 PST
[nightly] Machine: dell300x-pla-t10-23
[nightly] Working directory: /mnt/raid/michael/sglang-ci
[nightly] Script location: /mnt/raid/michael/sglang-ci/scripts/perf_nightly.sh
[nightly] Process ID: 597304
[nightly] ==========================================

[nightly] Runtime Environment:
[nightly] User: amd | Groups: amd video users... | Docker: /usr/bin/docker
[nightly] Testing Docker daemon access...
[nightly] Docker daemon accessible - proceeding...
[nightly] Teams webhook URL provided via command line - notifications enabled
[nightly] Will run 3 trials per model for sanity check
[nightly] Using rocm700 for sanity check on mi30x hardware (improved FP8 accuracy)
[nightly] Hardware: mi30x, ROCM Version: rocm700
[nightly] Mode is 'sanity', setting model to 'sanity' as well
[nightly] Model: sanity, Mode(s): sanity
[nightly] Created process lock: /tmp/perf_nightly_sanity.lock
[nightly] GPU is busy. Attempting to stop running Docker containers...
[nightly] Stopping running containers: b54a2faf363f
e9f97b290d0b
[nightly] Waiting 15s for GPU to become idle...
[nightly] WARN: GPU may still be busy, but proceeding as requested.
[nightly] Searching for non-SRT images for sanity for the last 1 days...
[nightly] Searching for non-SRT mi30x image (rocm700) in 'rocm/sgl-dev' for date 20251204...
[nightly] Found candidate tag for day -0: v0.5.6-rocm700-mi30x-20251204
[nightly] Found local image: rocm/sgl-dev:v0.5.6-rocm700-mi30x-20251204
[nightly] Successfully obtained image for date 20251204: rocm/sgl-dev:v0.5.6-rocm700-mi30x-20251204
[nightly] Found 1 valid image(s) to run benchmarks on:
[nightly]   - rocm/sgl-dev:v0.5.6-rocm700-mi30x-20251204

[nightly] ==========================================
[nightly] Starting benchmarks for image: rocm/sgl-dev:v0.5.6-rocm700-mi30x-20251204
[nightly] ==========================================
[nightly] Checking GPU status before starting benchmarks for rocm/sgl-dev:v0.5.6-rocm700-mi30x-20251204...
[nightly] GPU is busy. Attempting to stop running Docker containers...
[nightly] Stopping running containers: 09ec99a39b3a
[nightly] Waiting 15s for GPU to become idle...
[nightly] WARN: GPU may still be busy, but proceeding as requested.
[nightly] INFO: No completion check defined for mode 'sanity'. Assuming not complete.
[nightly] Using Docker image: rocm/sgl-dev:v0.5.6-rocm700-mi30x-20251204
[nightly] Container name: sgl-dev_v0.5.6-rocm700-mi30x-20251204
[nightly] Reusing container sgl-dev_v0.5.6-rocm700-mi30x-20251204
[nightly] No custom model path provided. Using default model path from benchmark script for sanity model.
[nightly] === Starting benchmark execution ===
[nightly] === Starting nightly SANITY sanity benchmark ===
[nightly] Launching sanity check inside sgl-dev_v0.5.6-rocm700-mi30x-20251204
[nightly] Executing: python3 '/mnt/raid/michael/sglang-ci/test/sanity_check.py' --docker-image='rocm/sgl-dev:v0.5.6-rocm700-mi30x-20251204' --hardware='mi30x' --trials=3 --log-dir='/mnt/raid/michael/sglang-ci/test/sanity_check_log/mi30x' --models-dir='/mnt/raid/models/huggingface'
[nightly] === Sanity check failed (exit code: 137) ===
[nightly] Sending Teams notification for sanity check results...
OCI runtime exec failed: exec failed: unable to start container process: error executing setns process: exit status 1: unknown
[nightly] WARN: Teams notification failed for sanity check (exit code: 126)
[nightly] === Starting post-processing (CSV processing, plot generation, Teams notifications) ===
[nightly] === Sanity post-processing completed for SANITY ===
[nightly] ==========================================
[nightly] Completed benchmarks for image: rocm/sgl-dev:v0.5.6-rocm700-mi30x-20251204
[nightly] Stopping container sgl-dev_v0.5.6-rocm700-mi30x-20251204 to release resources...
[nightly] ==========================================
[nightly] ==========================================
[nightly] All benchmarks completed for 1 image(s)
[nightly] ==========================================
[nightly] Cleaning up process lock...
