[nightly] ==========================================
[nightly] SGL Nightly Benchmark Started
[nightly] ==========================================
[nightly] Command: scripts/perf_nightly.sh --mode=sanity --hardware=mi30x --sanity-trials=3 --teams-webhook-url=https://default3dd8961fe4884e608e11a82d994e18.3d.environment.api.powerplatform.com:443/powerautomate/automations/direct/workflows/2115793fe51a4371bcedd8ff67ff0418/triggers/manual/paths/invoke?api-version=1&sp=%2Ftriggers%2Fmanual%2Frun&sv=1.0&sig=hzr6aH40CKrySSK64uAnsmVIR8ynAkIRTH65z-wqxNA
[nightly] Start time: 2025-11-01 09:40:01 PDT
[nightly] Machine: dell300x-pla-t10-23
[nightly] Working directory: /mnt/raid/michael/sglang-ci
[nightly] Script location: /mnt/raid/michael/sglang-ci/scripts/perf_nightly.sh
[nightly] Process ID: 3886377
[nightly] ==========================================

[nightly] Runtime Environment:
[nightly] User: amd | Groups: amd video users... | Docker: /usr/bin/docker
[nightly] Testing Docker daemon access...
[nightly] Docker daemon accessible - proceeding...
[nightly] Teams webhook URL provided via command line - notifications enabled
[nightly] Will run 3 trials per model for sanity check
[nightly] Using rocm700 for sanity check on mi30x hardware (improved FP8 accuracy)
[nightly] Hardware: mi30x, ROCM Version: rocm700
[nightly] Mode is 'sanity', setting model to 'sanity' as well
[nightly] Model: sanity, Mode(s): sanity
[nightly] Created process lock: /tmp/perf_nightly_sanity.lock
[nightly] GPU is busy. Attempting to stop running Docker containers...
[nightly] Stopping running containers: f8aac91173e9
e993df097053
48c6460d2c2b
d8a64207a641
[nightly] Waiting 15s for GPU to become idle...
[nightly] WARN: GPU may still be busy, but proceeding as requested.
[nightly] Searching for non-SRT images for sanity for the last 1 days...
[nightly] Searching for non-SRT mi30x image in 'rocm/sgl-dev' for date 20251101...
[nightly] Found candidate tag for day -0: v0.5.4.post2-rocm700-mi30x-20251101
[nightly] Found local image: rocm/sgl-dev:v0.5.4.post2-rocm700-mi30x-20251101
[nightly] Successfully obtained image for date 20251101: rocm/sgl-dev:v0.5.4.post2-rocm700-mi30x-20251101
[nightly] Found 1 valid image(s) to run benchmarks on:
[nightly]   - rocm/sgl-dev:v0.5.4.post2-rocm700-mi30x-20251101

[nightly] ==========================================
[nightly] Starting benchmarks for image: rocm/sgl-dev:v0.5.4.post2-rocm700-mi30x-20251101
[nightly] ==========================================
[nightly] Checking GPU status before starting benchmarks for rocm/sgl-dev:v0.5.4.post2-rocm700-mi30x-20251101...
[nightly] GPU is busy. Attempting to stop running Docker containers...
[nightly] Stopping running containers: 28f95a9eb524
[nightly] Waiting 15s for GPU to become idle...
[nightly] WARN: GPU may still be busy, but proceeding as requested.
[nightly] INFO: No completion check defined for mode 'sanity'. Assuming not complete.
[nightly] Using Docker image: rocm/sgl-dev:v0.5.4.post2-rocm700-mi30x-20251101
[nightly] Container name: sgl-dev_v0.5.4.post2-rocm700-mi30x-20251101
[nightly] Creating container sgl-dev_v0.5.4.post2-rocm700-mi30x-20251101
d392c1116626108a315d359f40a6ad1f5e251563034ee584657cf3f299a0125c
[nightly] No custom model path provided. Using default model path from benchmark script for sanity model.
[nightly] === Starting benchmark execution ===
[nightly] === Starting nightly SANITY sanity benchmark ===
[nightly] Launching sanity check inside sgl-dev_v0.5.4.post2-rocm700-mi30x-20251101
[nightly] Executing: python3 '/mnt/raid/michael/sglang-ci/test/sanity_check.py' --docker-image='rocm/sgl-dev:v0.5.4.post2-rocm700-mi30x-20251101' --hardware='mi30x' --trials=3 --log-dir='/mnt/raid/michael/sglang-ci/test/sanity_check_log/mi30x'
