[system-cleanup] ==========================================
[system-cleanup] Docker & GPU Core Cleanup Script Started
[system-cleanup] Date: 2025-12-14 09:30:02 CST
[system-cleanup] Cleanup Docker images older than: 7 days
[system-cleanup] Cleanup GPU core dumps: ALL files
[system-cleanup] GPU core search directory: /mnt/raid/michael/sglang-ci
[system-cleanup] Critical space threshold: 200 GB
[system-cleanup] Dry run mode: false
[system-cleanup] ==========================================
[system-cleanup] Initial disk usage: 82% (627G free)
[system-cleanup] Initial free space: 627 GB
[system-cleanup] Disk space is healthy (627 GB available)
[system-cleanup] Step 1: Removing stopped Docker containers...
[system-cleanup] No stopped containers found
[system-cleanup] Step 2: Removing old sgl-dev images (older than 7 days)...
[system-cleanup] ✅ Removed: rocm/sgl-dev:v0.5.6-rocm700-mi30x-20251207
[system-cleanup] ✅ Removed: rocm/sgl-dev:v0.5.6-rocm700-mi35x-20251207
[system-cleanup] Processed old sgl-dev images: 2 removed, 6 kept/skipped
[system-cleanup] Step 3: Removing dangling images and unused data...
[system-cleanup] ✅ Cleaned up dangling images
[system-cleanup] Step 4: Removing old GPU core dump files (gpucore.*)...
[system-cleanup] No old GPU core dump files found
[system-cleanup] ==========================================
[system-cleanup] ✅ Docker Cleanup Complete
[system-cleanup] Initial disk usage: 82% (627G free) (627 GB free)
[system-cleanup] Final disk usage: 81% (659G free) (659 GB free)
[system-cleanup] Space freed: 32 GB
[system-cleanup] Date: 2025-12-14 09:30:09 CST
[system-cleanup] ==========================================
[system-cleanup] Docker disk usage summary:
TYPE            TOTAL     ACTIVE    SIZE      RECLAIMABLE
Images          25        2         722.2GB   706.4GB (97%)
Containers      2         2         3.223GB   0B (0%)
Local Volumes   0         0         0B        0B
Build Cache     215       0         27.04GB   27.04GB
