[system-cleanup] ==========================================
[system-cleanup] Docker & GPU Core Cleanup Script Started
[system-cleanup] Date: 2025-12-10 09:30:01 CST
[system-cleanup] Cleanup Docker images older than: 7 days
[system-cleanup] Cleanup GPU core dumps: ALL files
[system-cleanup] GPU core search directory: /mnt/raid/michael/sglang-ci
[system-cleanup] Critical space threshold: 200 GB
[system-cleanup] Dry run mode: false
[system-cleanup] ==========================================
[system-cleanup] Initial disk usage: 75% (862G free)
[system-cleanup] Initial free space: 862 GB
[system-cleanup] Disk space is healthy (862 GB available)
[system-cleanup] Step 1: Removing stopped Docker containers...
[system-cleanup] Found 1 stopped container(s)
[system-cleanup] ✅ Removed stopped containers
[system-cleanup] Step 2: Removing old sgl-dev images (older than 7 days)...
[system-cleanup] ✅ Removed: rocm/sgl-dev:v0.5.6-rocm700-mi35x-20251203
[system-cleanup] Processed old sgl-dev images: 1 removed, 7 kept/skipped
[system-cleanup] Step 3: Removing dangling images and unused data...
[system-cleanup] ✅ Cleaned up dangling images
[system-cleanup] Step 4: Removing old GPU core dump files (gpucore.*)...
[system-cleanup] No old GPU core dump files found
[system-cleanup] ==========================================
[system-cleanup] ✅ Docker Cleanup Complete
[system-cleanup] Initial disk usage: 75% (862G free) (862 GB free)
[system-cleanup] Final disk usage: 74% (877G free) (877 GB free)
[system-cleanup] Space freed: 15 GB
[system-cleanup] Date: 2025-12-10 09:30:05 CST
[system-cleanup] ==========================================
[system-cleanup] Docker disk usage summary:
TYPE            TOTAL     ACTIVE    SIZE      RECLAIMABLE
Images          21        2         548.8GB   533.1GB (97%)
Containers      2         2         26.03MB   0B (0%)
Local Volumes   0         0         0B        0B
Build Cache     215       0         27.04GB   27.04GB
