[nightly] ==========================================
[nightly] SGL Nightly Benchmark Started
[nightly] ==========================================
[nightly] Command: scripts/perf_nightly.sh --model=grok --model-path=/mnt/raid/models/huggingface/amd--grok-1-W4A8KV8 --mode=online --hardware=mi30x --teams-webhook-url=https://default3dd8961fe4884e608e11a82d994e18.3d.environment.api.powerplatform.com:443/powerautomate/automations/direct/workflows/5b63cac7474049f7a780db5486e3a5c6/triggers/manual/paths/invoke?api-version=1&sp=%2Ftriggers%2Fmanual%2Frun&sv=1.0&sig=5npWudEjINETmq67Bx35skofwckhvg92Io38Ayll5Ns
[nightly] Start time: 2025-11-07 10:45:01 PST
[nightly] Machine: dell300x-pla-t10-23
[nightly] Working directory: /mnt/raid/michael/sglang-ci
[nightly] Script location: /mnt/raid/michael/sglang-ci/scripts/perf_nightly.sh
[nightly] Process ID: 3330872
[nightly] ==========================================

[nightly] Runtime Environment:
[nightly] User: amd | Groups: amd video users... | Docker: /usr/bin/docker
[nightly] Testing Docker daemon access...
[nightly] Docker daemon accessible - proceeding...
[nightly] Teams webhook URL provided via command line - notifications enabled
[nightly] Custom model path provided: /mnt/raid/models/huggingface/amd--grok-1-W4A8KV8
[nightly] Hardware: mi30x, ROCM Version: rocm630
[nightly] Model: grok, Mode(s): online
[nightly] Created process lock: /tmp/perf_nightly_grok.lock
[nightly] GPU is busy. Attempting to stop running Docker containers...
[nightly] Stopping running containers: 45292a13f0d1
[nightly] Waiting 15s for GPU to become idle...
[nightly] WARN: GPU may still be busy, but proceeding as requested.
[nightly] Searching for non-SRT images for grok for the last 1 days...
[nightly] Searching for non-SRT mi30x image in 'rocm/sgl-dev' for date 20251107...
[nightly] Found candidate tag for day -0: v0.5.5-rocm630-mi30x-20251107
[nightly] Pull attempt 1/3 for rocm/sgl-dev:v0.5.5-rocm630-mi30x-20251107...
v0.5.5-rocm630-mi30x-20251107: Pulling from rocm/sgl-dev
6414378b6477: Already exists
fb9b732d846a: Already exists
72a47c966458: Already exists
6b0f51e662d9: Already exists
d28fe32bd1e1: Already exists
4f4fb700ef54: Already exists
2ae8666e7615: Already exists
f6f97575f532: Already exists
ce162731a8b4: Already exists
886496af1b52: Already exists
9782bae5e560: Already exists
0456b1c0d4ee: Already exists
bf2506ff98d5: Already exists
990ebd29eb4c: Already exists
27b2c0ff8cb6: Already exists
8a139095437d: Already exists
4f4fb700ef54: Already exists
4f4fb700ef54: Already exists
9a814f065b00: Already exists
4f4fb700ef54: Already exists
9224f7232abd: Already exists
8d21946ae781: Already exists
4bee7ff91294: Already exists
58d33f52fba2: Already exists
8cc3e06393c6: Already exists
6621933c8f30: Already exists
7f5438c2f045: Already exists
2493d82efb2e: Already exists
db5985cb22de: Already exists
8a38439a9480: Pulling fs layer
4f4fb700ef54: Pulling fs layer
3b6cacc1fcf8: Pulling fs layer
8a38439a9480: Waiting
b19e012c478c: Pulling fs layer
e8d735b8b985: Pulling fs layer
4f4fb700ef54: Waiting
d80dcafefb03: Pulling fs layer
f07e2add037b: Pulling fs layer
b19e012c478c: Waiting
e8d735b8b985: Waiting
ba2751cd3a9a: Pulling fs layer
3b6cacc1fcf8: Waiting
f07e2add037b: Waiting
a88aaf94d842: Pulling fs layer
d80dcafefb03: Waiting
fb4284b2c92c: Pulling fs layer
ba2751cd3a9a: Waiting
89f221c38ed4: Pulling fs layer
37cc3da3a2c5: Pulling fs layer
a88aaf94d842: Waiting
fb4284b2c92c: Waiting
8cda55373fdc: Pulling fs layer
89f221c38ed4: Waiting
8cd7528e6f15: Pulling fs layer
37cc3da3a2c5: Waiting
e283bc6ca98b: Pulling fs layer
e283bc6ca98b: Waiting
8cda55373fdc: Waiting
8cd7528e6f15: Waiting
8a38439a9480: Verifying Checksum
8a38439a9480: Download complete
8a38439a9480: Pull complete
4f4fb700ef54: Downloading
4f4fb700ef54: Retrying in 5 seconds
4f4fb700ef54: Retrying in 4 seconds
4f4fb700ef54: Retrying in 3 seconds
4f4fb700ef54: Retrying in 2 seconds
4f4fb700ef54: Retrying in 1 second
4f4fb700ef54: Download complete
4f4fb700ef54: Pull complete
b19e012c478c: Retrying in 5 seconds
b19e012c478c: Retrying in 4 seconds
b19e012c478c: Retrying in 3 seconds
b19e012c478c: Retrying in 2 seconds
b19e012c478c: Retrying in 1 second
3b6cacc1fcf8: Retrying in 5 seconds
3b6cacc1fcf8: Retrying in 4 seconds
3b6cacc1fcf8: Retrying in 3 seconds
3b6cacc1fcf8: Retrying in 2 seconds
3b6cacc1fcf8: Retrying in 1 second
3b6cacc1fcf8: Verifying Checksum
3b6cacc1fcf8: Download complete
3b6cacc1fcf8: Pull complete
b19e012c478c: Retrying in 10 seconds
b19e012c478c: Retrying in 9 seconds
b19e012c478c: Retrying in 8 seconds
b19e012c478c: Retrying in 7 seconds
b19e012c478c: Retrying in 6 seconds
b19e012c478c: Retrying in 5 seconds
b19e012c478c: Retrying in 4 seconds
b19e012c478c: Retrying in 3 seconds
b19e012c478c: Retrying in 2 seconds
b19e012c478c: Retrying in 1 second
e8d735b8b985: Retrying in 4 seconds
e8d735b8b985: Retrying in 3 seconds
e8d735b8b985: Retrying in 2 seconds
e8d735b8b985: Retrying in 1 second
d80dcafefb03: Retrying in 5 seconds
d80dcafefb03: Retrying in 4 seconds
d80dcafefb03: Retrying in 3 seconds
d80dcafefb03: Retrying in 2 seconds
d80dcafefb03: Retrying in 1 second
d80dcafefb03: Retrying in 10 seconds
d80dcafefb03: Retrying in 9 seconds
d80dcafefb03: Retrying in 8 seconds
d80dcafefb03: Retrying in 7 seconds
d80dcafefb03: Retrying in 6 seconds
d80dcafefb03: Retrying in 5 seconds
d80dcafefb03: Retrying in 4 seconds
d80dcafefb03: Retrying in 3 seconds
d80dcafefb03: Retrying in 2 seconds
d80dcafefb03: Retrying in 1 second
e8d735b8b985: Retrying in 10 seconds
e8d735b8b985: Retrying in 9 seconds
e8d735b8b985: Retrying in 8 seconds
e8d735b8b985: Retrying in 7 seconds
e8d735b8b985: Retrying in 6 seconds
e8d735b8b985: Retrying in 5 seconds
e8d735b8b985: Retrying in 4 seconds
e8d735b8b985: Retrying in 3 seconds
e8d735b8b985: Retrying in 2 seconds
e8d735b8b985: Retrying in 1 second
b19e012c478c: Retrying in 15 seconds
b19e012c478c: Retrying in 14 seconds
b19e012c478c: Retrying in 13 seconds
b19e012c478c: Retrying in 12 seconds
b19e012c478c: Retrying in 11 seconds
b19e012c478c: Retrying in 10 seconds
b19e012c478c: Retrying in 9 seconds
b19e012c478c: Retrying in 8 seconds
b19e012c478c: Retrying in 7 seconds
b19e012c478c: Retrying in 6 seconds
b19e012c478c: Retrying in 5 seconds
b19e012c478c: Retrying in 4 seconds
b19e012c478c: Retrying in 3 seconds
b19e012c478c: Retrying in 2 seconds
b19e012c478c: Retrying in 1 second
e8d735b8b985: Retrying in 15 seconds
e8d735b8b985: Retrying in 14 seconds
e8d735b8b985: Retrying in 13 seconds
e8d735b8b985: Retrying in 12 seconds
e8d735b8b985: Retrying in 11 seconds
e8d735b8b985: Retrying in 10 seconds
e8d735b8b985: Retrying in 9 seconds
e8d735b8b985: Retrying in 8 seconds
e8d735b8b985: Retrying in 7 seconds
e8d735b8b985: Retrying in 6 seconds
e8d735b8b985: Retrying in 5 seconds
e8d735b8b985: Retrying in 4 seconds
e8d735b8b985: Retrying in 3 seconds
e8d735b8b985: Retrying in 2 seconds
e8d735b8b985: Retrying in 1 second
d80dcafefb03: Retrying in 15 seconds
d80dcafefb03: Retrying in 14 seconds
d80dcafefb03: Retrying in 13 seconds
d80dcafefb03: Retrying in 12 seconds
d80dcafefb03: Retrying in 11 seconds
d80dcafefb03: Retrying in 10 seconds
d80dcafefb03: Retrying in 9 seconds
d80dcafefb03: Retrying in 8 seconds
d80dcafefb03: Retrying in 7 seconds
d80dcafefb03: Retrying in 6 seconds
d80dcafefb03: Retrying in 5 seconds
d80dcafefb03: Retrying in 4 seconds
d80dcafefb03: Retrying in 3 seconds
d80dcafefb03: Retrying in 2 seconds
d80dcafefb03: Retrying in 1 second
d80dcafefb03: Downloading
d80dcafefb03: Retrying in 20 seconds
d80dcafefb03: Retrying in 19 seconds
d80dcafefb03: Retrying in 18 seconds
d80dcafefb03: Retrying in 17 seconds
d80dcafefb03: Retrying in 16 seconds
d80dcafefb03: Retrying in 15 seconds
d80dcafefb03: Retrying in 14 seconds
d80dcafefb03: Retrying in 13 seconds
d80dcafefb03: Retrying in 12 seconds
d80dcafefb03: Retrying in 11 seconds
d80dcafefb03: Retrying in 10 seconds
d80dcafefb03: Retrying in 9 seconds
d80dcafefb03: Retrying in 8 seconds
d80dcafefb03: Retrying in 7 seconds
d80dcafefb03: Retrying in 6 seconds
d80dcafefb03: Retrying in 5 seconds
d80dcafefb03: Retrying in 4 seconds
d80dcafefb03: Retrying in 3 seconds
d80dcafefb03: Retrying in 2 seconds
d80dcafefb03: Retrying in 1 second
b19e012c478c: Retrying in 20 seconds
b19e012c478c: Retrying in 19 seconds
b19e012c478c: Retrying in 18 seconds
b19e012c478c: Retrying in 17 seconds
b19e012c478c: Retrying in 16 seconds
b19e012c478c: Retrying in 15 seconds
b19e012c478c: Retrying in 14 seconds
b19e012c478c: Retrying in 13 seconds
b19e012c478c: Retrying in 12 seconds
b19e012c478c: Retrying in 11 seconds
b19e012c478c: Retrying in 10 seconds
b19e012c478c: Retrying in 9 seconds
b19e012c478c: Retrying in 8 seconds
b19e012c478c: Retrying in 7 seconds
b19e012c478c: Retrying in 6 seconds
b19e012c478c: Retrying in 5 seconds
b19e012c478c: Retrying in 4 seconds
b19e012c478c: Retrying in 3 seconds
b19e012c478c: Retrying in 2 seconds
e8d735b8b985: Retrying in 20 seconds
b19e012c478c: Retrying in 1 second
e8d735b8b985: Retrying in 19 seconds
e8d735b8b985: Retrying in 18 seconds
e8d735b8b985: Retrying in 17 seconds
e8d735b8b985: Retrying in 16 seconds
e8d735b8b985: Retrying in 15 seconds
e8d735b8b985: Retrying in 14 seconds
e8d735b8b985: Retrying in 13 seconds
e8d735b8b985: Retrying in 12 seconds
e8d735b8b985: Retrying in 11 seconds
e8d735b8b985: Retrying in 10 seconds
e8d735b8b985: Retrying in 9 seconds
e8d735b8b985: Retrying in 8 seconds
e8d735b8b985: Retrying in 7 seconds
e8d735b8b985: Retrying in 6 seconds
e8d735b8b985: Retrying in 5 seconds
e8d735b8b985: Retrying in 4 seconds
e8d735b8b985: Retrying in 3 seconds
e8d735b8b985: Retrying in 2 seconds
e8d735b8b985: Retrying in 1 second
b19e012c478c: Verifying Checksum
b19e012c478c: Download complete
f07e2add037b: Verifying Checksum
f07e2add037b: Download complete
b19e012c478c: Pull complete
d80dcafefb03: Retrying in 25 seconds
d80dcafefb03: Retrying in 24 seconds
d80dcafefb03: Retrying in 23 seconds
d80dcafefb03: Retrying in 22 seconds
d80dcafefb03: Retrying in 21 seconds
d80dcafefb03: Retrying in 20 seconds
d80dcafefb03: Retrying in 19 seconds
d80dcafefb03: Retrying in 18 seconds
d80dcafefb03: Retrying in 17 seconds
d80dcafefb03: Retrying in 16 seconds
d80dcafefb03: Retrying in 15 seconds
d80dcafefb03: Retrying in 14 seconds
d80dcafefb03: Retrying in 13 seconds
d80dcafefb03: Retrying in 12 seconds
d80dcafefb03: Retrying in 11 seconds
d80dcafefb03: Retrying in 10 seconds
d80dcafefb03: Retrying in 9 seconds
d80dcafefb03: Retrying in 8 seconds
d80dcafefb03: Retrying in 7 seconds
d80dcafefb03: Retrying in 6 seconds
d80dcafefb03: Retrying in 5 seconds
d80dcafefb03: Retrying in 4 seconds
d80dcafefb03: Retrying in 3 seconds
d80dcafefb03: Retrying in 2 seconds
d80dcafefb03: Retrying in 1 second
ba2751cd3a9a: Retrying in 5 seconds
ba2751cd3a9a: Retrying in 4 seconds
ba2751cd3a9a: Retrying in 3 seconds
ba2751cd3a9a: Retrying in 2 seconds
ba2751cd3a9a: Retrying in 1 second
ba2751cd3a9a: Verifying Checksum
ba2751cd3a9a: Download complete
a88aaf94d842: Download complete
fb4284b2c92c: Verifying Checksum
fb4284b2c92c: Download complete
89f221c38ed4: Verifying Checksum
89f221c38ed4: Download complete
d80dcafefb03: Verifying Checksum
d80dcafefb03: Download complete
8cda55373fdc: Verifying Checksum
8cda55373fdc: Download complete
8cd7528e6f15: Verifying Checksum
8cd7528e6f15: Download complete
e283bc6ca98b: Download complete
37cc3da3a2c5: Verifying Checksum
37cc3da3a2c5: Download complete
e8d735b8b985: Verifying Checksum
e8d735b8b985: Download complete
e8d735b8b985: Pull complete
d80dcafefb03: Pull complete
f07e2add037b: Pull complete
ba2751cd3a9a: Pull complete
a88aaf94d842: Pull complete
fb4284b2c92c: Pull complete
89f221c38ed4: Pull complete
37cc3da3a2c5: Pull complete
8cda55373fdc: Pull complete
8cd7528e6f15: Pull complete
e283bc6ca98b: Pull complete
Digest: sha256:c3c78fda5d7ae2640f42afbdb5e3a062d3d57e621a30e87dacd126fa41d42e68
Status: Downloaded newer image for rocm/sgl-dev:v0.5.5-rocm630-mi30x-20251107
docker.io/rocm/sgl-dev:v0.5.5-rocm630-mi30x-20251107
[nightly] Successfully pulled image: rocm/sgl-dev:v0.5.5-rocm630-mi30x-20251107
[nightly] Successfully obtained image for date 20251107: rocm/sgl-dev:v0.5.5-rocm630-mi30x-20251107
[nightly] Found 1 valid image(s) to run benchmarks on:
[nightly]   - rocm/sgl-dev:v0.5.5-rocm630-mi30x-20251107

[nightly] ==========================================
[nightly] Starting benchmarks for image: rocm/sgl-dev:v0.5.5-rocm630-mi30x-20251107
[nightly] ==========================================
[nightly] Checking GPU status before starting benchmarks for rocm/sgl-dev:v0.5.5-rocm630-mi30x-20251107...
[nightly] GPU is busy. Attempting to stop running Docker containers...
[nightly] Stopping running containers: f3fcbd75e7cf
6407b7795343
[nightly] Waiting 15s for GPU to become idle...
