[nightly] ==========================================
[nightly] SGL Nightly Benchmark Started
[nightly] ==========================================
[nightly] Command: scripts/perf_nightly.sh --mode=sanity --hardware=mi30x --sanity-trials=3 --teams-webhook-url=https://default3dd8961fe4884e608e11a82d994e18.3d.environment.api.powerplatform.com:443/powerautomate/automations/direct/workflows/5b63cac7474049f7a780db5486e3a5c6/triggers/manual/paths/invoke?api-version=1&sp=%2Ftriggers%2Fmanual%2Frun&sv=1.0&sig=5npWudEjINETmq67Bx35skofwckhvg92Io38Ayll5Ns
[nightly] Start time: 2025-11-07 08:40:01 PST
[nightly] Machine: dell300x-pla-t10-23
[nightly] Working directory: /mnt/raid/michael/sglang-ci
[nightly] Script location: /mnt/raid/michael/sglang-ci/scripts/perf_nightly.sh
[nightly] Process ID: 3317217
[nightly] ==========================================

[nightly] Runtime Environment:
[nightly] User: amd | Groups: amd video users... | Docker: /usr/bin/docker
[nightly] Testing Docker daemon access...
[nightly] Docker daemon accessible - proceeding...
[nightly] Teams webhook URL provided via command line - notifications enabled
[nightly] Will run 3 trials per model for sanity check
[nightly] Using rocm700 for sanity check on mi30x hardware (improved FP8 accuracy)
[nightly] Hardware: mi30x, ROCM Version: rocm700
[nightly] Mode is 'sanity', setting model to 'sanity' as well
[nightly] Model: sanity, Mode(s): sanity
[nightly] Created process lock: /tmp/perf_nightly_sanity.lock
[nightly] GPU is busy. Attempting to stop running Docker containers...
[nightly] Stopping running containers: 01c6613cbf33
[nightly] Waiting 15s for GPU to become idle...
[nightly] WARN: GPU may still be busy, but proceeding as requested.
[nightly] Searching for non-SRT images for sanity for the last 1 days...
[nightly] Searching for non-SRT mi30x image in 'rocm/sgl-dev' for date 20251107...
[nightly] Found candidate tag for day -0: v0.5.5-rocm700-mi30x-20251107
[nightly] Pull attempt 1/3 for rocm/sgl-dev:v0.5.5-rocm700-mi30x-20251107...
v0.5.5-rocm700-mi30x-20251107: Pulling from rocm/sgl-dev
660ffc76f83b: Already exists
8f15127cc838: Already exists
9b15895e3240: Already exists
f9b093ef803e: Already exists
7871d920fb0f: Already exists
7935d8c4e26c: Already exists
a32765e78010: Already exists
7fc751a2ed3a: Already exists
980be016a223: Already exists
9e1a971876ec: Already exists
ec6812b374e9: Already exists
01b887f14943: Already exists
844c30750327: Already exists
2682f0d8340c: Already exists
4f4fb700ef54: Already exists
349b8c8a8418: Already exists
d0b1657b26f5: Already exists
45b70560bebf: Already exists
4f4fb700ef54: Already exists
b18067367790: Already exists
80e4388c8594: Already exists
43bd5f89e157: Already exists
4f4e25c713a5: Already exists
fa9b244e8ec3: Already exists
4f4fb700ef54: Already exists
4f4fb700ef54: Already exists
802ff7b676ec: Already exists
4f4fb700ef54: Already exists
91c970c997c5: Already exists
c7b1c2221fca: Already exists
f741376ff6a1: Already exists
d9b88c1e947d: Already exists
0e6681539f16: Already exists
071b6e160015: Pulling fs layer
4f4fb700ef54: Pulling fs layer
c48868bbd40d: Pulling fs layer
6fd94782e6d5: Pulling fs layer
fafeea05d3a5: Pulling fs layer
69d50fafb089: Pulling fs layer
4f4fb700ef54: Waiting
2e0a85b874a8: Pulling fs layer
b6a1b46a6d30: Pulling fs layer
47afd94d502a: Pulling fs layer
071b6e160015: Waiting
336ecfaa2bd4: Pulling fs layer
c48868bbd40d: Waiting
b29f711b0304: Pulling fs layer
6523fcecd1c2: Pulling fs layer
6fd94782e6d5: Waiting
b6a1b46a6d30: Waiting
4b00dff39708: Pulling fs layer
69d50fafb089: Waiting
fafeea05d3a5: Waiting
ed3492da1519: Pulling fs layer
2e0a85b874a8: Waiting
47afd94d502a: Waiting
336ecfaa2bd4: Waiting
b29f711b0304: Waiting
6523fcecd1c2: Waiting
4b00dff39708: Waiting
ed3492da1519: Waiting
c9949f37a3f6: Pulling fs layer
0883eca5f46d: Pulling fs layer
0883eca5f46d: Waiting
c9949f37a3f6: Waiting
071b6e160015: Retrying in 5 seconds
071b6e160015: Retrying in 4 seconds
071b6e160015: Retrying in 3 seconds
071b6e160015: Retrying in 2 seconds
071b6e160015: Retrying in 1 second
071b6e160015: Retrying in 10 seconds
071b6e160015: Retrying in 9 seconds
071b6e160015: Retrying in 8 seconds
071b6e160015: Retrying in 7 seconds
071b6e160015: Retrying in 6 seconds
071b6e160015: Retrying in 5 seconds
071b6e160015: Retrying in 4 seconds
071b6e160015: Retrying in 3 seconds
071b6e160015: Retrying in 2 seconds
071b6e160015: Retrying in 1 second
071b6e160015: Download complete
071b6e160015: Pull complete
4f4fb700ef54: Verifying Checksum
4f4fb700ef54: Download complete
4f4fb700ef54: Pull complete
c48868bbd40d: Verifying Checksum
c48868bbd40d: Download complete
c48868bbd40d: Pull complete
6fd94782e6d5: Download complete
6fd94782e6d5: Pull complete
fafeea05d3a5: Retrying in 5 seconds
fafeea05d3a5: Retrying in 4 seconds
fafeea05d3a5: Retrying in 3 seconds
fafeea05d3a5: Retrying in 2 seconds
fafeea05d3a5: Retrying in 1 second
fafeea05d3a5: Retrying in 10 seconds
fafeea05d3a5: Retrying in 9 seconds
fafeea05d3a5: Retrying in 8 seconds
fafeea05d3a5: Retrying in 7 seconds
fafeea05d3a5: Retrying in 6 seconds
fafeea05d3a5: Retrying in 5 seconds
fafeea05d3a5: Retrying in 4 seconds
fafeea05d3a5: Retrying in 3 seconds
fafeea05d3a5: Retrying in 2 seconds
fafeea05d3a5: Retrying in 1 second
fafeea05d3a5: Verifying Checksum
fafeea05d3a5: Download complete
fafeea05d3a5: Pull complete
69d50fafb089: Retrying in 5 seconds
69d50fafb089: Retrying in 4 seconds
69d50fafb089: Retrying in 3 seconds
69d50fafb089: Retrying in 2 seconds
69d50fafb089: Retrying in 1 second
2e0a85b874a8: Retrying in 5 seconds
2e0a85b874a8: Retrying in 4 seconds
2e0a85b874a8: Retrying in 3 seconds
2e0a85b874a8: Retrying in 2 seconds
2e0a85b874a8: Retrying in 1 second
69d50fafb089: Retrying in 10 seconds
69d50fafb089: Retrying in 9 seconds
69d50fafb089: Retrying in 8 seconds
69d50fafb089: Retrying in 7 seconds
69d50fafb089: Retrying in 6 seconds
69d50fafb089: Retrying in 5 seconds
69d50fafb089: Retrying in 4 seconds
69d50fafb089: Retrying in 3 seconds
69d50fafb089: Retrying in 2 seconds
69d50fafb089: Retrying in 1 second
b6a1b46a6d30: Verifying Checksum
b6a1b46a6d30: Download complete
2e0a85b874a8: Retrying in 10 seconds
2e0a85b874a8: Retrying in 9 seconds
2e0a85b874a8: Retrying in 8 seconds
2e0a85b874a8: Retrying in 7 seconds
2e0a85b874a8: Retrying in 6 seconds
2e0a85b874a8: Retrying in 5 seconds
2e0a85b874a8: Retrying in 4 seconds
2e0a85b874a8: Retrying in 3 seconds
2e0a85b874a8: Retrying in 2 seconds
2e0a85b874a8: Retrying in 1 second
2e0a85b874a8: Retrying in 15 seconds
2e0a85b874a8: Retrying in 14 seconds
2e0a85b874a8: Retrying in 13 seconds
2e0a85b874a8: Retrying in 12 seconds
2e0a85b874a8: Retrying in 11 seconds
2e0a85b874a8: Retrying in 10 seconds
2e0a85b874a8: Retrying in 9 seconds
2e0a85b874a8: Retrying in 8 seconds
2e0a85b874a8: Retrying in 7 seconds
2e0a85b874a8: Retrying in 6 seconds
2e0a85b874a8: Retrying in 5 seconds
2e0a85b874a8: Retrying in 4 seconds
2e0a85b874a8: Retrying in 3 seconds
2e0a85b874a8: Retrying in 2 seconds
2e0a85b874a8: Retrying in 1 second
69d50fafb089: Retrying in 15 seconds
69d50fafb089: Retrying in 14 seconds
69d50fafb089: Retrying in 13 seconds
69d50fafb089: Retrying in 12 seconds
69d50fafb089: Retrying in 11 seconds
69d50fafb089: Retrying in 10 seconds
69d50fafb089: Retrying in 9 seconds
69d50fafb089: Retrying in 8 seconds
69d50fafb089: Retrying in 7 seconds
69d50fafb089: Retrying in 6 seconds
69d50fafb089: Retrying in 5 seconds
69d50fafb089: Retrying in 4 seconds
69d50fafb089: Retrying in 3 seconds
69d50fafb089: Retrying in 2 seconds
69d50fafb089: Retrying in 1 second
69d50fafb089: Retrying in 20 seconds
69d50fafb089: Retrying in 19 seconds
69d50fafb089: Retrying in 18 seconds
69d50fafb089: Retrying in 17 seconds
69d50fafb089: Retrying in 16 seconds
69d50fafb089: Retrying in 15 seconds
69d50fafb089: Retrying in 14 seconds
69d50fafb089: Retrying in 13 seconds
69d50fafb089: Retrying in 12 seconds
69d50fafb089: Retrying in 11 seconds
69d50fafb089: Retrying in 10 seconds
69d50fafb089: Retrying in 9 seconds
69d50fafb089: Retrying in 8 seconds
69d50fafb089: Retrying in 7 seconds
69d50fafb089: Retrying in 6 seconds
69d50fafb089: Retrying in 5 seconds
69d50fafb089: Retrying in 4 seconds
69d50fafb089: Retrying in 3 seconds
69d50fafb089: Retrying in 2 seconds
69d50fafb089: Retrying in 1 second
47afd94d502a: Retrying in 5 seconds
47afd94d502a: Retrying in 4 seconds
47afd94d502a: Retrying in 3 seconds
47afd94d502a: Retrying in 2 seconds
47afd94d502a: Retrying in 1 second
2e0a85b874a8: Retrying in 20 seconds
2e0a85b874a8: Retrying in 19 seconds
2e0a85b874a8: Retrying in 18 seconds
2e0a85b874a8: Retrying in 17 seconds
2e0a85b874a8: Retrying in 16 seconds
2e0a85b874a8: Retrying in 15 seconds
2e0a85b874a8: Retrying in 14 seconds
2e0a85b874a8: Retrying in 13 seconds
2e0a85b874a8: Retrying in 12 seconds
2e0a85b874a8: Retrying in 11 seconds
2e0a85b874a8: Retrying in 10 seconds
2e0a85b874a8: Retrying in 9 seconds
2e0a85b874a8: Retrying in 8 seconds
2e0a85b874a8: Retrying in 7 seconds
2e0a85b874a8: Retrying in 6 seconds
2e0a85b874a8: Retrying in 5 seconds
2e0a85b874a8: Retrying in 4 seconds
2e0a85b874a8: Retrying in 3 seconds
2e0a85b874a8: Retrying in 2 seconds
2e0a85b874a8: Retrying in 1 second
2e0a85b874a8: Retrying in 25 seconds
2e0a85b874a8: Retrying in 24 seconds
2e0a85b874a8: Retrying in 23 seconds
2e0a85b874a8: Retrying in 22 seconds
2e0a85b874a8: Retrying in 21 seconds
2e0a85b874a8: Retrying in 20 seconds
2e0a85b874a8: Retrying in 19 seconds
2e0a85b874a8: Retrying in 18 seconds
2e0a85b874a8: Retrying in 17 seconds
2e0a85b874a8: Retrying in 16 seconds
2e0a85b874a8: Retrying in 15 seconds
2e0a85b874a8: Retrying in 14 seconds
2e0a85b874a8: Retrying in 13 seconds
2e0a85b874a8: Retrying in 12 seconds
2e0a85b874a8: Retrying in 11 seconds
2e0a85b874a8: Retrying in 10 seconds
2e0a85b874a8: Retrying in 9 seconds
2e0a85b874a8: Retrying in 8 seconds
2e0a85b874a8: Retrying in 7 seconds
2e0a85b874a8: Retrying in 6 seconds
2e0a85b874a8: Retrying in 5 seconds
2e0a85b874a8: Retrying in 4 seconds
2e0a85b874a8: Retrying in 3 seconds
2e0a85b874a8: Retrying in 2 seconds
2e0a85b874a8: Retrying in 1 second
69d50fafb089: Retrying in 25 seconds
69d50fafb089: Retrying in 24 seconds
69d50fafb089: Retrying in 23 seconds
69d50fafb089: Retrying in 22 seconds
69d50fafb089: Retrying in 21 seconds
69d50fafb089: Retrying in 20 seconds
69d50fafb089: Retrying in 19 seconds
69d50fafb089: Retrying in 18 seconds
69d50fafb089: Retrying in 17 seconds
69d50fafb089: Retrying in 16 seconds
69d50fafb089: Retrying in 15 seconds
69d50fafb089: Retrying in 14 seconds
69d50fafb089: Retrying in 13 seconds
69d50fafb089: Retrying in 12 seconds
69d50fafb089: Retrying in 11 seconds
69d50fafb089: Retrying in 10 seconds
69d50fafb089: Retrying in 9 seconds
69d50fafb089: Retrying in 8 seconds
69d50fafb089: Retrying in 7 seconds
69d50fafb089: Retrying in 6 seconds
69d50fafb089: Retrying in 5 seconds
69d50fafb089: Retrying in 4 seconds
69d50fafb089: Retrying in 3 seconds
69d50fafb089: Retrying in 2 seconds
69d50fafb089: Retrying in 1 second
336ecfaa2bd4: Verifying Checksum
336ecfaa2bd4: Download complete
b29f711b0304: Verifying Checksum
b29f711b0304: Download complete
47afd94d502a: Retrying in 10 seconds
47afd94d502a: Retrying in 9 seconds
47afd94d502a: Retrying in 8 seconds
47afd94d502a: Retrying in 7 seconds
47afd94d502a: Retrying in 6 seconds
47afd94d502a: Retrying in 5 seconds
47afd94d502a: Retrying in 4 seconds
47afd94d502a: Retrying in 3 seconds
47afd94d502a: Retrying in 2 seconds
47afd94d502a: Retrying in 1 second
47afd94d502a: Verifying Checksum
47afd94d502a: Download complete
ed3492da1519: Verifying Checksum
ed3492da1519: Download complete
6523fcecd1c2: Retrying in 5 seconds
6523fcecd1c2: Retrying in 4 seconds
6523fcecd1c2: Retrying in 3 seconds
6523fcecd1c2: Retrying in 2 seconds
6523fcecd1c2: Retrying in 1 second
4b00dff39708: Retrying in 5 seconds
4b00dff39708: Retrying in 4 seconds
4b00dff39708: Retrying in 3 seconds
4b00dff39708: Retrying in 2 seconds
4b00dff39708: Retrying in 1 second
c9949f37a3f6: Retrying in 5 seconds
c9949f37a3f6: Retrying in 4 seconds
c9949f37a3f6: Retrying in 3 seconds
c9949f37a3f6: Retrying in 2 seconds
c9949f37a3f6: Retrying in 1 second
c9949f37a3f6: Retrying in 10 seconds
c9949f37a3f6: Retrying in 9 seconds
c9949f37a3f6: Retrying in 8 seconds
c9949f37a3f6: Retrying in 7 seconds
c9949f37a3f6: Retrying in 6 seconds
c9949f37a3f6: Retrying in 5 seconds
c9949f37a3f6: Retrying in 4 seconds
c9949f37a3f6: Retrying in 3 seconds
c9949f37a3f6: Retrying in 2 seconds
c9949f37a3f6: Retrying in 1 second
c9949f37a3f6: Retrying in 15 seconds
c9949f37a3f6: Retrying in 14 seconds
c9949f37a3f6: Retrying in 13 seconds
c9949f37a3f6: Retrying in 12 seconds
c9949f37a3f6: Retrying in 11 seconds
c9949f37a3f6: Retrying in 10 seconds
c9949f37a3f6: Retrying in 9 seconds
c9949f37a3f6: Retrying in 8 seconds
c9949f37a3f6: Retrying in 7 seconds
c9949f37a3f6: Retrying in 6 seconds
c9949f37a3f6: Retrying in 5 seconds
c9949f37a3f6: Retrying in 4 seconds
c9949f37a3f6: Retrying in 3 seconds
c9949f37a3f6: Retrying in 2 seconds
c9949f37a3f6: Retrying in 1 second
6523fcecd1c2: Retrying in 10 seconds
6523fcecd1c2: Retrying in 9 seconds
6523fcecd1c2: Retrying in 8 seconds
6523fcecd1c2: Retrying in 7 seconds
6523fcecd1c2: Retrying in 6 seconds
6523fcecd1c2: Retrying in 5 seconds
6523fcecd1c2: Retrying in 4 seconds
6523fcecd1c2: Retrying in 3 seconds
6523fcecd1c2: Retrying in 2 seconds
6523fcecd1c2: Retrying in 1 second
4b00dff39708: Retrying in 10 seconds
4b00dff39708: Retrying in 9 seconds
4b00dff39708: Retrying in 8 seconds
4b00dff39708: Retrying in 7 seconds
4b00dff39708: Retrying in 6 seconds
4b00dff39708: Retrying in 5 seconds
4b00dff39708: Retrying in 4 seconds
4b00dff39708: Retrying in 3 seconds
4b00dff39708: Retrying in 2 seconds
4b00dff39708: Retrying in 1 second
c9949f37a3f6: Verifying Checksum
c9949f37a3f6: Download complete
0883eca5f46d: Verifying Checksum
4b00dff39708: Retrying in 15 seconds
6523fcecd1c2: Retrying in 15 seconds
6523fcecd1c2: Retrying in 14 seconds
4b00dff39708: Retrying in 14 seconds
6523fcecd1c2: Retrying in 13 seconds
4b00dff39708: Retrying in 13 seconds
4b00dff39708: Retrying in 12 seconds
6523fcecd1c2: Retrying in 12 seconds
6523fcecd1c2: Retrying in 11 seconds
4b00dff39708: Retrying in 11 seconds
4b00dff39708: Retrying in 10 seconds
6523fcecd1c2: Retrying in 10 seconds
4b00dff39708: Retrying in 9 seconds
6523fcecd1c2: Retrying in 9 seconds
6523fcecd1c2: Retrying in 8 seconds
4b00dff39708: Retrying in 8 seconds
6523fcecd1c2: Retrying in 7 seconds
4b00dff39708: Retrying in 7 seconds
6523fcecd1c2: Retrying in 6 seconds
4b00dff39708: Retrying in 6 seconds
6523fcecd1c2: Retrying in 5 seconds
4b00dff39708: Retrying in 5 seconds
6523fcecd1c2: Retrying in 4 seconds
4b00dff39708: Retrying in 4 seconds
6523fcecd1c2: Retrying in 3 seconds
4b00dff39708: Retrying in 3 seconds
6523fcecd1c2: Retrying in 2 seconds
4b00dff39708: Retrying in 2 seconds
4b00dff39708: Retrying in 1 second
6523fcecd1c2: Retrying in 1 second
6523fcecd1c2: Retrying in 20 seconds
6523fcecd1c2: Retrying in 19 seconds
6523fcecd1c2: Retrying in 18 seconds
6523fcecd1c2: Retrying in 17 seconds
6523fcecd1c2: Retrying in 16 seconds
6523fcecd1c2: Retrying in 15 seconds
6523fcecd1c2: Retrying in 14 seconds
6523fcecd1c2: Retrying in 13 seconds
6523fcecd1c2: Retrying in 12 seconds
4b00dff39708: Retrying in 20 seconds
6523fcecd1c2: Retrying in 11 seconds
4b00dff39708: Retrying in 19 seconds
6523fcecd1c2: Retrying in 10 seconds
4b00dff39708: Retrying in 18 seconds
6523fcecd1c2: Retrying in 9 seconds
4b00dff39708: Retrying in 17 seconds
6523fcecd1c2: Retrying in 8 seconds
4b00dff39708: Retrying in 16 seconds
6523fcecd1c2: Retrying in 7 seconds
4b00dff39708: Retrying in 15 seconds
6523fcecd1c2: Retrying in 6 seconds
4b00dff39708: Retrying in 14 seconds
6523fcecd1c2: Retrying in 5 seconds
4b00dff39708: Retrying in 13 seconds
6523fcecd1c2: Retrying in 4 seconds
4b00dff39708: Retrying in 12 seconds
6523fcecd1c2: Retrying in 3 seconds
4b00dff39708: Retrying in 11 seconds
6523fcecd1c2: Retrying in 2 seconds
4b00dff39708: Retrying in 10 seconds
6523fcecd1c2: Retrying in 1 second
4b00dff39708: Retrying in 9 seconds
4b00dff39708: Retrying in 8 seconds
4b00dff39708: Retrying in 7 seconds
4b00dff39708: Retrying in 6 seconds
4b00dff39708: Retrying in 5 seconds
4b00dff39708: Retrying in 4 seconds
4b00dff39708: Retrying in 3 seconds
4b00dff39708: Retrying in 2 seconds
4b00dff39708: Retrying in 1 second
6523fcecd1c2: Verifying Checksum
6523fcecd1c2: Download complete
4b00dff39708: Retrying in 25 seconds
4b00dff39708: Retrying in 24 seconds
4b00dff39708: Retrying in 23 seconds
4b00dff39708: Retrying in 22 seconds
4b00dff39708: Retrying in 21 seconds
4b00dff39708: Retrying in 20 seconds
4b00dff39708: Retrying in 19 seconds
4b00dff39708: Retrying in 18 seconds
4b00dff39708: Retrying in 17 seconds
4b00dff39708: Retrying in 16 seconds
4b00dff39708: Retrying in 15 seconds
4b00dff39708: Retrying in 14 seconds
4b00dff39708: Retrying in 13 seconds
4b00dff39708: Retrying in 12 seconds
4b00dff39708: Retrying in 11 seconds
4b00dff39708: Retrying in 10 seconds
4b00dff39708: Retrying in 9 seconds
4b00dff39708: Retrying in 8 seconds
4b00dff39708: Retrying in 7 seconds
4b00dff39708: Retrying in 6 seconds
4b00dff39708: Retrying in 5 seconds
4b00dff39708: Retrying in 4 seconds
4b00dff39708: Retrying in 3 seconds
4b00dff39708: Retrying in 2 seconds
4b00dff39708: Retrying in 1 second
0883eca5f46d: Download complete
Get "https://production.cloudflare.docker.com/registry-v2/docker/registry/v2/blobs/sha256/4b/4b00dff397081c5588ed1f736393c3e561ea54abfcf8aa5950f940a7dcc5d0d4/data?expires=1762540966&signature=NK8bOw%2BUTI2xb5XFwT%2FaTEYDKAM%3D&version=2": dial tcp 104.16.99.215:443: i/o timeout
[nightly] Pull failed, retrying in 30s...
