[system-cleanup] ==========================================
[system-cleanup] Docker & GPU Core Cleanup Script Started
[system-cleanup] Date: 2025-12-19 10:30:01 CST
[system-cleanup] Cleanup Docker images older than: 7 days
[system-cleanup] Cleanup GPU core dumps: ALL files
[system-cleanup] GPU core search directory: /mnt/raid/michael/sglang-ci
[system-cleanup] Critical space threshold: 200 GB
[system-cleanup] Dry run mode: false
[system-cleanup] ==========================================
[system-cleanup] Initial disk usage: 64% (152G free)
[system-cleanup] Initial free space: 152 GB
[system-cleanup] ❌ CRITICAL: Free space (152 GB) is below threshold (200 GB)!
[system-cleanup] ⚠️  Switching to AGGRESSIVE cleanup mode
[system-cleanup] Step 1: Removing stopped Docker containers...
[system-cleanup] Found 1 stopped container(s)
[system-cleanup] ✅ Removed stopped containers
[system-cleanup] ⚠️  Using aggressive cleanup: removing images older than 3 days
[system-cleanup] Step 2: Removing old sgl-dev images (older than 3 days)...
[system-cleanup] ✅ Removed: rocm/sgl-dev:v0.5.6.post2-rocm700-mi30x-20251216
[system-cleanup] Processed old sgl-dev images: 1 removed, 1 kept/skipped
[system-cleanup] Step 3: Removing dangling images and unused data...
[system-cleanup] ✅ Cleaned up dangling images
[system-cleanup] Step 4: Removing old GPU core dump files (gpucore.*)...
[system-cleanup] ⚠️  Using aggressive cleanup: removing ALL GPU core dumps
[system-cleanup] Found 10 GPU core dump file(s) (total: ~799 GB)
[system-cleanup] ✅ Removed: gpucore.524
[system-cleanup] ✅ Removed: gpucore.530
[system-cleanup] ✅ Removed: gpucore.221
[system-cleanup] ✅ Removed: gpucore.526
[system-cleanup] ✅ Removed: gpucore.531
[system-cleanup] ✅ Removed: gpucore.528
[system-cleanup] ✅ Removed: gpucore.20526
[system-cleanup] ✅ Removed: gpucore.224
[system-cleanup] ✅ Removed: gpucore.225
[system-cleanup] ✅ Removed: gpucore.525
[system-cleanup] ✅ Removed 10 GPU core dump file(s), freed ~799 GB
[system-cleanup] ⚠️  Additional cleanup needed - Free: 152 GB, Usage: 64%
[system-cleanup] Removing all unused Docker images older than 3 days...
[system-cleanup] ✅ Pruned additional images: Total reclaimed space: 0B
[system-cleanup] ❌ WARNING: Space still critically low after cleanup (152 GB free)
[system-cleanup] ==========================================
[system-cleanup] ✅ Docker Cleanup Complete
[system-cleanup] Initial disk usage: 64% (152G free) (152 GB free)
[system-cleanup] Final disk usage: 64% (152G free) (152 GB free)
[system-cleanup] Space freed: 0 GB
[system-cleanup] Date: 2025-12-19 10:30:17 CST
[system-cleanup] ==========================================
[system-cleanup] Docker disk usage summary:
TYPE            TOTAL     ACTIVE    SIZE      RECLAIMABLE
Images          2         1         55.36GB   55.34GB (99%)
Containers      1         1         0B        0B
Local Volumes   4         0         0B        0B
Build Cache     0         0         0B        0B
[system-cleanup] ⚠️  Cleanup completed but space is still below threshold
