[nightly] ==========================================
[nightly] SGL Nightly Benchmark Started
[nightly] ==========================================
[nightly] Command: scripts/perf_nightly.sh --mode=sanity --hardware=mi35x --sanity-trials=3 --teams-webhook-url=https://prod-99.westus.logic.azure.com/workflows/44b23afb37e74288b6b006c60bbe65b2/triggers/manual/paths/invoke?api-version=2016-06-01&sp=%2Ftriggers%2Fmanual%2Frun&sv=1.0&sig=ucbP9AJ9WeZtxe95Wmi8TfLUjiEo0AZSZP4Y_cNgWS0
[nightly] Start time: 2025-11-12 11:39:52 PST
[nightly] Machine: smci355-ccs-aus-m12-33
[nightly] Working directory: /mnt/raid/michael/sglang-ci
[nightly] Script location: /mnt/raid/michael/sglang-ci/scripts/perf_nightly.sh
[nightly] Process ID: 871642
[nightly] ==========================================

[nightly] Runtime Environment:
[nightly] User: michaezh | Groups: michaezh sudo video... | Docker: /usr/bin/docker
[nightly] Testing Docker daemon access...
[nightly] Docker daemon accessible - proceeding...
[nightly] Teams webhook URL provided via command line - notifications enabled
[nightly] Will run 3 trials per model for sanity check
[nightly] Hardware: mi35x, ROCM Version: rocm700
[nightly] Mode is 'sanity', setting model to 'sanity' as well
[nightly] Model: sanity, Mode(s): sanity
[nightly] Created process lock: /tmp/perf_nightly_sanity.lock
[nightly] GPU is busy. Attempting to stop running Docker containers...
[nightly] Stopping running containers: 681b58605fcb
[nightly] Waiting 15s for GPU to become idle...
[nightly] WARN: GPU may still be busy, but proceeding as requested.
[nightly] Searching for non-SRT images for sanity for the last 1 days...
[nightly] Searching for non-SRT mi35x image (rocm700) in 'rocm/sgl-dev' for date 20251112...
[nightly] Found candidate tag for day -0: v0.5.5.post2-rocm700-mi35x-20251112
[nightly] Found local image: rocm/sgl-dev:v0.5.5.post2-rocm700-mi35x-20251112
[nightly] Successfully obtained image for date 20251112: rocm/sgl-dev:v0.5.5.post2-rocm700-mi35x-20251112
[nightly] Found 1 valid image(s) to run benchmarks on:
[nightly]   - rocm/sgl-dev:v0.5.5.post2-rocm700-mi35x-20251112

[nightly] ==========================================
[nightly] Starting benchmarks for image: rocm/sgl-dev:v0.5.5.post2-rocm700-mi35x-20251112
[nightly] ==========================================
[nightly] Checking GPU status before starting benchmarks for rocm/sgl-dev:v0.5.5.post2-rocm700-mi35x-20251112...
[nightly] GPU is busy. Attempting to stop running Docker containers...
[nightly] Stopping running containers: 0d5645d8d2f3
[nightly] Waiting 15s for GPU to become idle...
[nightly] WARN: GPU may still be busy, but proceeding as requested.
[nightly] INFO: No completion check defined for mode 'sanity'. Assuming not complete.
[nightly] Using Docker image: rocm/sgl-dev:v0.5.5.post2-rocm700-mi35x-20251112
[nightly] Container name: sgl-dev_v0.5.5.post2-rocm700-mi35x-20251112
[nightly] Creating container sgl-dev_v0.5.5.post2-rocm700-mi35x-20251112
42c97d025a343f1dcbc28cf3d28c0995208f5a32b9774881a4ca304a6a6ae5c1
[nightly] No custom model path provided. Using default model path from benchmark script for sanity model.
[nightly] === Starting benchmark execution ===
[nightly] === Starting nightly SANITY sanity benchmark ===
[nightly] Launching sanity check inside sgl-dev_v0.5.5.post2-rocm700-mi35x-20251112
[nightly] Executing: python3 '/mnt/raid/michael/sglang-ci/test/sanity_check.py' --docker-image='rocm/sgl-dev:v0.5.5.post2-rocm700-mi35x-20251112' --hardware='mi35x' --trials=3 --log-dir='/mnt/raid/michael/sglang-ci/test/sanity_check_log/mi35x'
[nightly] === Sanity check failed (exit code: 137) ===
[nightly] Sending Teams notification for sanity check results...
OCI runtime exec failed: exec failed: unable to start container process: error executing setns process: exit status 1: unknown
[nightly] WARN: Teams notification failed for sanity check (exit code: 128)
[nightly] === Starting post-processing (CSV processing, plot generation, Teams notifications) ===
[nightly] === Sanity post-processing completed for SANITY ===
[nightly] ==========================================
[nightly] Completed benchmarks for image: rocm/sgl-dev:v0.5.5.post2-rocm700-mi35x-20251112
[nightly] Stopping container sgl-dev_v0.5.5.post2-rocm700-mi35x-20251112 to release resources...
[nightly] ==========================================
[nightly] ==========================================
[nightly] All benchmarks completed for 1 image(s)
[nightly] ==========================================
[nightly] Cleaning up process lock...
