[nightly] ==========================================
[nightly] SGL Nightly Benchmark Started
[nightly] ==========================================
[nightly] Command: scripts/perf_nightly.sh --mode=sanity --hardware=mi30x --sanity-trials=3 --teams-webhook-url=https://default3dd8961fe4884e608e11a82d994e18.3d.environment.api.powerplatform.com:443/powerautomate/automations/direct/workflows/2115793fe51a4371bcedd8ff67ff0418/triggers/manual/paths/invoke?api-version=1&sp=%2Ftriggers%2Fmanual%2Frun&sv=1.0&sig=hzr6aH40CKrySSK64uAnsmVIR8ynAkIRTH65z-wqxNA
[nightly] Start time: 2025-11-06 08:40:01 PST
[nightly] Machine: dell300x-pla-t10-23
[nightly] Working directory: /mnt/raid/michael/sglang-ci
[nightly] Script location: /mnt/raid/michael/sglang-ci/scripts/perf_nightly.sh
[nightly] Process ID: 3067622
[nightly] ==========================================

[nightly] Runtime Environment:
[nightly] User: amd | Groups: amd video users... | Docker: /usr/bin/docker
[nightly] Testing Docker daemon access...
[nightly] Docker daemon accessible - proceeding...
[nightly] Teams webhook URL provided via command line - notifications enabled
[nightly] Will run 3 trials per model for sanity check
[nightly] Using rocm700 for sanity check on mi30x hardware (improved FP8 accuracy)
[nightly] Hardware: mi30x, ROCM Version: rocm700
[nightly] Mode is 'sanity', setting model to 'sanity' as well
[nightly] Model: sanity, Mode(s): sanity
[nightly] Created process lock: /tmp/perf_nightly_sanity.lock
[nightly] GPU is busy. Attempting to stop running Docker containers...
[nightly] Stopping running containers: f85e08362e50
40effab376ee
3e78b26d21ea
26e9a6886dd4
[nightly] Waiting 15s for GPU to become idle...
[nightly] WARN: GPU may still be busy, but proceeding as requested.
[nightly] Searching for non-SRT images for sanity for the last 1 days...
[nightly] Searching for non-SRT mi30x image in 'rocm/sgl-dev' for date 20251106...
[nightly] No image found for today. Checking yesterday as a fallback...
[nightly] Searching for non-SRT mi30x image in 'rocm/sgl-dev' for date 20251105...
[nightly] Fallback found candidate tag: v0.5.4.post3-rocm700-mi30x-20251105
[nightly] Found local image: rocm/sgl-dev:v0.5.4.post3-rocm700-mi30x-20251105
[nightly] Successfully obtained fallback image for date 20251105: rocm/sgl-dev:v0.5.4.post3-rocm700-mi30x-20251105
[nightly] Found 1 valid image(s) to run benchmarks on:
[nightly]   - rocm/sgl-dev:v0.5.4.post3-rocm700-mi30x-20251105

[nightly] ==========================================
[nightly] Starting benchmarks for image: rocm/sgl-dev:v0.5.4.post3-rocm700-mi30x-20251105
[nightly] ==========================================
[nightly] Checking GPU status before starting benchmarks for rocm/sgl-dev:v0.5.4.post3-rocm700-mi30x-20251105...
[nightly] GPU is busy. Attempting to stop running Docker containers...
[nightly] Stopping running containers: 06c338876224
[nightly] Waiting 15s for GPU to become idle...
[nightly] WARN: GPU may still be busy, but proceeding as requested.
[nightly] INFO: No completion check defined for mode 'sanity'. Assuming not complete.
[nightly] Using Docker image: rocm/sgl-dev:v0.5.4.post3-rocm700-mi30x-20251105
[nightly] Container name: sgl-dev_v0.5.4.post3-rocm700-mi30x-20251105
[nightly] Reusing container sgl-dev_v0.5.4.post3-rocm700-mi30x-20251105
[nightly] No custom model path provided. Using default model path from benchmark script for sanity model.
[nightly] === Starting benchmark execution ===
[nightly] === Starting nightly SANITY sanity benchmark ===
[nightly] Launching sanity check inside sgl-dev_v0.5.4.post3-rocm700-mi30x-20251105
[nightly] Executing: python3 '/mnt/raid/michael/sglang-ci/test/sanity_check.py' --docker-image='rocm/sgl-dev:v0.5.4.post3-rocm700-mi30x-20251105' --hardware='mi30x' --trials=3 --log-dir='/mnt/raid/michael/sglang-ci/test/sanity_check_log/mi30x'
